[logfiles]
ParallelRoot : messages.log00 
top : messages.log1762 
apartment : messages.log01 
apartment(0,0) : messages.log02 
apartment(0,1) : messages.log03 
apartment(0,2) : messages.log04 
apartment(0,3) : messages.log05 
apartment(0,4) : messages.log06 
apartment(0,5) : messages.log07 
apartment(0,6) : messages.log08 
apartment(0,7) : messages.log09 
apartment(0,8) : messages.log10 
apartment(0,9) : messages.log11 
apartment(0,10) : messages.log12 
apartment(0,11) : messages.log13 
apartment(0,12) : messages.log14 
apartment(0,13) : messages.log15 
apartment(0,14) : messages.log16 
apartment(0,15) : messages.log17 
apartment(0,16) : messages.log18 
apartment(0,17) : messages.log19 
apartment(0,18) : messages.log20 
apartment(0,19) : messages.log21 
apartment(0,20) : messages.log22 
apartment(0,21) : messages.log23 
apartment(0,22) : messages.log24 
apartment(0,23) : messages.log25 
apartment(0,24) : messages.log26 
apartment(0,25) : messages.log27 
apartment(0,26) : messages.log28 
apartment(0,27) : messages.log29 
apartment(0,28) : messages.log30 
apartment(0,29) : messages.log31 
apartment(0,30) : messages.log32 
apartment(0,31) : messages.log33 
apartment(0,32) : messages.log34 
apartment(0,33) : messages.log35 
apartment(0,34) : messages.log36 
apartment(0,35) : messages.log37 
apartment(0,36) : messages.log38 
apartment(0,37) : messages.log39 
apartment(0,38) : messages.log40 
apartment(0,39) : messages.log41 
apartment(1,0) : messages.log42 
apartment(1,1) : messages.log43 
apartment(1,2) : messages.log44 
apartment(1,3) : messages.log45 
apartment(1,4) : messages.log46 
apartment(1,5) : messages.log47 
apartment(1,6) : messages.log48 
apartment(1,7) : messages.log49 
apartment(1,8) : messages.log50 
apartment(1,9) : messages.log51 
apartment(1,10) : messages.log52 
apartment(1,11) : messages.log53 
apartment(1,12) : messages.log54 
apartment(1,13) : messages.log55 
apartment(1,14) : messages.log56 
apartment(1,15) : messages.log57 
apartment(1,16) : messages.log58 
apartment(1,17) : messages.log59 
apartment(1,18) : messages.log60 
apartment(1,19) : messages.log61 
apartment(1,20) : messages.log62 
apartment(1,21) : messages.log63 
apartment(1,22) : messages.log64 
apartment(1,23) : messages.log65 
apartment(1,24) : messages.log66 
apartment(1,25) : messages.log67 
apartment(1,26) : messages.log68 
apartment(1,27) : messages.log69 
apartment(1,28) : messages.log70 
apartment(1,29) : messages.log71 
apartment(1,30) : messages.log72 
apartment(1,31) : messages.log73 
apartment(1,32) : messages.log74 
apartment(1,33) : messages.log75 
apartment(1,34) : messages.log76 
apartment(1,35) : messages.log77 
apartment(1,36) : messages.log78 
apartment(1,37) : messages.log79 
apartment(1,38) : messages.log80 
apartment(1,39) : messages.log81 
apartment(2,0) : messages.log82 
apartment(2,1) : messages.log83 
apartment(2,2) : messages.log84 
apartment(2,3) : messages.log85 
apartment(2,4) : messages.log86 
apartment(2,5) : messages.log87 
apartment(2,6) : messages.log88 
apartment(2,7) : messages.log89 
apartment(2,8) : messages.log90 
apartment(2,9) : messages.log91 
apartment(2,10) : messages.log92 
apartment(2,11) : messages.log93 
apartment(2,12) : messages.log94 
apartment(2,13) : messages.log95 
apartment(2,14) : messages.log96 
apartment(2,15) : messages.log97 
apartment(2,16) : messages.log98 
apartment(2,17) : messages.log99 
apartment(2,18) : messages.log100 
apartment(2,19) : messages.log101 
apartment(2,20) : messages.log102 
apartment(2,21) : messages.log103 
apartment(2,22) : messages.log104 
apartment(2,23) : messages.log105 
apartment(2,24) : messages.log106 
apartment(2,25) : messages.log107 
apartment(2,26) : messages.log108 
apartment(2,27) : messages.log109 
apartment(2,28) : messages.log110 
apartment(2,29) : messages.log111 
apartment(2,30) : messages.log112 
apartment(2,31) : messages.log113 
apartment(2,32) : messages.log114 
apartment(2,33) : messages.log115 
apartment(2,34) : messages.log116 
apartment(2,35) : messages.log117 
apartment(2,36) : messages.log118 
apartment(2,37) : messages.log119 
apartment(2,38) : messages.log120 
apartment(2,39) : messages.log121 
apartment(3,0) : messages.log122 
apartment(3,1) : messages.log123 
apartment(3,2) : messages.log124 
apartment(3,3) : messages.log125 
apartment(3,4) : messages.log126 
apartment(3,5) : messages.log127 
apartment(3,6) : messages.log128 
apartment(3,7) : messages.log129 
apartment(3,8) : messages.log130 
apartment(3,9) : messages.log131 
apartment(3,10) : messages.log132 
apartment(3,11) : messages.log133 
apartment(3,12) : messages.log134 
apartment(3,13) : messages.log135 
apartment(3,14) : messages.log136 
apartment(3,15) : messages.log137 
apartment(3,16) : messages.log138 
apartment(3,17) : messages.log139 
apartment(3,18) : messages.log140 
apartment(3,19) : messages.log141 
apartment(3,20) : messages.log142 
apartment(3,21) : messages.log143 
apartment(3,22) : messages.log144 
apartment(3,23) : messages.log145 
apartment(3,24) : messages.log146 
apartment(3,25) : messages.log147 
apartment(3,26) : messages.log148 
apartment(3,27) : messages.log149 
apartment(3,28) : messages.log150 
apartment(3,29) : messages.log151 
apartment(3,30) : messages.log152 
apartment(3,31) : messages.log153 
apartment(3,32) : messages.log154 
apartment(3,33) : messages.log155 
apartment(3,34) : messages.log156 
apartment(3,35) : messages.log157 
apartment(3,36) : messages.log158 
apartment(3,37) : messages.log159 
apartment(3,38) : messages.log160 
apartment(3,39) : messages.log161 
apartment(4,0) : messages.log162 
apartment(4,1) : messages.log163 
apartment(4,2) : messages.log164 
apartment(4,3) : messages.log165 
apartment(4,4) : messages.log166 
apartment(4,5) : messages.log167 
apartment(4,6) : messages.log168 
apartment(4,7) : messages.log169 
apartment(4,8) : messages.log170 
apartment(4,9) : messages.log171 
apartment(4,10) : messages.log172 
apartment(4,11) : messages.log173 
apartment(4,12) : messages.log174 
apartment(4,13) : messages.log175 
apartment(4,14) : messages.log176 
apartment(4,15) : messages.log177 
apartment(4,16) : messages.log178 
apartment(4,17) : messages.log179 
apartment(4,18) : messages.log180 
apartment(4,19) : messages.log181 
apartment(4,20) : messages.log182 
apartment(4,21) : messages.log183 
apartment(4,22) : messages.log184 
apartment(4,23) : messages.log185 
apartment(4,24) : messages.log186 
apartment(4,25) : messages.log187 
apartment(4,26) : messages.log188 
apartment(4,27) : messages.log189 
apartment(4,28) : messages.log190 
apartment(4,29) : messages.log191 
apartment(4,30) : messages.log192 
apartment(4,31) : messages.log193 
apartment(4,32) : messages.log194 
apartment(4,33) : messages.log195 
apartment(4,34) : messages.log196 
apartment(4,35) : messages.log197 
apartment(4,36) : messages.log198 
apartment(4,37) : messages.log199 
apartment(4,38) : messages.log200 
apartment(4,39) : messages.log201 
apartment(5,0) : messages.log202 
apartment(5,1) : messages.log203 
apartment(5,2) : messages.log204 
apartment(5,3) : messages.log205 
apartment(5,4) : messages.log206 
apartment(5,5) : messages.log207 
apartment(5,6) : messages.log208 
apartment(5,7) : messages.log209 
apartment(5,8) : messages.log210 
apartment(5,9) : messages.log211 
apartment(5,10) : messages.log212 
apartment(5,11) : messages.log213 
apartment(5,12) : messages.log214 
apartment(5,13) : messages.log215 
apartment(5,14) : messages.log216 
apartment(5,15) : messages.log217 
apartment(5,16) : messages.log218 
apartment(5,17) : messages.log219 
apartment(5,18) : messages.log220 
apartment(5,19) : messages.log221 
apartment(5,20) : messages.log222 
apartment(5,21) : messages.log223 
apartment(5,22) : messages.log224 
apartment(5,23) : messages.log225 
apartment(5,24) : messages.log226 
apartment(5,25) : messages.log227 
apartment(5,26) : messages.log228 
apartment(5,27) : messages.log229 
apartment(5,28) : messages.log230 
apartment(5,29) : messages.log231 
apartment(5,30) : messages.log232 
apartment(5,31) : messages.log233 
apartment(5,32) : messages.log234 
apartment(5,33) : messages.log235 
apartment(5,34) : messages.log236 
apartment(5,35) : messages.log237 
apartment(5,36) : messages.log238 
apartment(5,37) : messages.log239 
apartment(5,38) : messages.log240 
apartment(5,39) : messages.log241 
apartment(6,0) : messages.log242 
apartment(6,1) : messages.log243 
apartment(6,2) : messages.log244 
apartment(6,3) : messages.log245 
apartment(6,4) : messages.log246 
apartment(6,5) : messages.log247 
apartment(6,6) : messages.log248 
apartment(6,7) : messages.log249 
apartment(6,8) : messages.log250 
apartment(6,9) : messages.log251 
apartment(6,10) : messages.log252 
apartment(6,11) : messages.log253 
apartment(6,12) : messages.log254 
apartment(6,13) : messages.log255 
apartment(6,14) : messages.log256 
apartment(6,15) : messages.log257 
apartment(6,16) : messages.log258 
apartment(6,17) : messages.log259 
apartment(6,18) : messages.log260 
apartment(6,19) : messages.log261 
apartment(6,20) : messages.log262 
apartment(6,21) : messages.log263 
apartment(6,22) : messages.log264 
apartment(6,23) : messages.log265 
apartment(6,24) : messages.log266 
apartment(6,25) : messages.log267 
apartment(6,26) : messages.log268 
apartment(6,27) : messages.log269 
apartment(6,28) : messages.log270 
apartment(6,29) : messages.log271 
apartment(6,30) : messages.log272 
apartment(6,31) : messages.log273 
apartment(6,32) : messages.log274 
apartment(6,33) : messages.log275 
apartment(6,34) : messages.log276 
apartment(6,35) : messages.log277 
apartment(6,36) : messages.log278 
apartment(6,37) : messages.log279 
apartment(6,38) : messages.log280 
apartment(6,39) : messages.log281 
apartment(7,0) : messages.log282 
apartment(7,1) : messages.log283 
apartment(7,2) : messages.log284 
apartment(7,3) : messages.log285 
apartment(7,4) : messages.log286 
apartment(7,5) : messages.log287 
apartment(7,6) : messages.log288 
apartment(7,7) : messages.log289 
apartment(7,8) : messages.log290 
apartment(7,9) : messages.log291 
apartment(7,10) : messages.log292 
apartment(7,11) : messages.log293 
apartment(7,12) : messages.log294 
apartment(7,13) : messages.log295 
apartment(7,14) : messages.log296 
apartment(7,15) : messages.log297 
apartment(7,16) : messages.log298 
apartment(7,17) : messages.log299 
apartment(7,18) : messages.log300 
apartment(7,19) : messages.log301 
apartment(7,20) : messages.log302 
apartment(7,21) : messages.log303 
apartment(7,22) : messages.log304 
apartment(7,23) : messages.log305 
apartment(7,24) : messages.log306 
apartment(7,25) : messages.log307 
apartment(7,26) : messages.log308 
apartment(7,27) : messages.log309 
apartment(7,28) : messages.log310 
apartment(7,29) : messages.log311 
apartment(7,30) : messages.log312 
apartment(7,31) : messages.log313 
apartment(7,32) : messages.log314 
apartment(7,33) : messages.log315 
apartment(7,34) : messages.log316 
apartment(7,35) : messages.log317 
apartment(7,36) : messages.log318 
apartment(7,37) : messages.log319 
apartment(7,38) : messages.log320 
apartment(7,39) : messages.log321 
apartment(8,0) : messages.log322 
apartment(8,1) : messages.log323 
apartment(8,2) : messages.log324 
apartment(8,3) : messages.log325 
apartment(8,4) : messages.log326 
apartment(8,5) : messages.log327 
apartment(8,6) : messages.log328 
apartment(8,7) : messages.log329 
apartment(8,8) : messages.log330 
apartment(8,9) : messages.log331 
apartment(8,10) : messages.log332 
apartment(8,11) : messages.log333 
apartment(8,12) : messages.log334 
apartment(8,13) : messages.log335 
apartment(8,14) : messages.log336 
apartment(8,15) : messages.log337 
apartment(8,16) : messages.log338 
apartment(8,17) : messages.log339 
apartment(8,18) : messages.log340 
apartment(8,19) : messages.log341 
apartment(8,20) : messages.log342 
apartment(8,21) : messages.log343 
apartment(8,22) : messages.log344 
apartment(8,23) : messages.log345 
apartment(8,24) : messages.log346 
apartment(8,25) : messages.log347 
apartment(8,26) : messages.log348 
apartment(8,27) : messages.log349 
apartment(8,28) : messages.log350 
apartment(8,29) : messages.log351 
apartment(8,30) : messages.log352 
apartment(8,31) : messages.log353 
apartment(8,32) : messages.log354 
apartment(8,33) : messages.log355 
apartment(8,34) : messages.log356 
apartment(8,35) : messages.log357 
apartment(8,36) : messages.log358 
apartment(8,37) : messages.log359 
apartment(8,38) : messages.log360 
apartment(8,39) : messages.log361 
apartment(9,0) : messages.log362 
apartment(9,1) : messages.log363 
apartment(9,2) : messages.log364 
apartment(9,3) : messages.log365 
apartment(9,4) : messages.log366 
apartment(9,5) : messages.log367 
apartment(9,6) : messages.log368 
apartment(9,7) : messages.log369 
apartment(9,8) : messages.log370 
apartment(9,9) : messages.log371 
apartment(9,10) : messages.log372 
apartment(9,11) : messages.log373 
apartment(9,12) : messages.log374 
apartment(9,13) : messages.log375 
apartment(9,14) : messages.log376 
apartment(9,15) : messages.log377 
apartment(9,16) : messages.log378 
apartment(9,17) : messages.log379 
apartment(9,18) : messages.log380 
apartment(9,19) : messages.log381 
apartment(9,20) : messages.log382 
apartment(9,21) : messages.log383 
apartment(9,22) : messages.log384 
apartment(9,23) : messages.log385 
apartment(9,24) : messages.log386 
apartment(9,25) : messages.log387 
apartment(9,26) : messages.log388 
apartment(9,27) : messages.log389 
apartment(9,28) : messages.log390 
apartment(9,29) : messages.log391 
apartment(9,30) : messages.log392 
apartment(9,31) : messages.log393 
apartment(9,32) : messages.log394 
apartment(9,33) : messages.log395 
apartment(9,34) : messages.log396 
apartment(9,35) : messages.log397 
apartment(9,36) : messages.log398 
apartment(9,37) : messages.log399 
apartment(9,38) : messages.log400 
apartment(9,39) : messages.log401 
apartment(10,0) : messages.log402 
apartment(10,1) : messages.log403 
apartment(10,2) : messages.log404 
apartment(10,3) : messages.log405 
apartment(10,4) : messages.log406 
apartment(10,5) : messages.log407 
apartment(10,6) : messages.log408 
apartment(10,7) : messages.log409 
apartment(10,8) : messages.log410 
apartment(10,9) : messages.log411 
apartment(10,10) : messages.log412 
apartment(10,11) : messages.log413 
apartment(10,12) : messages.log414 
apartment(10,13) : messages.log415 
apartment(10,14) : messages.log416 
apartment(10,15) : messages.log417 
apartment(10,16) : messages.log418 
apartment(10,17) : messages.log419 
apartment(10,18) : messages.log420 
apartment(10,19) : messages.log421 
apartment(10,20) : messages.log422 
apartment(10,21) : messages.log423 
apartment(10,22) : messages.log424 
apartment(10,23) : messages.log425 
apartment(10,24) : messages.log426 
apartment(10,25) : messages.log427 
apartment(10,26) : messages.log428 
apartment(10,27) : messages.log429 
apartment(10,28) : messages.log430 
apartment(10,29) : messages.log431 
apartment(10,30) : messages.log432 
apartment(10,31) : messages.log433 
apartment(10,32) : messages.log434 
apartment(10,33) : messages.log435 
apartment(10,34) : messages.log436 
apartment(10,35) : messages.log437 
apartment(10,36) : messages.log438 
apartment(10,37) : messages.log439 
apartment(10,38) : messages.log440 
apartment(10,39) : messages.log441 
apartment(11,0) : messages.log442 
apartment(11,1) : messages.log443 
apartment(11,2) : messages.log444 
apartment(11,3) : messages.log445 
apartment(11,4) : messages.log446 
apartment(11,5) : messages.log447 
apartment(11,6) : messages.log448 
apartment(11,7) : messages.log449 
apartment(11,8) : messages.log450 
apartment(11,9) : messages.log451 
apartment(11,10) : messages.log452 
apartment(11,11) : messages.log453 
apartment(11,12) : messages.log454 
apartment(11,13) : messages.log455 
apartment(11,14) : messages.log456 
apartment(11,15) : messages.log457 
apartment(11,16) : messages.log458 
apartment(11,17) : messages.log459 
apartment(11,18) : messages.log460 
apartment(11,19) : messages.log461 
apartment(11,20) : messages.log462 
apartment(11,21) : messages.log463 
apartment(11,22) : messages.log464 
apartment(11,23) : messages.log465 
apartment(11,24) : messages.log466 
apartment(11,25) : messages.log467 
apartment(11,26) : messages.log468 
apartment(11,27) : messages.log469 
apartment(11,28) : messages.log470 
apartment(11,29) : messages.log471 
apartment(11,30) : messages.log472 
apartment(11,31) : messages.log473 
apartment(11,32) : messages.log474 
apartment(11,33) : messages.log475 
apartment(11,34) : messages.log476 
apartment(11,35) : messages.log477 
apartment(11,36) : messages.log478 
apartment(11,37) : messages.log479 
apartment(11,38) : messages.log480 
apartment(11,39) : messages.log481 
apartment(12,0) : messages.log482 
apartment(12,1) : messages.log483 
apartment(12,2) : messages.log484 
apartment(12,3) : messages.log485 
apartment(12,4) : messages.log486 
apartment(12,5) : messages.log487 
apartment(12,6) : messages.log488 
apartment(12,7) : messages.log489 
apartment(12,8) : messages.log490 
apartment(12,9) : messages.log491 
apartment(12,10) : messages.log492 
apartment(12,11) : messages.log493 
apartment(12,12) : messages.log494 
apartment(12,13) : messages.log495 
apartment(12,14) : messages.log496 
apartment(12,15) : messages.log497 
apartment(12,16) : messages.log498 
apartment(12,17) : messages.log499 
apartment(12,18) : messages.log500 
apartment(12,19) : messages.log501 
apartment(12,20) : messages.log502 
apartment(12,21) : messages.log503 
apartment(12,22) : messages.log504 
apartment(12,23) : messages.log505 
apartment(12,24) : messages.log506 
apartment(12,25) : messages.log507 
apartment(12,26) : messages.log508 
apartment(12,27) : messages.log509 
apartment(12,28) : messages.log510 
apartment(12,29) : messages.log511 
apartment(12,30) : messages.log512 
apartment(12,31) : messages.log513 
apartment(12,32) : messages.log514 
apartment(12,33) : messages.log515 
apartment(12,34) : messages.log516 
apartment(12,35) : messages.log517 
apartment(12,36) : messages.log518 
apartment(12,37) : messages.log519 
apartment(12,38) : messages.log520 
apartment(12,39) : messages.log521 
apartment(13,0) : messages.log522 
apartment(13,1) : messages.log523 
apartment(13,2) : messages.log524 
apartment(13,3) : messages.log525 
apartment(13,4) : messages.log526 
apartment(13,5) : messages.log527 
apartment(13,6) : messages.log528 
apartment(13,7) : messages.log529 
apartment(13,8) : messages.log530 
apartment(13,9) : messages.log531 
apartment(13,10) : messages.log532 
apartment(13,11) : messages.log533 
apartment(13,12) : messages.log534 
apartment(13,13) : messages.log535 
apartment(13,14) : messages.log536 
apartment(13,15) : messages.log537 
apartment(13,16) : messages.log538 
apartment(13,17) : messages.log539 
apartment(13,18) : messages.log540 
apartment(13,19) : messages.log541 
apartment(13,20) : messages.log542 
apartment(13,21) : messages.log543 
apartment(13,22) : messages.log544 
apartment(13,23) : messages.log545 
apartment(13,24) : messages.log546 
apartment(13,25) : messages.log547 
apartment(13,26) : messages.log548 
apartment(13,27) : messages.log549 
apartment(13,28) : messages.log550 
apartment(13,29) : messages.log551 
apartment(13,30) : messages.log552 
apartment(13,31) : messages.log553 
apartment(13,32) : messages.log554 
apartment(13,33) : messages.log555 
apartment(13,34) : messages.log556 
apartment(13,35) : messages.log557 
apartment(13,36) : messages.log558 
apartment(13,37) : messages.log559 
apartment(13,38) : messages.log560 
apartment(13,39) : messages.log561 
apartment(14,0) : messages.log562 
apartment(14,1) : messages.log563 
apartment(14,2) : messages.log564 
apartment(14,3) : messages.log565 
apartment(14,4) : messages.log566 
apartment(14,5) : messages.log567 
apartment(14,6) : messages.log568 
apartment(14,7) : messages.log569 
apartment(14,8) : messages.log570 
apartment(14,9) : messages.log571 
apartment(14,10) : messages.log572 
apartment(14,11) : messages.log573 
apartment(14,12) : messages.log574 
apartment(14,13) : messages.log575 
apartment(14,14) : messages.log576 
apartment(14,15) : messages.log577 
apartment(14,16) : messages.log578 
apartment(14,17) : messages.log579 
apartment(14,18) : messages.log580 
apartment(14,19) : messages.log581 
apartment(14,20) : messages.log582 
apartment(14,21) : messages.log583 
apartment(14,22) : messages.log584 
apartment(14,23) : messages.log585 
apartment(14,24) : messages.log586 
apartment(14,25) : messages.log587 
apartment(14,26) : messages.log588 
apartment(14,27) : messages.log589 
apartment(14,28) : messages.log590 
apartment(14,29) : messages.log591 
apartment(14,30) : messages.log592 
apartment(14,31) : messages.log593 
apartment(14,32) : messages.log594 
apartment(14,33) : messages.log595 
apartment(14,34) : messages.log596 
apartment(14,35) : messages.log597 
apartment(14,36) : messages.log598 
apartment(14,37) : messages.log599 
apartment(14,38) : messages.log600 
apartment(14,39) : messages.log601 
apartment(15,0) : messages.log602 
apartment(15,1) : messages.log603 
apartment(15,2) : messages.log604 
apartment(15,3) : messages.log605 
apartment(15,4) : messages.log606 
apartment(15,5) : messages.log607 
apartment(15,6) : messages.log608 
apartment(15,7) : messages.log609 
apartment(15,8) : messages.log610 
apartment(15,9) : messages.log611 
apartment(15,10) : messages.log612 
apartment(15,11) : messages.log613 
apartment(15,12) : messages.log614 
apartment(15,13) : messages.log615 
apartment(15,14) : messages.log616 
apartment(15,15) : messages.log617 
apartment(15,16) : messages.log618 
apartment(15,17) : messages.log619 
apartment(15,18) : messages.log620 
apartment(15,19) : messages.log621 
apartment(15,20) : messages.log622 
apartment(15,21) : messages.log623 
apartment(15,22) : messages.log624 
apartment(15,23) : messages.log625 
apartment(15,24) : messages.log626 
apartment(15,25) : messages.log627 
apartment(15,26) : messages.log628 
apartment(15,27) : messages.log629 
apartment(15,28) : messages.log630 
apartment(15,29) : messages.log631 
apartment(15,30) : messages.log632 
apartment(15,31) : messages.log633 
apartment(15,32) : messages.log634 
apartment(15,33) : messages.log635 
apartment(15,34) : messages.log636 
apartment(15,35) : messages.log637 
apartment(15,36) : messages.log638 
apartment(15,37) : messages.log639 
apartment(15,38) : messages.log640 
apartment(15,39) : messages.log641 
apartment(16,0) : messages.log642 
apartment(16,1) : messages.log643 
apartment(16,2) : messages.log644 
apartment(16,3) : messages.log645 
apartment(16,4) : messages.log646 
apartment(16,5) : messages.log647 
apartment(16,6) : messages.log648 
apartment(16,7) : messages.log649 
apartment(16,8) : messages.log650 
apartment(16,9) : messages.log651 
apartment(16,10) : messages.log652 
apartment(16,11) : messages.log653 
apartment(16,12) : messages.log654 
apartment(16,13) : messages.log655 
apartment(16,14) : messages.log656 
apartment(16,15) : messages.log657 
apartment(16,16) : messages.log658 
apartment(16,17) : messages.log659 
apartment(16,18) : messages.log660 
apartment(16,19) : messages.log661 
apartment(16,20) : messages.log662 
apartment(16,21) : messages.log663 
apartment(16,22) : messages.log664 
apartment(16,23) : messages.log665 
apartment(16,24) : messages.log666 
apartment(16,25) : messages.log667 
apartment(16,26) : messages.log668 
apartment(16,27) : messages.log669 
apartment(16,28) : messages.log670 
apartment(16,29) : messages.log671 
apartment(16,30) : messages.log672 
apartment(16,31) : messages.log673 
apartment(16,32) : messages.log674 
apartment(16,33) : messages.log675 
apartment(16,34) : messages.log676 
apartment(16,35) : messages.log677 
apartment(16,36) : messages.log678 
apartment(16,37) : messages.log679 
apartment(16,38) : messages.log680 
apartment(16,39) : messages.log681 
apartment(17,0) : messages.log682 
apartment(17,1) : messages.log683 
apartment(17,2) : messages.log684 
apartment(17,3) : messages.log685 
apartment(17,4) : messages.log686 
apartment(17,5) : messages.log687 
apartment(17,6) : messages.log688 
apartment(17,7) : messages.log689 
apartment(17,8) : messages.log690 
apartment(17,9) : messages.log691 
apartment(17,10) : messages.log692 
apartment(17,11) : messages.log693 
apartment(17,12) : messages.log694 
apartment(17,13) : messages.log695 
apartment(17,14) : messages.log696 
apartment(17,15) : messages.log697 
apartment(17,16) : messages.log698 
apartment(17,17) : messages.log699 
apartment(17,18) : messages.log700 
apartment(17,19) : messages.log701 
apartment(17,20) : messages.log702 
apartment(17,21) : messages.log703 
apartment(17,22) : messages.log704 
apartment(17,23) : messages.log705 
apartment(17,24) : messages.log706 
apartment(17,25) : messages.log707 
apartment(17,26) : messages.log708 
apartment(17,27) : messages.log709 
apartment(17,28) : messages.log710 
apartment(17,29) : messages.log711 
apartment(17,30) : messages.log712 
apartment(17,31) : messages.log713 
apartment(17,32) : messages.log714 
apartment(17,33) : messages.log715 
apartment(17,34) : messages.log716 
apartment(17,35) : messages.log717 
apartment(17,36) : messages.log718 
apartment(17,37) : messages.log719 
apartment(17,38) : messages.log720 
apartment(17,39) : messages.log721 
apartment(18,0) : messages.log722 
apartment(18,1) : messages.log723 
apartment(18,2) : messages.log724 
apartment(18,3) : messages.log725 
apartment(18,4) : messages.log726 
apartment(18,5) : messages.log727 
apartment(18,6) : messages.log728 
apartment(18,7) : messages.log729 
apartment(18,8) : messages.log730 
apartment(18,9) : messages.log731 
apartment(18,10) : messages.log732 
apartment(18,11) : messages.log733 
apartment(18,12) : messages.log734 
apartment(18,13) : messages.log735 
apartment(18,14) : messages.log736 
apartment(18,15) : messages.log737 
apartment(18,16) : messages.log738 
apartment(18,17) : messages.log739 
apartment(18,18) : messages.log740 
apartment(18,19) : messages.log741 
apartment(18,20) : messages.log742 
apartment(18,21) : messages.log743 
apartment(18,22) : messages.log744 
apartment(18,23) : messages.log745 
apartment(18,24) : messages.log746 
apartment(18,25) : messages.log747 
apartment(18,26) : messages.log748 
apartment(18,27) : messages.log749 
apartment(18,28) : messages.log750 
apartment(18,29) : messages.log751 
apartment(18,30) : messages.log752 
apartment(18,31) : messages.log753 
apartment(18,32) : messages.log754 
apartment(18,33) : messages.log755 
apartment(18,34) : messages.log756 
apartment(18,35) : messages.log757 
apartment(18,36) : messages.log758 
apartment(18,37) : messages.log759 
apartment(18,38) : messages.log760 
apartment(18,39) : messages.log761 
apartment(19,0) : messages.log762 
apartment(19,1) : messages.log763 
apartment(19,2) : messages.log764 
apartment(19,3) : messages.log765 
apartment(19,4) : messages.log766 
apartment(19,5) : messages.log767 
apartment(19,6) : messages.log768 
apartment(19,7) : messages.log769 
apartment(19,8) : messages.log770 
apartment(19,9) : messages.log771 
apartment(19,10) : messages.log772 
apartment(19,11) : messages.log773 
apartment(19,12) : messages.log774 
apartment(19,13) : messages.log775 
apartment(19,14) : messages.log776 
apartment(19,15) : messages.log777 
apartment(19,16) : messages.log778 
apartment(19,17) : messages.log779 
apartment(19,18) : messages.log780 
apartment(19,19) : messages.log781 
apartment(19,20) : messages.log782 
apartment(19,21) : messages.log783 
apartment(19,22) : messages.log784 
apartment(19,23) : messages.log785 
apartment(19,24) : messages.log786 
apartment(19,25) : messages.log787 
apartment(19,26) : messages.log788 
apartment(19,27) : messages.log789 
apartment(19,28) : messages.log790 
apartment(19,29) : messages.log791 
apartment(19,30) : messages.log792 
apartment(19,31) : messages.log793 
apartment(19,32) : messages.log794 
apartment(19,33) : messages.log795 
apartment(19,34) : messages.log796 
apartment(19,35) : messages.log797 
apartment(19,36) : messages.log798 
apartment(19,37) : messages.log799 
apartment(19,38) : messages.log800 
apartment(19,39) : messages.log801 
apartment(20,0) : messages.log802 
apartment(20,1) : messages.log803 
apartment(20,2) : messages.log804 
apartment(20,3) : messages.log805 
apartment(20,4) : messages.log806 
apartment(20,5) : messages.log807 
apartment(20,6) : messages.log808 
apartment(20,7) : messages.log809 
apartment(20,8) : messages.log810 
apartment(20,9) : messages.log811 
apartment(20,10) : messages.log812 
apartment(20,11) : messages.log813 
apartment(20,12) : messages.log814 
apartment(20,13) : messages.log815 
apartment(20,14) : messages.log816 
apartment(20,15) : messages.log817 
apartment(20,16) : messages.log818 
apartment(20,17) : messages.log819 
apartment(20,18) : messages.log820 
apartment(20,19) : messages.log821 
apartment(20,20) : messages.log822 
apartment(20,21) : messages.log823 
apartment(20,22) : messages.log824 
apartment(20,23) : messages.log825 
apartment(20,24) : messages.log826 
apartment(20,25) : messages.log827 
apartment(20,26) : messages.log828 
apartment(20,27) : messages.log829 
apartment(20,28) : messages.log830 
apartment(20,29) : messages.log831 
apartment(20,30) : messages.log832 
apartment(20,31) : messages.log833 
apartment(20,32) : messages.log834 
apartment(20,33) : messages.log835 
apartment(20,34) : messages.log836 
apartment(20,35) : messages.log837 
apartment(20,36) : messages.log838 
apartment(20,37) : messages.log839 
apartment(20,38) : messages.log840 
apartment(20,39) : messages.log841 
apartment(21,0) : messages.log842 
apartment(21,1) : messages.log843 
apartment(21,2) : messages.log844 
apartment(21,3) : messages.log845 
apartment(21,4) : messages.log846 
apartment(21,5) : messages.log847 
apartment(21,6) : messages.log848 
apartment(21,7) : messages.log849 
apartment(21,8) : messages.log850 
apartment(21,9) : messages.log851 
apartment(21,10) : messages.log852 
apartment(21,11) : messages.log853 
apartment(21,12) : messages.log854 
apartment(21,13) : messages.log855 
apartment(21,14) : messages.log856 
apartment(21,15) : messages.log857 
apartment(21,16) : messages.log858 
apartment(21,17) : messages.log859 
apartment(21,18) : messages.log860 
apartment(21,19) : messages.log861 
apartment(21,20) : messages.log862 
apartment(21,21) : messages.log863 
apartment(21,22) : messages.log864 
apartment(21,23) : messages.log865 
apartment(21,24) : messages.log866 
apartment(21,25) : messages.log867 
apartment(21,26) : messages.log868 
apartment(21,27) : messages.log869 
apartment(21,28) : messages.log870 
apartment(21,29) : messages.log871 
apartment(21,30) : messages.log872 
apartment(21,31) : messages.log873 
apartment(21,32) : messages.log874 
apartment(21,33) : messages.log875 
apartment(21,34) : messages.log876 
apartment(21,35) : messages.log877 
apartment(21,36) : messages.log878 
apartment(21,37) : messages.log879 
apartment(21,38) : messages.log880 
apartment(21,39) : messages.log881 
apartment(22,0) : messages.log882 
apartment(22,1) : messages.log883 
apartment(22,2) : messages.log884 
apartment(22,3) : messages.log885 
apartment(22,4) : messages.log886 
apartment(22,5) : messages.log887 
apartment(22,6) : messages.log888 
apartment(22,7) : messages.log889 
apartment(22,8) : messages.log890 
apartment(22,9) : messages.log891 
apartment(22,10) : messages.log892 
apartment(22,11) : messages.log893 
apartment(22,12) : messages.log894 
apartment(22,13) : messages.log895 
apartment(22,14) : messages.log896 
apartment(22,15) : messages.log897 
apartment(22,16) : messages.log898 
apartment(22,17) : messages.log899 
apartment(22,18) : messages.log900 
apartment(22,19) : messages.log901 
apartment(22,20) : messages.log902 
apartment(22,21) : messages.log903 
apartment(22,22) : messages.log904 
apartment(22,23) : messages.log905 
apartment(22,24) : messages.log906 
apartment(22,25) : messages.log907 
apartment(22,26) : messages.log908 
apartment(22,27) : messages.log909 
apartment(22,28) : messages.log910 
apartment(22,29) : messages.log911 
apartment(22,30) : messages.log912 
apartment(22,31) : messages.log913 
apartment(22,32) : messages.log914 
apartment(22,33) : messages.log915 
apartment(22,34) : messages.log916 
apartment(22,35) : messages.log917 
apartment(22,36) : messages.log918 
apartment(22,37) : messages.log919 
apartment(22,38) : messages.log920 
apartment(22,39) : messages.log921 
apartment(23,0) : messages.log922 
apartment(23,1) : messages.log923 
apartment(23,2) : messages.log924 
apartment(23,3) : messages.log925 
apartment(23,4) : messages.log926 
apartment(23,5) : messages.log927 
apartment(23,6) : messages.log928 
apartment(23,7) : messages.log929 
apartment(23,8) : messages.log930 
apartment(23,9) : messages.log931 
apartment(23,10) : messages.log932 
apartment(23,11) : messages.log933 
apartment(23,12) : messages.log934 
apartment(23,13) : messages.log935 
apartment(23,14) : messages.log936 
apartment(23,15) : messages.log937 
apartment(23,16) : messages.log938 
apartment(23,17) : messages.log939 
apartment(23,18) : messages.log940 
apartment(23,19) : messages.log941 
apartment(23,20) : messages.log942 
apartment(23,21) : messages.log943 
apartment(23,22) : messages.log944 
apartment(23,23) : messages.log945 
apartment(23,24) : messages.log946 
apartment(23,25) : messages.log947 
apartment(23,26) : messages.log948 
apartment(23,27) : messages.log949 
apartment(23,28) : messages.log950 
apartment(23,29) : messages.log951 
apartment(23,30) : messages.log952 
apartment(23,31) : messages.log953 
apartment(23,32) : messages.log954 
apartment(23,33) : messages.log955 
apartment(23,34) : messages.log956 
apartment(23,35) : messages.log957 
apartment(23,36) : messages.log958 
apartment(23,37) : messages.log959 
apartment(23,38) : messages.log960 
apartment(23,39) : messages.log961 
apartment(24,0) : messages.log962 
apartment(24,1) : messages.log963 
apartment(24,2) : messages.log964 
apartment(24,3) : messages.log965 
apartment(24,4) : messages.log966 
apartment(24,5) : messages.log967 
apartment(24,6) : messages.log968 
apartment(24,7) : messages.log969 
apartment(24,8) : messages.log970 
apartment(24,9) : messages.log971 
apartment(24,10) : messages.log972 
apartment(24,11) : messages.log973 
apartment(24,12) : messages.log974 
apartment(24,13) : messages.log975 
apartment(24,14) : messages.log976 
apartment(24,15) : messages.log977 
apartment(24,16) : messages.log978 
apartment(24,17) : messages.log979 
apartment(24,18) : messages.log980 
apartment(24,19) : messages.log981 
apartment(24,20) : messages.log982 
apartment(24,21) : messages.log983 
apartment(24,22) : messages.log984 
apartment(24,23) : messages.log985 
apartment(24,24) : messages.log986 
apartment(24,25) : messages.log987 
apartment(24,26) : messages.log988 
apartment(24,27) : messages.log989 
apartment(24,28) : messages.log990 
apartment(24,29) : messages.log991 
apartment(24,30) : messages.log992 
apartment(24,31) : messages.log993 
apartment(24,32) : messages.log994 
apartment(24,33) : messages.log995 
apartment(24,34) : messages.log996 
apartment(24,35) : messages.log997 
apartment(24,36) : messages.log998 
apartment(24,37) : messages.log999 
apartment(24,38) : messages.log1000 
apartment(24,39) : messages.log1001 
apartment(25,0) : messages.log1002 
apartment(25,1) : messages.log1003 
apartment(25,2) : messages.log1004 
apartment(25,3) : messages.log1005 
apartment(25,4) : messages.log1006 
apartment(25,5) : messages.log1007 
apartment(25,6) : messages.log1008 
apartment(25,7) : messages.log1009 
apartment(25,8) : messages.log1010 
apartment(25,9) : messages.log1011 
apartment(25,10) : messages.log1012 
apartment(25,11) : messages.log1013 
apartment(25,12) : messages.log1014 
apartment(25,13) : messages.log1015 
apartment(25,14) : messages.log1016 
apartment(25,15) : messages.log1017 
apartment(25,16) : messages.log1018 
apartment(25,17) : messages.log1019 
apartment(25,18) : messages.log1020 
apartment(25,19) : messages.log1021 
apartment(25,20) : messages.log1022 
apartment(25,21) : messages.log1023 
apartment(25,22) : messages.log1024 
apartment(25,23) : messages.log1025 
apartment(25,24) : messages.log1026 
apartment(25,25) : messages.log1027 
apartment(25,26) : messages.log1028 
apartment(25,27) : messages.log1029 
apartment(25,28) : messages.log1030 
apartment(25,29) : messages.log1031 
apartment(25,30) : messages.log1032 
apartment(25,31) : messages.log1033 
apartment(25,32) : messages.log1034 
apartment(25,33) : messages.log1035 
apartment(25,34) : messages.log1036 
apartment(25,35) : messages.log1037 
apartment(25,36) : messages.log1038 
apartment(25,37) : messages.log1039 
apartment(25,38) : messages.log1040 
apartment(25,39) : messages.log1041 
apartment(26,0) : messages.log1042 
apartment(26,1) : messages.log1043 
apartment(26,2) : messages.log1044 
apartment(26,3) : messages.log1045 
apartment(26,4) : messages.log1046 
apartment(26,5) : messages.log1047 
apartment(26,6) : messages.log1048 
apartment(26,7) : messages.log1049 
apartment(26,8) : messages.log1050 
apartment(26,9) : messages.log1051 
apartment(26,10) : messages.log1052 
apartment(26,11) : messages.log1053 
apartment(26,12) : messages.log1054 
apartment(26,13) : messages.log1055 
apartment(26,14) : messages.log1056 
apartment(26,15) : messages.log1057 
apartment(26,16) : messages.log1058 
apartment(26,17) : messages.log1059 
apartment(26,18) : messages.log1060 
apartment(26,19) : messages.log1061 
apartment(26,20) : messages.log1062 
apartment(26,21) : messages.log1063 
apartment(26,22) : messages.log1064 
apartment(26,23) : messages.log1065 
apartment(26,24) : messages.log1066 
apartment(26,25) : messages.log1067 
apartment(26,26) : messages.log1068 
apartment(26,27) : messages.log1069 
apartment(26,28) : messages.log1070 
apartment(26,29) : messages.log1071 
apartment(26,30) : messages.log1072 
apartment(26,31) : messages.log1073 
apartment(26,32) : messages.log1074 
apartment(26,33) : messages.log1075 
apartment(26,34) : messages.log1076 
apartment(26,35) : messages.log1077 
apartment(26,36) : messages.log1078 
apartment(26,37) : messages.log1079 
apartment(26,38) : messages.log1080 
apartment(26,39) : messages.log1081 
apartment(27,0) : messages.log1082 
apartment(27,1) : messages.log1083 
apartment(27,2) : messages.log1084 
apartment(27,3) : messages.log1085 
apartment(27,4) : messages.log1086 
apartment(27,5) : messages.log1087 
apartment(27,6) : messages.log1088 
apartment(27,7) : messages.log1089 
apartment(27,8) : messages.log1090 
apartment(27,9) : messages.log1091 
apartment(27,10) : messages.log1092 
apartment(27,11) : messages.log1093 
apartment(27,12) : messages.log1094 
apartment(27,13) : messages.log1095 
apartment(27,14) : messages.log1096 
apartment(27,15) : messages.log1097 
apartment(27,16) : messages.log1098 
apartment(27,17) : messages.log1099 
apartment(27,18) : messages.log1100 
apartment(27,19) : messages.log1101 
apartment(27,20) : messages.log1102 
apartment(27,21) : messages.log1103 
apartment(27,22) : messages.log1104 
apartment(27,23) : messages.log1105 
apartment(27,24) : messages.log1106 
apartment(27,25) : messages.log1107 
apartment(27,26) : messages.log1108 
apartment(27,27) : messages.log1109 
apartment(27,28) : messages.log1110 
apartment(27,29) : messages.log1111 
apartment(27,30) : messages.log1112 
apartment(27,31) : messages.log1113 
apartment(27,32) : messages.log1114 
apartment(27,33) : messages.log1115 
apartment(27,34) : messages.log1116 
apartment(27,35) : messages.log1117 
apartment(27,36) : messages.log1118 
apartment(27,37) : messages.log1119 
apartment(27,38) : messages.log1120 
apartment(27,39) : messages.log1121 
apartment(28,0) : messages.log1122 
apartment(28,1) : messages.log1123 
apartment(28,2) : messages.log1124 
apartment(28,3) : messages.log1125 
apartment(28,4) : messages.log1126 
apartment(28,5) : messages.log1127 
apartment(28,6) : messages.log1128 
apartment(28,7) : messages.log1129 
apartment(28,8) : messages.log1130 
apartment(28,9) : messages.log1131 
apartment(28,10) : messages.log1132 
apartment(28,11) : messages.log1133 
apartment(28,12) : messages.log1134 
apartment(28,13) : messages.log1135 
apartment(28,14) : messages.log1136 
apartment(28,15) : messages.log1137 
apartment(28,16) : messages.log1138 
apartment(28,17) : messages.log1139 
apartment(28,18) : messages.log1140 
apartment(28,19) : messages.log1141 
apartment(28,20) : messages.log1142 
apartment(28,21) : messages.log1143 
apartment(28,22) : messages.log1144 
apartment(28,23) : messages.log1145 
apartment(28,24) : messages.log1146 
apartment(28,25) : messages.log1147 
apartment(28,26) : messages.log1148 
apartment(28,27) : messages.log1149 
apartment(28,28) : messages.log1150 
apartment(28,29) : messages.log1151 
apartment(28,30) : messages.log1152 
apartment(28,31) : messages.log1153 
apartment(28,32) : messages.log1154 
apartment(28,33) : messages.log1155 
apartment(28,34) : messages.log1156 
apartment(28,35) : messages.log1157 
apartment(28,36) : messages.log1158 
apartment(28,37) : messages.log1159 
apartment(28,38) : messages.log1160 
apartment(28,39) : messages.log1161 
apartment(29,0) : messages.log1162 
apartment(29,1) : messages.log1163 
apartment(29,2) : messages.log1164 
apartment(29,3) : messages.log1165 
apartment(29,4) : messages.log1166 
apartment(29,5) : messages.log1167 
apartment(29,6) : messages.log1168 
apartment(29,7) : messages.log1169 
apartment(29,8) : messages.log1170 
apartment(29,9) : messages.log1171 
apartment(29,10) : messages.log1172 
apartment(29,11) : messages.log1173 
apartment(29,12) : messages.log1174 
apartment(29,13) : messages.log1175 
apartment(29,14) : messages.log1176 
apartment(29,15) : messages.log1177 
apartment(29,16) : messages.log1178 
apartment(29,17) : messages.log1179 
apartment(29,18) : messages.log1180 
apartment(29,19) : messages.log1181 
apartment(29,20) : messages.log1182 
apartment(29,21) : messages.log1183 
apartment(29,22) : messages.log1184 
apartment(29,23) : messages.log1185 
apartment(29,24) : messages.log1186 
apartment(29,25) : messages.log1187 
apartment(29,26) : messages.log1188 
apartment(29,27) : messages.log1189 
apartment(29,28) : messages.log1190 
apartment(29,29) : messages.log1191 
apartment(29,30) : messages.log1192 
apartment(29,31) : messages.log1193 
apartment(29,32) : messages.log1194 
apartment(29,33) : messages.log1195 
apartment(29,34) : messages.log1196 
apartment(29,35) : messages.log1197 
apartment(29,36) : messages.log1198 
apartment(29,37) : messages.log1199 
apartment(29,38) : messages.log1200 
apartment(29,39) : messages.log1201 
apartment(30,0) : messages.log1202 
apartment(30,1) : messages.log1203 
apartment(30,2) : messages.log1204 
apartment(30,3) : messages.log1205 
apartment(30,4) : messages.log1206 
apartment(30,5) : messages.log1207 
apartment(30,6) : messages.log1208 
apartment(30,7) : messages.log1209 
apartment(30,8) : messages.log1210 
apartment(30,9) : messages.log1211 
apartment(30,10) : messages.log1212 
apartment(30,11) : messages.log1213 
apartment(30,12) : messages.log1214 
apartment(30,13) : messages.log1215 
apartment(30,14) : messages.log1216 
apartment(30,15) : messages.log1217 
apartment(30,16) : messages.log1218 
apartment(30,17) : messages.log1219 
apartment(30,18) : messages.log1220 
apartment(30,19) : messages.log1221 
apartment(30,20) : messages.log1222 
apartment(30,21) : messages.log1223 
apartment(30,22) : messages.log1224 
apartment(30,23) : messages.log1225 
apartment(30,24) : messages.log1226 
apartment(30,25) : messages.log1227 
apartment(30,26) : messages.log1228 
apartment(30,27) : messages.log1229 
apartment(30,28) : messages.log1230 
apartment(30,29) : messages.log1231 
apartment(30,30) : messages.log1232 
apartment(30,31) : messages.log1233 
apartment(30,32) : messages.log1234 
apartment(30,33) : messages.log1235 
apartment(30,34) : messages.log1236 
apartment(30,35) : messages.log1237 
apartment(30,36) : messages.log1238 
apartment(30,37) : messages.log1239 
apartment(30,38) : messages.log1240 
apartment(30,39) : messages.log1241 
apartment(31,0) : messages.log1242 
apartment(31,1) : messages.log1243 
apartment(31,2) : messages.log1244 
apartment(31,3) : messages.log1245 
apartment(31,4) : messages.log1246 
apartment(31,5) : messages.log1247 
apartment(31,6) : messages.log1248 
apartment(31,7) : messages.log1249 
apartment(31,8) : messages.log1250 
apartment(31,9) : messages.log1251 
apartment(31,10) : messages.log1252 
apartment(31,11) : messages.log1253 
apartment(31,12) : messages.log1254 
apartment(31,13) : messages.log1255 
apartment(31,14) : messages.log1256 
apartment(31,15) : messages.log1257 
apartment(31,16) : messages.log1258 
apartment(31,17) : messages.log1259 
apartment(31,18) : messages.log1260 
apartment(31,19) : messages.log1261 
apartment(31,20) : messages.log1262 
apartment(31,21) : messages.log1263 
apartment(31,22) : messages.log1264 
apartment(31,23) : messages.log1265 
apartment(31,24) : messages.log1266 
apartment(31,25) : messages.log1267 
apartment(31,26) : messages.log1268 
apartment(31,27) : messages.log1269 
apartment(31,28) : messages.log1270 
apartment(31,29) : messages.log1271 
apartment(31,30) : messages.log1272 
apartment(31,31) : messages.log1273 
apartment(31,32) : messages.log1274 
apartment(31,33) : messages.log1275 
apartment(31,34) : messages.log1276 
apartment(31,35) : messages.log1277 
apartment(31,36) : messages.log1278 
apartment(31,37) : messages.log1279 
apartment(31,38) : messages.log1280 
apartment(31,39) : messages.log1281 
apartment(32,0) : messages.log1282 
apartment(32,1) : messages.log1283 
apartment(32,2) : messages.log1284 
apartment(32,3) : messages.log1285 
apartment(32,4) : messages.log1286 
apartment(32,5) : messages.log1287 
apartment(32,6) : messages.log1288 
apartment(32,7) : messages.log1289 
apartment(32,8) : messages.log1290 
apartment(32,9) : messages.log1291 
apartment(32,10) : messages.log1292 
apartment(32,11) : messages.log1293 
apartment(32,12) : messages.log1294 
apartment(32,13) : messages.log1295 
apartment(32,14) : messages.log1296 
apartment(32,15) : messages.log1297 
apartment(32,16) : messages.log1298 
apartment(32,17) : messages.log1299 
apartment(32,18) : messages.log1300 
apartment(32,19) : messages.log1301 
apartment(32,20) : messages.log1302 
apartment(32,21) : messages.log1303 
apartment(32,22) : messages.log1304 
apartment(32,23) : messages.log1305 
apartment(32,24) : messages.log1306 
apartment(32,25) : messages.log1307 
apartment(32,26) : messages.log1308 
apartment(32,27) : messages.log1309 
apartment(32,28) : messages.log1310 
apartment(32,29) : messages.log1311 
apartment(32,30) : messages.log1312 
apartment(32,31) : messages.log1313 
apartment(32,32) : messages.log1314 
apartment(32,33) : messages.log1315 
apartment(32,34) : messages.log1316 
apartment(32,35) : messages.log1317 
apartment(32,36) : messages.log1318 
apartment(32,37) : messages.log1319 
apartment(32,38) : messages.log1320 
apartment(32,39) : messages.log1321 
apartment(33,0) : messages.log1322 
apartment(33,1) : messages.log1323 
apartment(33,2) : messages.log1324 
apartment(33,3) : messages.log1325 
apartment(33,4) : messages.log1326 
apartment(33,5) : messages.log1327 
apartment(33,6) : messages.log1328 
apartment(33,7) : messages.log1329 
apartment(33,8) : messages.log1330 
apartment(33,9) : messages.log1331 
apartment(33,10) : messages.log1332 
apartment(33,11) : messages.log1333 
apartment(33,12) : messages.log1334 
apartment(33,13) : messages.log1335 
apartment(33,14) : messages.log1336 
apartment(33,15) : messages.log1337 
apartment(33,16) : messages.log1338 
apartment(33,17) : messages.log1339 
apartment(33,18) : messages.log1340 
apartment(33,19) : messages.log1341 
apartment(33,20) : messages.log1342 
apartment(33,21) : messages.log1343 
apartment(33,22) : messages.log1344 
apartment(33,23) : messages.log1345 
apartment(33,24) : messages.log1346 
apartment(33,25) : messages.log1347 
apartment(33,26) : messages.log1348 
apartment(33,27) : messages.log1349 
apartment(33,28) : messages.log1350 
apartment(33,29) : messages.log1351 
apartment(33,30) : messages.log1352 
apartment(33,31) : messages.log1353 
apartment(33,32) : messages.log1354 
apartment(33,33) : messages.log1355 
apartment(33,34) : messages.log1356 
apartment(33,35) : messages.log1357 
apartment(33,36) : messages.log1358 
apartment(33,37) : messages.log1359 
apartment(33,38) : messages.log1360 
apartment(33,39) : messages.log1361 
apartment(34,0) : messages.log1362 
apartment(34,1) : messages.log1363 
apartment(34,2) : messages.log1364 
apartment(34,3) : messages.log1365 
apartment(34,4) : messages.log1366 
apartment(34,5) : messages.log1367 
apartment(34,6) : messages.log1368 
apartment(34,7) : messages.log1369 
apartment(34,8) : messages.log1370 
apartment(34,9) : messages.log1371 
apartment(34,10) : messages.log1372 
apartment(34,11) : messages.log1373 
apartment(34,12) : messages.log1374 
apartment(34,13) : messages.log1375 
apartment(34,14) : messages.log1376 
apartment(34,15) : messages.log1377 
apartment(34,16) : messages.log1378 
apartment(34,17) : messages.log1379 
apartment(34,18) : messages.log1380 
apartment(34,19) : messages.log1381 
apartment(34,20) : messages.log1382 
apartment(34,21) : messages.log1383 
apartment(34,22) : messages.log1384 
apartment(34,23) : messages.log1385 
apartment(34,24) : messages.log1386 
apartment(34,25) : messages.log1387 
apartment(34,26) : messages.log1388 
apartment(34,27) : messages.log1389 
apartment(34,28) : messages.log1390 
apartment(34,29) : messages.log1391 
apartment(34,30) : messages.log1392 
apartment(34,31) : messages.log1393 
apartment(34,32) : messages.log1394 
apartment(34,33) : messages.log1395 
apartment(34,34) : messages.log1396 
apartment(34,35) : messages.log1397 
apartment(34,36) : messages.log1398 
apartment(34,37) : messages.log1399 
apartment(34,38) : messages.log1400 
apartment(34,39) : messages.log1401 
apartment(35,0) : messages.log1402 
apartment(35,1) : messages.log1403 
apartment(35,2) : messages.log1404 
apartment(35,3) : messages.log1405 
apartment(35,4) : messages.log1406 
apartment(35,5) : messages.log1407 
apartment(35,6) : messages.log1408 
apartment(35,7) : messages.log1409 
apartment(35,8) : messages.log1410 
apartment(35,9) : messages.log1411 
apartment(35,10) : messages.log1412 
apartment(35,11) : messages.log1413 
apartment(35,12) : messages.log1414 
apartment(35,13) : messages.log1415 
apartment(35,14) : messages.log1416 
apartment(35,15) : messages.log1417 
apartment(35,16) : messages.log1418 
apartment(35,17) : messages.log1419 
apartment(35,18) : messages.log1420 
apartment(35,19) : messages.log1421 
apartment(35,20) : messages.log1422 
apartment(35,21) : messages.log1423 
apartment(35,22) : messages.log1424 
apartment(35,23) : messages.log1425 
apartment(35,24) : messages.log1426 
apartment(35,25) : messages.log1427 
apartment(35,26) : messages.log1428 
apartment(35,27) : messages.log1429 
apartment(35,28) : messages.log1430 
apartment(35,29) : messages.log1431 
apartment(35,30) : messages.log1432 
apartment(35,31) : messages.log1433 
apartment(35,32) : messages.log1434 
apartment(35,33) : messages.log1435 
apartment(35,34) : messages.log1436 
apartment(35,35) : messages.log1437 
apartment(35,36) : messages.log1438 
apartment(35,37) : messages.log1439 
apartment(35,38) : messages.log1440 
apartment(35,39) : messages.log1441 
apartment(36,0) : messages.log1442 
apartment(36,1) : messages.log1443 
apartment(36,2) : messages.log1444 
apartment(36,3) : messages.log1445 
apartment(36,4) : messages.log1446 
apartment(36,5) : messages.log1447 
apartment(36,6) : messages.log1448 
apartment(36,7) : messages.log1449 
apartment(36,8) : messages.log1450 
apartment(36,9) : messages.log1451 
apartment(36,10) : messages.log1452 
apartment(36,11) : messages.log1453 
apartment(36,12) : messages.log1454 
apartment(36,13) : messages.log1455 
apartment(36,14) : messages.log1456 
apartment(36,15) : messages.log1457 
apartment(36,16) : messages.log1458 
apartment(36,17) : messages.log1459 
apartment(36,18) : messages.log1460 
apartment(36,19) : messages.log1461 
apartment(36,20) : messages.log1462 
apartment(36,21) : messages.log1463 
apartment(36,22) : messages.log1464 
apartment(36,23) : messages.log1465 
apartment(36,24) : messages.log1466 
apartment(36,25) : messages.log1467 
apartment(36,26) : messages.log1468 
apartment(36,27) : messages.log1469 
apartment(36,28) : messages.log1470 
apartment(36,29) : messages.log1471 
apartment(36,30) : messages.log1472 
apartment(36,31) : messages.log1473 
apartment(36,32) : messages.log1474 
apartment(36,33) : messages.log1475 
apartment(36,34) : messages.log1476 
apartment(36,35) : messages.log1477 
apartment(36,36) : messages.log1478 
apartment(36,37) : messages.log1479 
apartment(36,38) : messages.log1480 
apartment(36,39) : messages.log1481 
apartment(37,0) : messages.log1482 
apartment(37,1) : messages.log1483 
apartment(37,2) : messages.log1484 
apartment(37,3) : messages.log1485 
apartment(37,4) : messages.log1486 
apartment(37,5) : messages.log1487 
apartment(37,6) : messages.log1488 
apartment(37,7) : messages.log1489 
apartment(37,8) : messages.log1490 
apartment(37,9) : messages.log1491 
apartment(37,10) : messages.log1492 
apartment(37,11) : messages.log1493 
apartment(37,12) : messages.log1494 
apartment(37,13) : messages.log1495 
apartment(37,14) : messages.log1496 
apartment(37,15) : messages.log1497 
apartment(37,16) : messages.log1498 
apartment(37,17) : messages.log1499 
apartment(37,18) : messages.log1500 
apartment(37,19) : messages.log1501 
apartment(37,20) : messages.log1502 
apartment(37,21) : messages.log1503 
apartment(37,22) : messages.log1504 
apartment(37,23) : messages.log1505 
apartment(37,24) : messages.log1506 
apartment(37,25) : messages.log1507 
apartment(37,26) : messages.log1508 
apartment(37,27) : messages.log1509 
apartment(37,28) : messages.log1510 
apartment(37,29) : messages.log1511 
apartment(37,30) : messages.log1512 
apartment(37,31) : messages.log1513 
apartment(37,32) : messages.log1514 
apartment(37,33) : messages.log1515 
apartment(37,34) : messages.log1516 
apartment(37,35) : messages.log1517 
apartment(37,36) : messages.log1518 
apartment(37,37) : messages.log1519 
apartment(37,38) : messages.log1520 
apartment(37,39) : messages.log1521 
apartment(38,0) : messages.log1522 
apartment(38,1) : messages.log1523 
apartment(38,2) : messages.log1524 
apartment(38,3) : messages.log1525 
apartment(38,4) : messages.log1526 
apartment(38,5) : messages.log1527 
apartment(38,6) : messages.log1528 
apartment(38,7) : messages.log1529 
apartment(38,8) : messages.log1530 
apartment(38,9) : messages.log1531 
apartment(38,10) : messages.log1532 
apartment(38,11) : messages.log1533 
apartment(38,12) : messages.log1534 
apartment(38,13) : messages.log1535 
apartment(38,14) : messages.log1536 
apartment(38,15) : messages.log1537 
apartment(38,16) : messages.log1538 
apartment(38,17) : messages.log1539 
apartment(38,18) : messages.log1540 
apartment(38,19) : messages.log1541 
apartment(38,20) : messages.log1542 
apartment(38,21) : messages.log1543 
apartment(38,22) : messages.log1544 
apartment(38,23) : messages.log1545 
apartment(38,24) : messages.log1546 
apartment(38,25) : messages.log1547 
apartment(38,26) : messages.log1548 
apartment(38,27) : messages.log1549 
apartment(38,28) : messages.log1550 
apartment(38,29) : messages.log1551 
apartment(38,30) : messages.log1552 
apartment(38,31) : messages.log1553 
apartment(38,32) : messages.log1554 
apartment(38,33) : messages.log1555 
apartment(38,34) : messages.log1556 
apartment(38,35) : messages.log1557 
apartment(38,36) : messages.log1558 
apartment(38,37) : messages.log1559 
apartment(38,38) : messages.log1560 
apartment(38,39) : messages.log1561 
apartment(39,0) : messages.log1562 
apartment(39,1) : messages.log1563 
apartment(39,2) : messages.log1564 
apartment(39,3) : messages.log1565 
apartment(39,4) : messages.log1566 
apartment(39,5) : messages.log1567 
apartment(39,6) : messages.log1568 
apartment(39,7) : messages.log1569 
apartment(39,8) : messages.log1570 
apartment(39,9) : messages.log1571 
apartment(39,10) : messages.log1572 
apartment(39,11) : messages.log1573 
apartment(39,12) : messages.log1574 
apartment(39,13) : messages.log1575 
apartment(39,14) : messages.log1576 
apartment(39,15) : messages.log1577 
apartment(39,16) : messages.log1578 
apartment(39,17) : messages.log1579 
apartment(39,18) : messages.log1580 
apartment(39,19) : messages.log1581 
apartment(39,20) : messages.log1582 
apartment(39,21) : messages.log1583 
apartment(39,22) : messages.log1584 
apartment(39,23) : messages.log1585 
apartment(39,24) : messages.log1586 
apartment(39,25) : messages.log1587 
apartment(39,26) : messages.log1588 
apartment(39,27) : messages.log1589 
apartment(39,28) : messages.log1590 
apartment(39,29) : messages.log1591 
apartment(39,30) : messages.log1592 
apartment(39,31) : messages.log1593 
apartment(39,32) : messages.log1594 
apartment(39,33) : messages.log1595 
apartment(39,34) : messages.log1596 
apartment(39,35) : messages.log1597 
apartment(39,36) : messages.log1598 
apartment(39,37) : messages.log1599 
apartment(39,38) : messages.log1600 
apartment(39,39) : messages.log1601 
apartment(40,0) : messages.log1602 
apartment(40,1) : messages.log1603 
apartment(40,2) : messages.log1604 
apartment(40,3) : messages.log1605 
apartment(40,4) : messages.log1606 
apartment(40,5) : messages.log1607 
apartment(40,6) : messages.log1608 
apartment(40,7) : messages.log1609 
apartment(40,8) : messages.log1610 
apartment(40,9) : messages.log1611 
apartment(40,10) : messages.log1612 
apartment(40,11) : messages.log1613 
apartment(40,12) : messages.log1614 
apartment(40,13) : messages.log1615 
apartment(40,14) : messages.log1616 
apartment(40,15) : messages.log1617 
apartment(40,16) : messages.log1618 
apartment(40,17) : messages.log1619 
apartment(40,18) : messages.log1620 
apartment(40,19) : messages.log1621 
apartment(40,20) : messages.log1622 
apartment(40,21) : messages.log1623 
apartment(40,22) : messages.log1624 
apartment(40,23) : messages.log1625 
apartment(40,24) : messages.log1626 
apartment(40,25) : messages.log1627 
apartment(40,26) : messages.log1628 
apartment(40,27) : messages.log1629 
apartment(40,28) : messages.log1630 
apartment(40,29) : messages.log1631 
apartment(40,30) : messages.log1632 
apartment(40,31) : messages.log1633 
apartment(40,32) : messages.log1634 
apartment(40,33) : messages.log1635 
apartment(40,34) : messages.log1636 
apartment(40,35) : messages.log1637 
apartment(40,36) : messages.log1638 
apartment(40,37) : messages.log1639 
apartment(40,38) : messages.log1640 
apartment(40,39) : messages.log1641 
apartment(41,0) : messages.log1642 
apartment(41,1) : messages.log1643 
apartment(41,2) : messages.log1644 
apartment(41,3) : messages.log1645 
apartment(41,4) : messages.log1646 
apartment(41,5) : messages.log1647 
apartment(41,6) : messages.log1648 
apartment(41,7) : messages.log1649 
apartment(41,8) : messages.log1650 
apartment(41,9) : messages.log1651 
apartment(41,10) : messages.log1652 
apartment(41,11) : messages.log1653 
apartment(41,12) : messages.log1654 
apartment(41,13) : messages.log1655 
apartment(41,14) : messages.log1656 
apartment(41,15) : messages.log1657 
apartment(41,16) : messages.log1658 
apartment(41,17) : messages.log1659 
apartment(41,18) : messages.log1660 
apartment(41,19) : messages.log1661 
apartment(41,20) : messages.log1662 
apartment(41,21) : messages.log1663 
apartment(41,22) : messages.log1664 
apartment(41,23) : messages.log1665 
apartment(41,24) : messages.log1666 
apartment(41,25) : messages.log1667 
apartment(41,26) : messages.log1668 
apartment(41,27) : messages.log1669 
apartment(41,28) : messages.log1670 
apartment(41,29) : messages.log1671 
apartment(41,30) : messages.log1672 
apartment(41,31) : messages.log1673 
apartment(41,32) : messages.log1674 
apartment(41,33) : messages.log1675 
apartment(41,34) : messages.log1676 
apartment(41,35) : messages.log1677 
apartment(41,36) : messages.log1678 
apartment(41,37) : messages.log1679 
apartment(41,38) : messages.log1680 
apartment(41,39) : messages.log1681 
apartment(42,0) : messages.log1682 
apartment(42,1) : messages.log1683 
apartment(42,2) : messages.log1684 
apartment(42,3) : messages.log1685 
apartment(42,4) : messages.log1686 
apartment(42,5) : messages.log1687 
apartment(42,6) : messages.log1688 
apartment(42,7) : messages.log1689 
apartment(42,8) : messages.log1690 
apartment(42,9) : messages.log1691 
apartment(42,10) : messages.log1692 
apartment(42,11) : messages.log1693 
apartment(42,12) : messages.log1694 
apartment(42,13) : messages.log1695 
apartment(42,14) : messages.log1696 
apartment(42,15) : messages.log1697 
apartment(42,16) : messages.log1698 
apartment(42,17) : messages.log1699 
apartment(42,18) : messages.log1700 
apartment(42,19) : messages.log1701 
apartment(42,20) : messages.log1702 
apartment(42,21) : messages.log1703 
apartment(42,22) : messages.log1704 
apartment(42,23) : messages.log1705 
apartment(42,24) : messages.log1706 
apartment(42,25) : messages.log1707 
apartment(42,26) : messages.log1708 
apartment(42,27) : messages.log1709 
apartment(42,28) : messages.log1710 
apartment(42,29) : messages.log1711 
apartment(42,30) : messages.log1712 
apartment(42,31) : messages.log1713 
apartment(42,32) : messages.log1714 
apartment(42,33) : messages.log1715 
apartment(42,34) : messages.log1716 
apartment(42,35) : messages.log1717 
apartment(42,36) : messages.log1718 
apartment(42,37) : messages.log1719 
apartment(42,38) : messages.log1720 
apartment(42,39) : messages.log1721 
apartment(43,0) : messages.log1722 
apartment(43,1) : messages.log1723 
apartment(43,2) : messages.log1724 
apartment(43,3) : messages.log1725 
apartment(43,4) : messages.log1726 
apartment(43,5) : messages.log1727 
apartment(43,6) : messages.log1728 
apartment(43,7) : messages.log1729 
apartment(43,8) : messages.log1730 
apartment(43,9) : messages.log1731 
apartment(43,10) : messages.log1732 
apartment(43,11) : messages.log1733 
apartment(43,12) : messages.log1734 
apartment(43,13) : messages.log1735 
apartment(43,14) : messages.log1736 
apartment(43,15) : messages.log1737 
apartment(43,16) : messages.log1738 
apartment(43,17) : messages.log1739 
apartment(43,18) : messages.log1740 
apartment(43,19) : messages.log1741 
apartment(43,20) : messages.log1742 
apartment(43,21) : messages.log1743 
apartment(43,22) : messages.log1744 
apartment(43,23) : messages.log1745 
apartment(43,24) : messages.log1746 
apartment(43,25) : messages.log1747 
apartment(43,26) : messages.log1748 
apartment(43,27) : messages.log1749 
apartment(43,28) : messages.log1750 
apartment(43,29) : messages.log1751 
apartment(43,30) : messages.log1752 
apartment(43,31) : messages.log1753 
apartment(43,32) : messages.log1754 
apartment(43,33) : messages.log1755 
apartment(43,34) : messages.log1756 
apartment(43,35) : messages.log1757 
apartment(43,36) : messages.log1758 
apartment(43,37) : messages.log1759 
apartment(43,38) : messages.log1760 
apartment(43,39) : messages.log1761 
