0 / L / I / 00:00:00:000:0 / top(74) / forestfire(01)
0 / L / D / 00:00:00:000:0 / forestfire(0,0,0)(02) / 00:00:00:000:0 / forestfire(01)
0 / L / D / 00:00:00:000:0 / forestfire(0,0,1)(03) / 00:00:00:000:0 / forestfire(01)
0 / L / D / 00:00:00:000:0 / forestfire(0,1,0)(04) / 00:00:00:000:0 / forestfire(01)
0 / L / D / 00:00:00:000:0 / forestfire(0,1,1)(05) / 00:00:00:000:0 / forestfire(01)
0 / L / D / 00:00:00:000:0 / forestfire(0,2,0)(06) / 00:00:00:000:0 / forestfire(01)
0 / L / D / 00:00:00:000:0 / forestfire(0,2,1)(07) / 00:00:00:000:0 / forestfire(01)
0 / L / D / 00:00:00:000:0 / forestfire(0,3,0)(08) / 00:00:00:000:0 / forestfire(01)
0 / L / D / 00:00:00:000:0 / forestfire(0,3,1)(09) / 00:00:00:000:0 / forestfire(01)
0 / L / D / 00:00:00:000:0 / forestfire(0,4,0)(10) / 00:00:00:000:0 / forestfire(01)
0 / L / D / 00:00:00:000:0 / forestfire(0,4,1)(11) / 00:00:00:000:0 / forestfire(01)
0 / L / D / 00:00:00:000:0 / forestfire(0,5,0)(12) / 00:00:00:000:0 / forestfire(01)
0 / L / D / 00:00:00:000:0 / forestfire(0,5,1)(13) / 00:00:00:000:0 / forestfire(01)
0 / L / D / 00:00:00:000:0 / forestfire(1,0,0)(14) / 00:00:00:000:0 / forestfire(01)
0 / L / D / 00:00:00:000:0 / forestfire(1,0,1)(15) / 00:00:00:000:0 / forestfire(01)
0 / L / D / 00:00:00:000:0 / forestfire(1,1,0)(16) / 00:00:00:000:0 / forestfire(01)
0 / L / D / 00:00:00:000:0 / forestfire(1,1,1)(17) / 00:00:00:000:0 / forestfire(01)
0 / L / D / 00:00:00:000:0 / forestfire(1,2,0)(18) / 00:00:00:000:0 / forestfire(01)
0 / L / D / 00:00:00:000:0 / forestfire(1,2,1)(19) / 00:00:00:000:0 / forestfire(01)
0 / L / D / 00:00:00:000:0 / forestfire(1,3,0)(20) / 00:00:00:000:0 / forestfire(01)
0 / L / D / 00:00:00:000:0 / forestfire(1,3,1)(21) / 00:00:00:000:0 / forestfire(01)
0 / L / D / 00:00:00:000:0 / forestfire(1,4,0)(22) / 00:00:00:000:0 / forestfire(01)
0 / L / D / 00:00:00:000:0 / forestfire(1,4,1)(23) / 00:00:00:000:0 / forestfire(01)
0 / L / D / 00:00:00:000:0 / forestfire(1,5,0)(24) / 00:00:00:000:0 / forestfire(01)
0 / L / D / 00:00:00:000:0 / forestfire(1,5,1)(25) / 00:00:00:000:0 / forestfire(01)
0 / L / D / 00:00:00:000:0 / forestfire(2,0,0)(26) / 00:00:00:000:0 / forestfire(01)
0 / L / D / 00:00:00:000:0 / forestfire(2,0,1)(27) / 00:00:00:000:0 / forestfire(01)
0 / L / D / 00:00:00:000:0 / forestfire(2,1,0)(28) / 00:00:00:000:0 / forestfire(01)
0 / L / D / 00:00:00:000:0 / forestfire(2,1,1)(29) / 00:00:00:000:0 / forestfire(01)
0 / L / D / 00:00:00:000:0 / forestfire(2,2,0)(30) / 00:00:00:000:0 / forestfire(01)
0 / L / D / 00:00:00:000:0 / forestfire(2,2,1)(31) / 00:00:00:000:0 / forestfire(01)
0 / L / D / 00:00:00:000:0 / forestfire(2,3,0)(32) / 00:00:00:000:0 / forestfire(01)
0 / L / D / 00:00:00:000:0 / forestfire(2,3,1)(33) / 00:00:00:000:0 / forestfire(01)
0 / L / D / 00:00:00:000:0 / forestfire(2,4,0)(34) / 00:00:00:000:0 / forestfire(01)
0 / L / D / 00:00:00:000:0 / forestfire(2,4,1)(35) / 00:00:00:000:0 / forestfire(01)
0 / L / D / 00:00:00:000:0 / forestfire(2,5,0)(36) / 00:00:00:000:0 / forestfire(01)
0 / L / D / 00:00:00:000:0 / forestfire(2,5,1)(37) / 00:00:00:000:0 / forestfire(01)
0 / L / D / 00:00:00:000:0 / forestfire(3,0,0)(38) / 00:00:00:000:0 / forestfire(01)
0 / L / D / 00:00:00:000:0 / forestfire(3,0,1)(39) / 00:00:00:000:0 / forestfire(01)
0 / L / D / 00:00:00:000:0 / forestfire(3,1,0)(40) / 00:00:00:000:0 / forestfire(01)
0 / L / D / 00:00:00:000:0 / forestfire(3,1,1)(41) / 00:00:00:000:0 / forestfire(01)
0 / L / D / 00:00:00:000:0 / forestfire(3,2,0)(42) / 00:00:00:000:0 / forestfire(01)
0 / L / D / 00:00:00:000:0 / forestfire(3,2,1)(43) / 00:00:00:000:0 / forestfire(01)
0 / L / D / 00:00:00:000:0 / forestfire(3,3,0)(44) / 00:00:00:000:0 / forestfire(01)
0 / L / D / 00:00:00:000:0 / forestfire(3,3,1)(45) / 00:00:00:000:0 / forestfire(01)
0 / L / D / 00:00:00:000:0 / forestfire(3,4,0)(46) / 00:00:00:000:0 / forestfire(01)
0 / L / D / 00:00:00:000:0 / forestfire(3,4,1)(47) / 00:00:00:000:0 / forestfire(01)
0 / L / D / 00:00:00:000:0 / forestfire(3,5,0)(48) / 00:00:00:000:0 / forestfire(01)
0 / L / D / 00:00:00:000:0 / forestfire(3,5,1)(49) / 00:00:00:000:0 / forestfire(01)
0 / L / D / 00:00:00:000:0 / forestfire(4,0,0)(50) / 00:00:00:000:0 / forestfire(01)
0 / L / D / 00:00:00:000:0 / forestfire(4,0,1)(51) / 00:00:00:000:0 / forestfire(01)
0 / L / D / 00:00:00:000:0 / forestfire(4,1,0)(52) / 00:00:00:000:0 / forestfire(01)
0 / L / D / 00:00:00:000:0 / forestfire(4,1,1)(53) / 00:00:00:000:0 / forestfire(01)
0 / L / D / 00:00:00:000:0 / forestfire(4,2,0)(54) / 00:00:00:000:0 / forestfire(01)
0 / L / D / 00:00:00:000:0 / forestfire(4,2,1)(55) / 00:00:00:000:0 / forestfire(01)
0 / L / D / 00:00:00:000:0 / forestfire(4,3,0)(56) / 00:00:00:000:0 / forestfire(01)
0 / L / D / 00:00:00:000:0 / forestfire(4,3,1)(57) / 00:00:00:000:0 / forestfire(01)
0 / L / D / 00:00:00:000:0 / forestfire(4,4,0)(58) / 00:00:00:000:0 / forestfire(01)
0 / L / D / 00:00:00:000:0 / forestfire(4,4,1)(59) / 00:00:00:000:0 / forestfire(01)
0 / L / D / 00:00:00:000:0 / forestfire(4,5,0)(60) / 00:00:00:000:0 / forestfire(01)
0 / L / D / 00:00:00:000:0 / forestfire(4,5,1)(61) / 00:00:00:000:0 / forestfire(01)
0 / L / D / 00:00:00:000:0 / forestfire(5,0,0)(62) / 00:00:00:000:0 / forestfire(01)
0 / L / D / 00:00:00:000:0 / forestfire(5,0,1)(63) / 00:00:00:000:0 / forestfire(01)
0 / L / D / 00:00:00:000:0 / forestfire(5,1,0)(64) / 00:00:00:000:0 / forestfire(01)
0 / L / D / 00:00:00:000:0 / forestfire(5,1,1)(65) / 00:00:00:000:0 / forestfire(01)
0 / L / D / 00:00:00:000:0 / forestfire(5,2,0)(66) / 00:00:00:000:0 / forestfire(01)
0 / L / D / 00:00:00:000:0 / forestfire(5,2,1)(67) / 00:00:00:000:0 / forestfire(01)
0 / L / D / 00:00:00:000:0 / forestfire(5,3,0)(68) / 00:00:00:000:0 / forestfire(01)
0 / L / D / 00:00:00:000:0 / forestfire(5,3,1)(69) / 00:00:00:000:0 / forestfire(01)
0 / L / D / 00:00:00:000:0 / forestfire(5,4,0)(70) / 00:00:00:000:0 / forestfire(01)
0 / L / D / 00:00:00:000:0 / forestfire(5,4,1)(71) / 00:00:00:000:0 / forestfire(01)
0 / L / D / 00:00:00:000:0 / forestfire(5,5,0)(72) / 00:00:00:000:0 / forestfire(01)
0 / L / D / 00:00:00:000:0 / forestfire(5,5,1)(73) / 00:00:00:000:0 / forestfire(01)
0 / L / @ / 00:00:00:000:0 / top(74) / forestfire(01)
0 / L / Y / 00:00:00:000:0 / forestfire(0,0,0)(02) / out /    300.00000 / forestfire(01)
0 / L / D / 00:00:00:000:0 / forestfire(0,0,0)(02) / 00:00:00:000:0 / forestfire(01)
0 / L / Y / 00:00:00:000:0 / forestfire(0,0,1)(03) / out /      0.00000 / forestfire(01)
0 / L / D / 00:00:00:000:0 / forestfire(0,0,1)(03) / 00:00:00:000:0 / forestfire(01)
0 / L / Y / 00:00:00:000:0 / forestfire(0,1,0)(04) / out /    300.00000 / forestfire(01)
0 / L / D / 00:00:00:000:0 / forestfire(0,1,0)(04) / 00:00:00:000:0 / forestfire(01)
0 / L / Y / 00:00:00:000:0 / forestfire(0,1,1)(05) / out /      0.00000 / forestfire(01)
0 / L / D / 00:00:00:000:0 / forestfire(0,1,1)(05) / 00:00:00:000:0 / forestfire(01)
0 / L / Y / 00:00:00:000:0 / forestfire(0,2,0)(06) / out /    300.00000 / forestfire(01)
0 / L / D / 00:00:00:000:0 / forestfire(0,2,0)(06) / 00:00:00:000:0 / forestfire(01)
0 / L / Y / 00:00:00:000:0 / forestfire(0,2,1)(07) / out /      0.00000 / forestfire(01)
0 / L / D / 00:00:00:000:0 / forestfire(0,2,1)(07) / 00:00:00:000:0 / forestfire(01)
0 / L / Y / 00:00:00:000:0 / forestfire(0,3,0)(08) / out /    300.00000 / forestfire(01)
0 / L / D / 00:00:00:000:0 / forestfire(0,3,0)(08) / 00:00:00:000:0 / forestfire(01)
0 / L / Y / 00:00:00:000:0 / forestfire(0,3,1)(09) / out /      0.00000 / forestfire(01)
0 / L / D / 00:00:00:000:0 / forestfire(0,3,1)(09) / 00:00:00:000:0 / forestfire(01)
0 / L / Y / 00:00:00:000:0 / forestfire(0,4,0)(10) / out /    300.00000 / forestfire(01)
0 / L / D / 00:00:00:000:0 / forestfire(0,4,0)(10) / 00:00:00:000:0 / forestfire(01)
0 / L / Y / 00:00:00:000:0 / forestfire(0,4,1)(11) / out /      0.00000 / forestfire(01)
0 / L / D / 00:00:00:000:0 / forestfire(0,4,1)(11) / 00:00:00:000:0 / forestfire(01)
0 / L / Y / 00:00:00:000:0 / forestfire(0,5,0)(12) / out /    300.00000 / forestfire(01)
0 / L / D / 00:00:00:000:0 / forestfire(0,5,0)(12) / 00:00:00:000:0 / forestfire(01)
0 / L / Y / 00:00:00:000:0 / forestfire(0,5,1)(13) / out /      0.00000 / forestfire(01)
0 / L / D / 00:00:00:000:0 / forestfire(0,5,1)(13) / 00:00:00:000:0 / forestfire(01)
0 / L / Y / 00:00:00:000:0 / forestfire(1,0,0)(14) / out /    300.00000 / forestfire(01)
0 / L / D / 00:00:00:000:0 / forestfire(1,0,0)(14) / 00:00:00:000:0 / forestfire(01)
0 / L / Y / 00:00:00:000:0 / forestfire(1,0,1)(15) / out /      0.00000 / forestfire(01)
0 / L / D / 00:00:00:000:0 / forestfire(1,0,1)(15) / 00:00:00:000:0 / forestfire(01)
0 / L / Y / 00:00:00:000:0 / forestfire(1,1,0)(16) / out /    209.00000 / forestfire(01)
0 / L / D / 00:00:00:000:0 / forestfire(1,1,0)(16) / 00:00:00:000:0 / forestfire(01)
0 / L / Y / 00:00:00:000:0 / forestfire(1,1,1)(17) / out /      1.00000 / forestfire(01)
0 / L / D / 00:00:00:000:0 / forestfire(1,1,1)(17) / 00:00:00:000:0 / forestfire(01)
0 / L / Y / 00:00:00:000:0 / forestfire(1,2,0)(18) / out /    570.00000 / forestfire(01)
0 / L / D / 00:00:00:000:0 / forestfire(1,2,0)(18) / 00:00:00:000:0 / forestfire(01)
0 / L / Y / 00:00:00:000:0 / forestfire(1,2,1)(19) / out /      1.00000 / forestfire(01)
0 / L / D / 00:00:00:000:0 / forestfire(1,2,1)(19) / 00:00:00:000:0 / forestfire(01)
0 / L / Y / 00:00:00:000:0 / forestfire(1,3,0)(20) / out /    570.00000 / forestfire(01)
0 / L / D / 00:00:00:000:0 / forestfire(1,3,0)(20) / 00:00:00:000:0 / forestfire(01)
0 / L / Y / 00:00:00:000:0 / forestfire(1,3,1)(21) / out /      1.00000 / forestfire(01)
0 / L / D / 00:00:00:000:0 / forestfire(1,3,1)(21) / 00:00:00:000:0 / forestfire(01)
0 / L / Y / 00:00:00:000:0 / forestfire(1,4,0)(22) / out /    570.00000 / forestfire(01)
0 / L / D / 00:00:00:000:0 / forestfire(1,4,0)(22) / 00:00:00:000:0 / forestfire(01)
0 / L / Y / 00:00:00:000:0 / forestfire(1,4,1)(23) / out /      1.00000 / forestfire(01)
0 / L / D / 00:00:00:000:0 / forestfire(1,4,1)(23) / 00:00:00:000:0 / forestfire(01)
0 / L / Y / 00:00:00:000:0 / forestfire(1,5,0)(24) / out /    300.00000 / forestfire(01)
0 / L / D / 00:00:00:000:0 / forestfire(1,5,0)(24) / 00:00:00:000:0 / forestfire(01)
0 / L / Y / 00:00:00:000:0 / forestfire(1,5,1)(25) / out /      0.00000 / forestfire(01)
0 / L / D / 00:00:00:000:0 / forestfire(1,5,1)(25) / 00:00:00:000:0 / forestfire(01)
0 / L / Y / 00:00:00:000:0 / forestfire(2,0,0)(26) / out /    300.00000 / forestfire(01)
0 / L / D / 00:00:00:000:0 / forestfire(2,0,0)(26) / 00:00:00:000:0 / forestfire(01)
0 / L / Y / 00:00:00:000:0 / forestfire(2,0,1)(27) / out /      0.00000 / forestfire(01)
0 / L / D / 00:00:00:000:0 / forestfire(2,0,1)(27) / 00:00:00:000:0 / forestfire(01)
0 / L / Y / 00:00:00:000:0 / forestfire(2,1,0)(28) / out /    570.00000 / forestfire(01)
0 / L / D / 00:00:00:000:0 / forestfire(2,1,0)(28) / 00:00:00:000:0 / forestfire(01)
0 / L / Y / 00:00:00:000:0 / forestfire(2,1,1)(29) / out /      1.00000 / forestfire(01)
0 / L / D / 00:00:00:000:0 / forestfire(2,1,1)(29) / 00:00:00:000:0 / forestfire(01)
0 / L / Y / 00:00:00:000:0 / forestfire(2,2,0)(30) / out /    570.00000 / forestfire(01)
0 / L / D / 00:00:00:000:0 / forestfire(2,2,0)(30) / 00:00:00:000:0 / forestfire(01)
0 / L / Y / 00:00:00:000:0 / forestfire(2,2,1)(31) / out /      1.00000 / forestfire(01)
0 / L / D / 00:00:00:000:0 / forestfire(2,2,1)(31) / 00:00:00:000:0 / forestfire(01)
0 / L / Y / 00:00:00:000:0 / forestfire(2,3,0)(32) / out /    570.00000 / forestfire(01)
0 / L / D / 00:00:00:000:0 / forestfire(2,3,0)(32) / 00:00:00:000:0 / forestfire(01)
0 / L / Y / 00:00:00:000:0 / forestfire(2,3,1)(33) / out /      1.00000 / forestfire(01)
0 / L / D / 00:00:00:000:0 / forestfire(2,3,1)(33) / 00:00:00:000:0 / forestfire(01)
0 / L / Y / 00:00:00:000:0 / forestfire(2,4,0)(34) / out /    570.00000 / forestfire(01)
0 / L / D / 00:00:00:000:0 / forestfire(2,4,0)(34) / 00:00:00:000:0 / forestfire(01)
0 / L / Y / 00:00:00:000:0 / forestfire(2,4,1)(35) / out /      1.00000 / forestfire(01)
0 / L / D / 00:00:00:000:0 / forestfire(2,4,1)(35) / 00:00:00:000:0 / forestfire(01)
0 / L / Y / 00:00:00:000:0 / forestfire(2,5,0)(36) / out /    300.00000 / forestfire(01)
0 / L / D / 00:00:00:000:0 / forestfire(2,5,0)(36) / 00:00:00:000:0 / forestfire(01)
0 / L / Y / 00:00:00:000:0 / forestfire(2,5,1)(37) / out /      0.00000 / forestfire(01)
0 / L / D / 00:00:00:000:0 / forestfire(2,5,1)(37) / 00:00:00:000:0 / forestfire(01)
0 / L / Y / 00:00:00:000:0 / forestfire(3,0,0)(38) / out /    300.00000 / forestfire(01)
0 / L / D / 00:00:00:000:0 / forestfire(3,0,0)(38) / 00:00:00:000:0 / forestfire(01)
0 / L / Y / 00:00:00:000:0 / forestfire(3,0,1)(39) / out /      0.00000 / forestfire(01)
0 / L / D / 00:00:00:000:0 / forestfire(3,0,1)(39) / 00:00:00:000:0 / forestfire(01)
0 / L / Y / 00:00:00:000:0 / forestfire(3,1,0)(40) / out /    570.00000 / forestfire(01)
0 / L / D / 00:00:00:000:0 / forestfire(3,1,0)(40) / 00:00:00:000:0 / forestfire(01)
0 / L / Y / 00:00:00:000:0 / forestfire(3,1,1)(41) / out /      1.00000 / forestfire(01)
0 / L / D / 00:00:00:000:0 / forestfire(3,1,1)(41) / 00:00:00:000:0 / forestfire(01)
0 / L / Y / 00:00:00:000:0 / forestfire(3,2,0)(42) / out /    570.00000 / forestfire(01)
0 / L / D / 00:00:00:000:0 / forestfire(3,2,0)(42) / 00:00:00:000:0 / forestfire(01)
0 / L / Y / 00:00:00:000:0 / forestfire(3,2,1)(43) / out /      1.00000 / forestfire(01)
0 / L / D / 00:00:00:000:0 / forestfire(3,2,1)(43) / 00:00:00:000:0 / forestfire(01)
0 / L / Y / 00:00:00:000:0 / forestfire(3,3,0)(44) / out /    570.00000 / forestfire(01)
0 / L / D / 00:00:00:000:0 / forestfire(3,3,0)(44) / 00:00:00:000:0 / forestfire(01)
0 / L / Y / 00:00:00:000:0 / forestfire(3,3,1)(45) / out /      1.00000 / forestfire(01)
0 / L / D / 00:00:00:000:0 / forestfire(3,3,1)(45) / 00:00:00:000:0 / forestfire(01)
0 / L / Y / 00:00:00:000:0 / forestfire(3,4,0)(46) / out /    570.00000 / forestfire(01)
0 / L / D / 00:00:00:000:0 / forestfire(3,4,0)(46) / 00:00:00:000:0 / forestfire(01)
0 / L / Y / 00:00:00:000:0 / forestfire(3,4,1)(47) / out /      1.00000 / forestfire(01)
0 / L / D / 00:00:00:000:0 / forestfire(3,4,1)(47) / 00:00:00:000:0 / forestfire(01)
0 / L / Y / 00:00:00:000:0 / forestfire(3,5,0)(48) / out /    300.00000 / forestfire(01)
0 / L / D / 00:00:00:000:0 / forestfire(3,5,0)(48) / 00:00:00:000:0 / forestfire(01)
0 / L / Y / 00:00:00:000:0 / forestfire(3,5,1)(49) / out /      0.00000 / forestfire(01)
0 / L / D / 00:00:00:000:0 / forestfire(3,5,1)(49) / 00:00:00:000:0 / forestfire(01)
0 / L / Y / 00:00:00:000:0 / forestfire(4,0,0)(50) / out /    300.00000 / forestfire(01)
0 / L / D / 00:00:00:000:0 / forestfire(4,0,0)(50) / 00:00:00:000:0 / forestfire(01)
0 / L / Y / 00:00:00:000:0 / forestfire(4,0,1)(51) / out /      0.00000 / forestfire(01)
0 / L / D / 00:00:00:000:0 / forestfire(4,0,1)(51) / 00:00:00:000:0 / forestfire(01)
0 / L / Y / 00:00:00:000:0 / forestfire(4,1,0)(52) / out /    570.00000 / forestfire(01)
0 / L / D / 00:00:00:000:0 / forestfire(4,1,0)(52) / 00:00:00:000:0 / forestfire(01)
0 / L / Y / 00:00:00:000:0 / forestfire(4,1,1)(53) / out /      1.00000 / forestfire(01)
0 / L / D / 00:00:00:000:0 / forestfire(4,1,1)(53) / 00:00:00:000:0 / forestfire(01)
0 / L / Y / 00:00:00:000:0 / forestfire(4,2,0)(54) / out /    570.00000 / forestfire(01)
0 / L / D / 00:00:00:000:0 / forestfire(4,2,0)(54) / 00:00:00:000:0 / forestfire(01)
0 / L / Y / 00:00:00:000:0 / forestfire(4,2,1)(55) / out /      1.00000 / forestfire(01)
0 / L / D / 00:00:00:000:0 / forestfire(4,2,1)(55) / 00:00:00:000:0 / forestfire(01)
0 / L / Y / 00:00:00:000:0 / forestfire(4,3,0)(56) / out /    570.00000 / forestfire(01)
0 / L / D / 00:00:00:000:0 / forestfire(4,3,0)(56) / 00:00:00:000:0 / forestfire(01)
0 / L / Y / 00:00:00:000:0 / forestfire(4,3,1)(57) / out /      1.00000 / forestfire(01)
0 / L / D / 00:00:00:000:0 / forestfire(4,3,1)(57) / 00:00:00:000:0 / forestfire(01)
0 / L / Y / 00:00:00:000:0 / forestfire(4,4,0)(58) / out /    570.00000 / forestfire(01)
0 / L / D / 00:00:00:000:0 / forestfire(4,4,0)(58) / 00:00:00:000:0 / forestfire(01)
0 / L / Y / 00:00:00:000:0 / forestfire(4,4,1)(59) / out /      0.00000 / forestfire(01)
0 / L / D / 00:00:00:000:0 / forestfire(4,4,1)(59) / 00:00:00:000:0 / forestfire(01)
0 / L / Y / 00:00:00:000:0 / forestfire(4,5,0)(60) / out /    300.00000 / forestfire(01)
0 / L / D / 00:00:00:000:0 / forestfire(4,5,0)(60) / 00:00:00:000:0 / forestfire(01)
0 / L / Y / 00:00:00:000:0 / forestfire(4,5,1)(61) / out /      0.00000 / forestfire(01)
0 / L / D / 00:00:00:000:0 / forestfire(4,5,1)(61) / 00:00:00:000:0 / forestfire(01)
0 / L / Y / 00:00:00:000:0 / forestfire(5,0,0)(62) / out /    300.00000 / forestfire(01)
0 / L / D / 00:00:00:000:0 / forestfire(5,0,0)(62) / 00:00:00:000:0 / forestfire(01)
0 / L / Y / 00:00:00:000:0 / forestfire(5,0,1)(63) / out /      0.00000 / forestfire(01)
0 / L / D / 00:00:00:000:0 / forestfire(5,0,1)(63) / 00:00:00:000:0 / forestfire(01)
0 / L / Y / 00:00:00:000:0 / forestfire(5,1,0)(64) / out /    300.00000 / forestfire(01)
0 / L / D / 00:00:00:000:0 / forestfire(5,1,0)(64) / 00:00:00:000:0 / forestfire(01)
0 / L / Y / 00:00:00:000:0 / forestfire(5,1,1)(65) / out /      0.00000 / forestfire(01)
0 / L / D / 00:00:00:000:0 / forestfire(5,1,1)(65) / 00:00:00:000:0 / forestfire(01)
0 / L / Y / 00:00:00:000:0 / forestfire(5,2,0)(66) / out /    300.00000 / forestfire(01)
0 / L / D / 00:00:00:000:0 / forestfire(5,2,0)(66) / 00:00:00:000:0 / forestfire(01)
0 / L / Y / 00:00:00:000:0 / forestfire(5,2,1)(67) / out /      0.00000 / forestfire(01)
0 / L / D / 00:00:00:000:0 / forestfire(5,2,1)(67) / 00:00:00:000:0 / forestfire(01)
0 / L / Y / 00:00:00:000:0 / forestfire(5,3,0)(68) / out /    300.00000 / forestfire(01)
0 / L / D / 00:00:00:000:0 / forestfire(5,3,0)(68) / 00:00:00:000:0 / forestfire(01)
0 / L / Y / 00:00:00:000:0 / forestfire(5,3,1)(69) / out /      0.00000 / forestfire(01)
0 / L / D / 00:00:00:000:0 / forestfire(5,3,1)(69) / 00:00:00:000:0 / forestfire(01)
0 / L / Y / 00:00:00:000:0 / forestfire(5,4,0)(70) / out /    300.00000 / forestfire(01)
0 / L / D / 00:00:00:000:0 / forestfire(5,4,0)(70) / 00:00:00:000:0 / forestfire(01)
0 / L / Y / 00:00:00:000:0 / forestfire(5,4,1)(71) / out /      0.00000 / forestfire(01)
0 / L / D / 00:00:00:000:0 / forestfire(5,4,1)(71) / 00:00:00:000:0 / forestfire(01)
0 / L / Y / 00:00:00:000:0 / forestfire(5,5,0)(72) / out /    300.00000 / forestfire(01)
0 / L / D / 00:00:00:000:0 / forestfire(5,5,0)(72) / 00:00:00:000:0 / forestfire(01)
0 / L / Y / 00:00:00:000:0 / forestfire(5,5,1)(73) / out /      0.00000 / forestfire(01)
0 / L / D / 00:00:00:000:0 / forestfire(5,5,1)(73) / 00:00:00:000:0 / forestfire(01)
0 / L / * / 00:00:00:000:0 / top(74) / forestfire(01)
0 / L / D / 00:00:00:000:0 / forestfire(0,0,0)(02) / 00:00:00:001:0 / forestfire(01)
0 / L / D / 00:00:00:000:0 / forestfire(0,0,1)(03) / ... / forestfire(01)
0 / L / D / 00:00:00:000:0 / forestfire(0,1,0)(04) / 00:00:00:001:0 / forestfire(01)
0 / L / D / 00:00:00:000:0 / forestfire(0,1,1)(05) / ... / forestfire(01)
0 / L / D / 00:00:00:000:0 / forestfire(0,2,0)(06) / 00:00:00:001:0 / forestfire(01)
0 / L / D / 00:00:00:000:0 / forestfire(0,2,1)(07) / ... / forestfire(01)
0 / L / D / 00:00:00:000:0 / forestfire(0,3,0)(08) / 00:00:00:001:0 / forestfire(01)
0 / L / D / 00:00:00:000:0 / forestfire(0,3,1)(09) / ... / forestfire(01)
0 / L / D / 00:00:00:000:0 / forestfire(0,4,0)(10) / 00:00:00:001:0 / forestfire(01)
0 / L / D / 00:00:00:000:0 / forestfire(0,4,1)(11) / ... / forestfire(01)
0 / L / D / 00:00:00:000:0 / forestfire(0,5,0)(12) / 00:00:00:001:0 / forestfire(01)
0 / L / D / 00:00:00:000:0 / forestfire(0,5,1)(13) / ... / forestfire(01)
0 / L / D / 00:00:00:000:0 / forestfire(1,0,0)(14) / 00:00:00:001:0 / forestfire(01)
0 / L / D / 00:00:00:000:0 / forestfire(1,0,1)(15) / ... / forestfire(01)
0 / L / D / 00:00:00:000:0 / forestfire(1,1,0)(16) / ... / forestfire(01)
0 / L / D / 00:00:00:000:0 / forestfire(1,1,1)(17) / ... / forestfire(01)
0 / L / D / 00:00:00:000:0 / forestfire(1,2,0)(18) / 00:00:00:001:0 / forestfire(01)
0 / L / D / 00:00:00:000:0 / forestfire(1,2,1)(19) / ... / forestfire(01)
0 / L / D / 00:00:00:000:0 / forestfire(1,3,0)(20) / 00:00:00:001:0 / forestfire(01)
0 / L / D / 00:00:00:000:0 / forestfire(1,3,1)(21) / ... / forestfire(01)
0 / L / D / 00:00:00:000:0 / forestfire(1,4,0)(22) / 00:00:00:001:0 / forestfire(01)
0 / L / D / 00:00:00:000:0 / forestfire(1,4,1)(23) / ... / forestfire(01)
0 / L / D / 00:00:00:000:0 / forestfire(1,5,0)(24) / 00:00:00:001:0 / forestfire(01)
0 / L / D / 00:00:00:000:0 / forestfire(1,5,1)(25) / ... / forestfire(01)
0 / L / D / 00:00:00:000:0 / forestfire(2,0,0)(26) / 00:00:00:001:0 / forestfire(01)
0 / L / D / 00:00:00:000:0 / forestfire(2,0,1)(27) / ... / forestfire(01)
0 / L / D / 00:00:00:000:0 / forestfire(2,1,0)(28) / 00:00:00:001:0 / forestfire(01)
0 / L / D / 00:00:00:000:0 / forestfire(2,1,1)(29) / ... / forestfire(01)
0 / L / D / 00:00:00:000:0 / forestfire(2,2,0)(30) / 00:00:00:001:0 / forestfire(01)
0 / L / D / 00:00:00:000:0 / forestfire(2,2,1)(31) / ... / forestfire(01)
0 / L / D / 00:00:00:000:0 / forestfire(2,3,0)(32) / 00:00:00:001:0 / forestfire(01)
0 / L / D / 00:00:00:000:0 / forestfire(2,3,1)(33) / ... / forestfire(01)
0 / L / D / 00:00:00:000:0 / forestfire(2,4,0)(34) / 00:00:00:001:0 / forestfire(01)
0 / L / D / 00:00:00:000:0 / forestfire(2,4,1)(35) / ... / forestfire(01)
0 / L / D / 00:00:00:000:0 / forestfire(2,5,0)(36) / 00:00:00:001:0 / forestfire(01)
0 / L / D / 00:00:00:000:0 / forestfire(2,5,1)(37) / ... / forestfire(01)
0 / L / D / 00:00:00:000:0 / forestfire(3,0,0)(38) / 00:00:00:001:0 / forestfire(01)
0 / L / D / 00:00:00:000:0 / forestfire(3,0,1)(39) / ... / forestfire(01)
0 / L / D / 00:00:00:000:0 / forestfire(3,1,0)(40) / 00:00:00:001:0 / forestfire(01)
0 / L / D / 00:00:00:000:0 / forestfire(3,1,1)(41) / ... / forestfire(01)
0 / L / D / 00:00:00:000:0 / forestfire(3,2,0)(42) / 00:00:00:001:0 / forestfire(01)
0 / L / D / 00:00:00:000:0 / forestfire(3,2,1)(43) / ... / forestfire(01)
0 / L / D / 00:00:00:000:0 / forestfire(3,3,0)(44) / 00:00:00:001:0 / forestfire(01)
0 / L / D / 00:00:00:000:0 / forestfire(3,3,1)(45) / ... / forestfire(01)
0 / L / D / 00:00:00:000:0 / forestfire(3,4,0)(46) / 00:00:00:001:0 / forestfire(01)
0 / L / D / 00:00:00:000:0 / forestfire(3,4,1)(47) / ... / forestfire(01)
0 / L / D / 00:00:00:000:0 / forestfire(3,5,0)(48) / 00:00:00:001:0 / forestfire(01)
0 / L / D / 00:00:00:000:0 / forestfire(3,5,1)(49) / ... / forestfire(01)
0 / L / D / 00:00:00:000:0 / forestfire(4,0,0)(50) / 00:00:00:001:0 / forestfire(01)
0 / L / D / 00:00:00:000:0 / forestfire(4,0,1)(51) / ... / forestfire(01)
0 / L / D / 00:00:00:000:0 / forestfire(4,1,0)(52) / 00:00:00:001:0 / forestfire(01)
0 / L / D / 00:00:00:000:0 / forestfire(4,1,1)(53) / ... / forestfire(01)
0 / L / D / 00:00:00:000:0 / forestfire(4,2,0)(54) / 00:00:00:001:0 / forestfire(01)
0 / L / D / 00:00:00:000:0 / forestfire(4,2,1)(55) / ... / forestfire(01)
0 / L / D / 00:00:00:000:0 / forestfire(4,3,0)(56) / 00:00:00:001:0 / forestfire(01)
0 / L / D / 00:00:00:000:0 / forestfire(4,3,1)(57) / ... / forestfire(01)
0 / L / D / 00:00:00:000:0 / forestfire(4,4,0)(58) / 00:00:00:001:0 / forestfire(01)
0 / L / D / 00:00:00:000:0 / forestfire(4,4,1)(59) / ... / forestfire(01)
0 / L / D / 00:00:00:000:0 / forestfire(4,5,0)(60) / 00:00:00:001:0 / forestfire(01)
0 / L / D / 00:00:00:000:0 / forestfire(4,5,1)(61) / ... / forestfire(01)
0 / L / D / 00:00:00:000:0 / forestfire(5,0,0)(62) / 00:00:00:001:0 / forestfire(01)
0 / L / D / 00:00:00:000:0 / forestfire(5,0,1)(63) / ... / forestfire(01)
0 / L / D / 00:00:00:000:0 / forestfire(5,1,0)(64) / 00:00:00:001:0 / forestfire(01)
0 / L / D / 00:00:00:000:0 / forestfire(5,1,1)(65) / ... / forestfire(01)
0 / L / D / 00:00:00:000:0 / forestfire(5,2,0)(66) / 00:00:00:001:0 / forestfire(01)
0 / L / D / 00:00:00:000:0 / forestfire(5,2,1)(67) / ... / forestfire(01)
0 / L / D / 00:00:00:000:0 / forestfire(5,3,0)(68) / 00:00:00:001:0 / forestfire(01)
0 / L / D / 00:00:00:000:0 / forestfire(5,3,1)(69) / ... / forestfire(01)
0 / L / D / 00:00:00:000:0 / forestfire(5,4,0)(70) / 00:00:00:001:0 / forestfire(01)
0 / L / D / 00:00:00:000:0 / forestfire(5,4,1)(71) / ... / forestfire(01)
0 / L / D / 00:00:00:000:0 / forestfire(5,5,0)(72) / 00:00:00:001:0 / forestfire(01)
0 / L / D / 00:00:00:000:0 / forestfire(5,5,1)(73) / ... / forestfire(01)
0 / L / @ / 00:00:00:001:0 / top(74) / forestfire(01)
0 / L / Y / 00:00:00:001:0 / forestfire(0,0,0)(02) / out /            ? / forestfire(01)
0 / L / D / 00:00:00:001:0 / forestfire(0,0,0)(02) / 00:00:00:000:0 / forestfire(01)
0 / L / Y / 00:00:00:001:0 / forestfire(0,1,0)(04) / out /            ? / forestfire(01)
0 / L / D / 00:00:00:001:0 / forestfire(0,1,0)(04) / 00:00:00:000:0 / forestfire(01)
0 / L / Y / 00:00:00:001:0 / forestfire(0,2,0)(06) / out /            ? / forestfire(01)
0 / L / D / 00:00:00:001:0 / forestfire(0,2,0)(06) / 00:00:00:000:0 / forestfire(01)
0 / L / Y / 00:00:00:001:0 / forestfire(0,3,0)(08) / out /            ? / forestfire(01)
0 / L / D / 00:00:00:001:0 / forestfire(0,3,0)(08) / 00:00:00:000:0 / forestfire(01)
0 / L / Y / 00:00:00:001:0 / forestfire(0,4,0)(10) / out /            ? / forestfire(01)
0 / L / D / 00:00:00:001:0 / forestfire(0,4,0)(10) / 00:00:00:000:0 / forestfire(01)
0 / L / Y / 00:00:00:001:0 / forestfire(0,5,0)(12) / out /            ? / forestfire(01)
0 / L / D / 00:00:00:001:0 / forestfire(0,5,0)(12) / 00:00:00:000:0 / forestfire(01)
0 / L / Y / 00:00:00:001:0 / forestfire(1,0,0)(14) / out /            ? / forestfire(01)
0 / L / D / 00:00:00:001:0 / forestfire(1,0,0)(14) / 00:00:00:000:0 / forestfire(01)
0 / L / Y / 00:00:00:001:0 / forestfire(1,2,0)(18) / out /    567.85221 / forestfire(01)
0 / L / D / 00:00:00:001:0 / forestfire(1,2,0)(18) / 00:00:00:000:0 / forestfire(01)
0 / L / Y / 00:00:00:001:0 / forestfire(1,3,0)(20) / out /    568.97131 / forestfire(01)
0 / L / D / 00:00:00:001:0 / forestfire(1,3,0)(20) / 00:00:00:000:0 / forestfire(01)
0 / L / Y / 00:00:00:001:0 / forestfire(1,4,0)(22) / out /    568.13431 / forestfire(01)
0 / L / D / 00:00:00:001:0 / forestfire(1,4,0)(22) / 00:00:00:000:0 / forestfire(01)
0 / L / Y / 00:00:00:001:0 / forestfire(1,5,0)(24) / out /            ? / forestfire(01)
0 / L / D / 00:00:00:001:0 / forestfire(1,5,0)(24) / 00:00:00:000:0 / forestfire(01)
0 / L / Y / 00:00:00:001:0 / forestfire(2,0,0)(26) / out /            ? / forestfire(01)
0 / L / D / 00:00:00:001:0 / forestfire(2,0,0)(26) / 00:00:00:000:0 / forestfire(01)
0 / L / Y / 00:00:00:001:0 / forestfire(2,1,0)(28) / out /    567.85221 / forestfire(01)
0 / L / D / 00:00:00:001:0 / forestfire(2,1,0)(28) / 00:00:00:000:0 / forestfire(01)
0 / L / Y / 00:00:00:001:0 / forestfire(2,2,0)(30) / out /    569.80831 / forestfire(01)
0 / L / D / 00:00:00:001:0 / forestfire(2,2,0)(30) / 00:00:00:000:0 / forestfire(01)
0 / L / Y / 00:00:00:001:0 / forestfire(2,3,0)(32) / out /    569.80831 / forestfire(01)
0 / L / D / 00:00:00:001:0 / forestfire(2,3,0)(32) / 00:00:00:000:0 / forestfire(01)
0 / L / Y / 00:00:00:001:0 / forestfire(2,4,0)(34) / out /    568.97131 / forestfire(01)
0 / L / D / 00:00:00:001:0 / forestfire(2,4,0)(34) / 00:00:00:000:0 / forestfire(01)
0 / L / Y / 00:00:00:001:0 / forestfire(2,5,0)(36) / out /            ? / forestfire(01)
0 / L / D / 00:00:00:001:0 / forestfire(2,5,0)(36) / 00:00:00:000:0 / forestfire(01)
0 / L / Y / 00:00:00:001:0 / forestfire(3,0,0)(38) / out /            ? / forestfire(01)
0 / L / D / 00:00:00:001:0 / forestfire(3,0,0)(38) / 00:00:00:000:0 / forestfire(01)
0 / L / Y / 00:00:00:001:0 / forestfire(3,1,0)(40) / out /    568.97131 / forestfire(01)
0 / L / D / 00:00:00:001:0 / forestfire(3,1,0)(40) / 00:00:00:000:0 / forestfire(01)
0 / L / Y / 00:00:00:001:0 / forestfire(3,2,0)(42) / out /    569.80831 / forestfire(01)
0 / L / D / 00:00:00:001:0 / forestfire(3,2,0)(42) / 00:00:00:000:0 / forestfire(01)
0 / L / Y / 00:00:00:001:0 / forestfire(3,3,0)(44) / out /    569.80831 / forestfire(01)
0 / L / D / 00:00:00:001:0 / forestfire(3,3,0)(44) / 00:00:00:000:0 / forestfire(01)
0 / L / Y / 00:00:00:001:0 / forestfire(3,4,0)(46) / out /    568.97131 / forestfire(01)
0 / L / D / 00:00:00:001:0 / forestfire(3,4,0)(46) / 00:00:00:000:0 / forestfire(01)
0 / L / Y / 00:00:00:001:0 / forestfire(3,5,0)(48) / out /            ? / forestfire(01)
0 / L / D / 00:00:00:001:0 / forestfire(3,5,0)(48) / 00:00:00:000:0 / forestfire(01)
0 / L / Y / 00:00:00:001:0 / forestfire(4,0,0)(50) / out /            ? / forestfire(01)
0 / L / D / 00:00:00:001:0 / forestfire(4,0,0)(50) / 00:00:00:000:0 / forestfire(01)
0 / L / Y / 00:00:00:001:0 / forestfire(4,1,0)(52) / out /    568.13431 / forestfire(01)
0 / L / D / 00:00:00:001:0 / forestfire(4,1,0)(52) / 00:00:00:000:0 / forestfire(01)
0 / L / Y / 00:00:00:001:0 / forestfire(4,2,0)(54) / out /    568.97131 / forestfire(01)
0 / L / D / 00:00:00:001:0 / forestfire(4,2,0)(54) / 00:00:00:000:0 / forestfire(01)
0 / L / Y / 00:00:00:001:0 / forestfire(4,3,0)(56) / out /    568.97131 / forestfire(01)
0 / L / D / 00:00:00:001:0 / forestfire(4,3,0)(56) / 00:00:00:000:0 / forestfire(01)
0 / L / Y / 00:00:00:001:0 / forestfire(4,4,0)(58) / out /    568.13431 / forestfire(01)
0 / L / D / 00:00:00:001:0 / forestfire(4,4,0)(58) / 00:00:00:000:0 / forestfire(01)
0 / L / Y / 00:00:00:001:0 / forestfire(4,5,0)(60) / out /            ? / forestfire(01)
0 / L / D / 00:00:00:001:0 / forestfire(4,5,0)(60) / 00:00:00:000:0 / forestfire(01)
0 / L / Y / 00:00:00:001:0 / forestfire(5,0,0)(62) / out /            ? / forestfire(01)
0 / L / D / 00:00:00:001:0 / forestfire(5,0,0)(62) / 00:00:00:000:0 / forestfire(01)
0 / L / Y / 00:00:00:001:0 / forestfire(5,1,0)(64) / out /            ? / forestfire(01)
0 / L / D / 00:00:00:001:0 / forestfire(5,1,0)(64) / 00:00:00:000:0 / forestfire(01)
0 / L / Y / 00:00:00:001:0 / forestfire(5,2,0)(66) / out /            ? / forestfire(01)
0 / L / D / 00:00:00:001:0 / forestfire(5,2,0)(66) / 00:00:00:000:0 / forestfire(01)
0 / L / Y / 00:00:00:001:0 / forestfire(5,3,0)(68) / out /            ? / forestfire(01)
0 / L / D / 00:00:00:001:0 / forestfire(5,3,0)(68) / 00:00:00:000:0 / forestfire(01)
0 / L / Y / 00:00:00:001:0 / forestfire(5,4,0)(70) / out /            ? / forestfire(01)
0 / L / D / 00:00:00:001:0 / forestfire(5,4,0)(70) / 00:00:00:000:0 / forestfire(01)
0 / L / Y / 00:00:00:001:0 / forestfire(5,5,0)(72) / out /            ? / forestfire(01)
0 / L / D / 00:00:00:001:0 / forestfire(5,5,0)(72) / 00:00:00:000:0 / forestfire(01)
0 / L / * / 00:00:00:001:0 / top(74) / forestfire(01)
0 / L / D / 00:00:00:001:0 / forestfire(0,0,0)(02) / ... / forestfire(01)
0 / L / D / 00:00:00:001:0 / forestfire(0,0,1)(03) / ... / forestfire(01)
0 / L / D / 00:00:00:001:0 / forestfire(0,1,0)(04) / ... / forestfire(01)
0 / L / D / 00:00:00:001:0 / forestfire(0,1,1)(05) / ... / forestfire(01)
0 / L / D / 00:00:00:001:0 / forestfire(0,2,0)(06) / ... / forestfire(01)
0 / L / D / 00:00:00:001:0 / forestfire(0,2,1)(07) / ... / forestfire(01)
0 / L / D / 00:00:00:001:0 / forestfire(0,3,0)(08) / ... / forestfire(01)
0 / L / D / 00:00:00:001:0 / forestfire(0,3,1)(09) / ... / forestfire(01)
0 / L / D / 00:00:00:001:0 / forestfire(0,4,0)(10) / ... / forestfire(01)
0 / L / D / 00:00:00:001:0 / forestfire(0,4,1)(11) / ... / forestfire(01)
0 / L / D / 00:00:00:001:0 / forestfire(0,5,0)(12) / ... / forestfire(01)
0 / L / D / 00:00:00:001:0 / forestfire(0,5,1)(13) / ... / forestfire(01)
0 / L / D / 00:00:00:001:0 / forestfire(1,0,0)(14) / ... / forestfire(01)
0 / L / D / 00:00:00:001:0 / forestfire(1,0,1)(15) / ... / forestfire(01)
0 / L / D / 00:00:00:001:0 / forestfire(1,1,0)(16) / ... / forestfire(01)
0 / L / D / 00:00:00:001:0 / forestfire(1,2,0)(18) / 00:00:00:001:0 / forestfire(01)
0 / L / D / 00:00:00:001:0 / forestfire(1,2,1)(19) / ... / forestfire(01)
0 / L / D / 00:00:00:001:0 / forestfire(1,3,0)(20) / 00:00:00:001:0 / forestfire(01)
0 / L / D / 00:00:00:001:0 / forestfire(1,3,1)(21) / ... / forestfire(01)
0 / L / D / 00:00:00:001:0 / forestfire(1,4,0)(22) / 00:00:00:001:0 / forestfire(01)
0 / L / D / 00:00:00:001:0 / forestfire(1,4,1)(23) / ... / forestfire(01)
0 / L / D / 00:00:00:001:0 / forestfire(1,5,0)(24) / ... / forestfire(01)
0 / L / D / 00:00:00:001:0 / forestfire(1,5,1)(25) / ... / forestfire(01)
0 / L / D / 00:00:00:001:0 / forestfire(2,0,0)(26) / ... / forestfire(01)
0 / L / D / 00:00:00:001:0 / forestfire(2,0,1)(27) / ... / forestfire(01)
0 / L / D / 00:00:00:001:0 / forestfire(2,1,0)(28) / 00:00:00:001:0 / forestfire(01)
0 / L / D / 00:00:00:001:0 / forestfire(2,1,1)(29) / ... / forestfire(01)
0 / L / D / 00:00:00:001:0 / forestfire(2,2,0)(30) / 00:00:00:001:0 / forestfire(01)
0 / L / D / 00:00:00:001:0 / forestfire(2,2,1)(31) / ... / forestfire(01)
0 / L / D / 00:00:00:001:0 / forestfire(2,3,0)(32) / 00:00:00:001:0 / forestfire(01)
0 / L / D / 00:00:00:001:0 / forestfire(2,3,1)(33) / ... / forestfire(01)
0 / L / D / 00:00:00:001:0 / forestfire(2,4,0)(34) / 00:00:00:001:0 / forestfire(01)
0 / L / D / 00:00:00:001:0 / forestfire(2,4,1)(35) / ... / forestfire(01)
0 / L / D / 00:00:00:001:0 / forestfire(2,5,0)(36) / ... / forestfire(01)
0 / L / D / 00:00:00:001:0 / forestfire(2,5,1)(37) / ... / forestfire(01)
0 / L / D / 00:00:00:001:0 / forestfire(3,0,0)(38) / ... / forestfire(01)
0 / L / D / 00:00:00:001:0 / forestfire(3,0,1)(39) / ... / forestfire(01)
0 / L / D / 00:00:00:001:0 / forestfire(3,1,0)(40) / 00:00:00:001:0 / forestfire(01)
0 / L / D / 00:00:00:001:0 / forestfire(3,1,1)(41) / ... / forestfire(01)
0 / L / D / 00:00:00:001:0 / forestfire(3,2,0)(42) / 00:00:00:001:0 / forestfire(01)
0 / L / D / 00:00:00:001:0 / forestfire(3,2,1)(43) / ... / forestfire(01)
0 / L / D / 00:00:00:001:0 / forestfire(3,3,0)(44) / 00:00:00:001:0 / forestfire(01)
0 / L / D / 00:00:00:001:0 / forestfire(3,3,1)(45) / ... / forestfire(01)
0 / L / D / 00:00:00:001:0 / forestfire(3,4,0)(46) / 00:00:00:001:0 / forestfire(01)
0 / L / D / 00:00:00:001:0 / forestfire(3,4,1)(47) / ... / forestfire(01)
0 / L / D / 00:00:00:001:0 / forestfire(3,5,0)(48) / ... / forestfire(01)
0 / L / D / 00:00:00:001:0 / forestfire(3,5,1)(49) / ... / forestfire(01)
0 / L / D / 00:00:00:001:0 / forestfire(4,0,0)(50) / ... / forestfire(01)
0 / L / D / 00:00:00:001:0 / forestfire(4,0,1)(51) / ... / forestfire(01)
0 / L / D / 00:00:00:001:0 / forestfire(4,1,0)(52) / 00:00:00:001:0 / forestfire(01)
0 / L / D / 00:00:00:001:0 / forestfire(4,1,1)(53) / ... / forestfire(01)
0 / L / D / 00:00:00:001:0 / forestfire(4,2,0)(54) / 00:00:00:001:0 / forestfire(01)
0 / L / D / 00:00:00:001:0 / forestfire(4,2,1)(55) / ... / forestfire(01)
0 / L / D / 00:00:00:001:0 / forestfire(4,3,0)(56) / 00:00:00:001:0 / forestfire(01)
0 / L / D / 00:00:00:001:0 / forestfire(4,3,1)(57) / ... / forestfire(01)
0 / L / D / 00:00:00:001:0 / forestfire(4,4,0)(58) / 00:00:00:001:0 / forestfire(01)
0 / L / D / 00:00:00:001:0 / forestfire(4,4,1)(59) / ... / forestfire(01)
0 / L / D / 00:00:00:001:0 / forestfire(4,5,0)(60) / ... / forestfire(01)
0 / L / D / 00:00:00:001:0 / forestfire(4,5,1)(61) / ... / forestfire(01)
0 / L / D / 00:00:00:001:0 / forestfire(5,0,0)(62) / ... / forestfire(01)
0 / L / D / 00:00:00:001:0 / forestfire(5,0,1)(63) / ... / forestfire(01)
0 / L / D / 00:00:00:001:0 / forestfire(5,1,0)(64) / ... / forestfire(01)
0 / L / D / 00:00:00:001:0 / forestfire(5,1,1)(65) / ... / forestfire(01)
0 / L / D / 00:00:00:001:0 / forestfire(5,2,0)(66) / ... / forestfire(01)
0 / L / D / 00:00:00:001:0 / forestfire(5,2,1)(67) / ... / forestfire(01)
0 / L / D / 00:00:00:001:0 / forestfire(5,3,0)(68) / ... / forestfire(01)
0 / L / D / 00:00:00:001:0 / forestfire(5,3,1)(69) / ... / forestfire(01)
0 / L / D / 00:00:00:001:0 / forestfire(5,4,0)(70) / ... / forestfire(01)
0 / L / D / 00:00:00:001:0 / forestfire(5,4,1)(71) / ... / forestfire(01)
0 / L / D / 00:00:00:001:0 / forestfire(5,5,0)(72) / ... / forestfire(01)
0 / L / D / 00:00:00:001:0 / forestfire(5,5,1)(73) / ... / forestfire(01)
0 / L / @ / 00:00:00:002:0 / top(74) / forestfire(01)
0 / L / Y / 00:00:00:002:0 / forestfire(1,2,0)(18) / out /            ? / forestfire(01)
0 / L / D / 00:00:00:002:0 / forestfire(1,2,0)(18) / 00:00:00:000:0 / forestfire(01)
0 / L / Y / 00:00:00:002:0 / forestfire(1,3,0)(20) / out /            ? / forestfire(01)
0 / L / D / 00:00:00:002:0 / forestfire(1,3,0)(20) / 00:00:00:000:0 / forestfire(01)
0 / L / Y / 00:00:00:002:0 / forestfire(1,4,0)(22) / out /            ? / forestfire(01)
0 / L / D / 00:00:00:002:0 / forestfire(1,4,0)(22) / 00:00:00:000:0 / forestfire(01)
0 / L / Y / 00:00:00:002:0 / forestfire(2,1,0)(28) / out /            ? / forestfire(01)
0 / L / D / 00:00:00:002:0 / forestfire(2,1,0)(28) / 00:00:00:000:0 / forestfire(01)
0 / L / Y / 00:00:00:002:0 / forestfire(2,2,0)(30) / out /    569.60463 / forestfire(01)
0 / L / D / 00:00:00:002:0 / forestfire(2,2,0)(30) / 00:00:00:000:0 / forestfire(01)
0 / L / Y / 00:00:00:002:0 / forestfire(2,3,0)(32) / out /    569.61157 / forestfire(01)
0 / L / D / 00:00:00:002:0 / forestfire(2,3,0)(32) / 00:00:00:000:0 / forestfire(01)
0 / L / Y / 00:00:00:002:0 / forestfire(2,4,0)(34) / out /            ? / forestfire(01)
0 / L / D / 00:00:00:002:0 / forestfire(2,4,0)(34) / 00:00:00:000:0 / forestfire(01)
0 / L / Y / 00:00:00:002:0 / forestfire(3,1,0)(40) / out /            ? / forestfire(01)
0 / L / D / 00:00:00:002:0 / forestfire(3,1,0)(40) / 00:00:00:000:0 / forestfire(01)
0 / L / Y / 00:00:00:002:0 / forestfire(3,2,0)(42) / out /    569.61157 / forestfire(01)
0 / L / D / 00:00:00:002:0 / forestfire(3,2,0)(42) / 00:00:00:000:0 / forestfire(01)
0 / L / Y / 00:00:00:002:0 / forestfire(3,3,0)(44) / out /    569.61157 / forestfire(01)
0 / L / D / 00:00:00:002:0 / forestfire(3,3,0)(44) / 00:00:00:000:0 / forestfire(01)
0 / L / Y / 00:00:00:002:0 / forestfire(3,4,0)(46) / out /            ? / forestfire(01)
0 / L / D / 00:00:00:002:0 / forestfire(3,4,0)(46) / 00:00:00:000:0 / forestfire(01)
0 / L / Y / 00:00:00:002:0 / forestfire(4,1,0)(52) / out /            ? / forestfire(01)
0 / L / D / 00:00:00:002:0 / forestfire(4,1,0)(52) / 00:00:00:000:0 / forestfire(01)
0 / L / Y / 00:00:00:002:0 / forestfire(4,2,0)(54) / out /            ? / forestfire(01)
0 / L / D / 00:00:00:002:0 / forestfire(4,2,0)(54) / 00:00:00:000:0 / forestfire(01)
0 / L / Y / 00:00:00:002:0 / forestfire(4,3,0)(56) / out /            ? / forestfire(01)
0 / L / D / 00:00:00:002:0 / forestfire(4,3,0)(56) / 00:00:00:000:0 / forestfire(01)
0 / L / Y / 00:00:00:002:0 / forestfire(4,4,0)(58) / out /            ? / forestfire(01)
0 / L / D / 00:00:00:002:0 / forestfire(4,4,0)(58) / 00:00:00:000:0 / forestfire(01)
0 / L / * / 00:00:00:002:0 / top(74) / forestfire(01)
0 / L / D / 00:00:00:002:0 / forestfire(0,2,0)(06) / ... / forestfire(01)
0 / L / D / 00:00:00:002:0 / forestfire(0,3,0)(08) / ... / forestfire(01)
0 / L / D / 00:00:00:002:0 / forestfire(0,4,0)(10) / ... / forestfire(01)
0 / L / D / 00:00:00:002:0 / forestfire(1,1,0)(16) / ... / forestfire(01)
0 / L / D / 00:00:00:002:0 / forestfire(1,2,0)(18) / ... / forestfire(01)
0 / L / D / 00:00:00:002:0 / forestfire(1,2,1)(19) / ... / forestfire(01)
0 / L / D / 00:00:00:002:0 / forestfire(1,3,0)(20) / ... / forestfire(01)
0 / L / D / 00:00:00:002:0 / forestfire(1,3,1)(21) / ... / forestfire(01)
0 / L / D / 00:00:00:002:0 / forestfire(1,4,0)(22) / ... / forestfire(01)
0 / L / D / 00:00:00:002:0 / forestfire(1,4,1)(23) / ... / forestfire(01)
0 / L / D / 00:00:00:002:0 / forestfire(1,5,0)(24) / ... / forestfire(01)
0 / L / D / 00:00:00:002:0 / forestfire(2,0,0)(26) / ... / forestfire(01)
0 / L / D / 00:00:00:002:0 / forestfire(2,1,0)(28) / ... / forestfire(01)
0 / L / D / 00:00:00:002:0 / forestfire(2,1,1)(29) / ... / forestfire(01)
0 / L / D / 00:00:00:002:0 / forestfire(2,2,0)(30) / 00:00:00:001:0 / forestfire(01)
0 / L / D / 00:00:00:002:0 / forestfire(2,2,1)(31) / ... / forestfire(01)
0 / L / D / 00:00:00:002:0 / forestfire(2,3,0)(32) / 00:00:00:001:0 / forestfire(01)
0 / L / D / 00:00:00:002:0 / forestfire(2,3,1)(33) / ... / forestfire(01)
0 / L / D / 00:00:00:002:0 / forestfire(2,4,0)(34) / ... / forestfire(01)
0 / L / D / 00:00:00:002:0 / forestfire(2,4,1)(35) / ... / forestfire(01)
0 / L / D / 00:00:00:002:0 / forestfire(2,5,0)(36) / ... / forestfire(01)
0 / L / D / 00:00:00:002:0 / forestfire(3,0,0)(38) / ... / forestfire(01)
0 / L / D / 00:00:00:002:0 / forestfire(3,1,0)(40) / ... / forestfire(01)
0 / L / D / 00:00:00:002:0 / forestfire(3,1,1)(41) / ... / forestfire(01)
0 / L / D / 00:00:00:002:0 / forestfire(3,2,0)(42) / 00:00:00:001:0 / forestfire(01)
0 / L / D / 00:00:00:002:0 / forestfire(3,2,1)(43) / ... / forestfire(01)
0 / L / D / 00:00:00:002:0 / forestfire(3,3,0)(44) / 00:00:00:001:0 / forestfire(01)
0 / L / D / 00:00:00:002:0 / forestfire(3,3,1)(45) / ... / forestfire(01)
0 / L / D / 00:00:00:002:0 / forestfire(3,4,0)(46) / ... / forestfire(01)
0 / L / D / 00:00:00:002:0 / forestfire(3,4,1)(47) / ... / forestfire(01)
0 / L / D / 00:00:00:002:0 / forestfire(3,5,0)(48) / ... / forestfire(01)
0 / L / D / 00:00:00:002:0 / forestfire(4,0,0)(50) / ... / forestfire(01)
0 / L / D / 00:00:00:002:0 / forestfire(4,1,0)(52) / ... / forestfire(01)
0 / L / D / 00:00:00:002:0 / forestfire(4,1,1)(53) / ... / forestfire(01)
0 / L / D / 00:00:00:002:0 / forestfire(4,2,0)(54) / ... / forestfire(01)
0 / L / D / 00:00:00:002:0 / forestfire(4,2,1)(55) / ... / forestfire(01)
0 / L / D / 00:00:00:002:0 / forestfire(4,3,0)(56) / ... / forestfire(01)
0 / L / D / 00:00:00:002:0 / forestfire(4,3,1)(57) / ... / forestfire(01)
0 / L / D / 00:00:00:002:0 / forestfire(4,4,0)(58) / ... / forestfire(01)
0 / L / D / 00:00:00:002:0 / forestfire(4,4,1)(59) / ... / forestfire(01)
0 / L / D / 00:00:00:002:0 / forestfire(4,5,0)(60) / ... / forestfire(01)
0 / L / D / 00:00:00:002:0 / forestfire(5,1,0)(64) / ... / forestfire(01)
0 / L / D / 00:00:00:002:0 / forestfire(5,2,0)(66) / ... / forestfire(01)
0 / L / D / 00:00:00:002:0 / forestfire(5,3,0)(68) / ... / forestfire(01)
0 / L / D / 00:00:00:002:0 / forestfire(5,4,0)(70) / ... / forestfire(01)
0 / L / @ / 00:00:00:003:0 / top(74) / forestfire(01)
0 / L / Y / 00:00:00:003:0 / forestfire(2,2,0)(30) / out /            ? / forestfire(01)
0 / L / D / 00:00:00:003:0 / forestfire(2,2,0)(30) / 00:00:00:000:0 / forestfire(01)
0 / L / Y / 00:00:00:003:0 / forestfire(2,3,0)(32) / out /            ? / forestfire(01)
0 / L / D / 00:00:00:003:0 / forestfire(2,3,0)(32) / 00:00:00:000:0 / forestfire(01)
0 / L / Y / 00:00:00:003:0 / forestfire(3,2,0)(42) / out /            ? / forestfire(01)
0 / L / D / 00:00:00:003:0 / forestfire(3,2,0)(42) / 00:00:00:000:0 / forestfire(01)
0 / L / Y / 00:00:00:003:0 / forestfire(3,3,0)(44) / out /            ? / forestfire(01)
0 / L / D / 00:00:00:003:0 / forestfire(3,3,0)(44) / 00:00:00:000:0 / forestfire(01)
0 / L / * / 00:00:00:003:0 / top(74) / forestfire(01)
0 / L / D / 00:00:00:003:0 / forestfire(1,2,0)(18) / ... / forestfire(01)
0 / L / D / 00:00:00:003:0 / forestfire(1,3,0)(20) / ... / forestfire(01)
0 / L / D / 00:00:00:003:0 / forestfire(2,1,0)(28) / ... / forestfire(01)
0 / L / D / 00:00:00:003:0 / forestfire(2,2,0)(30) / ... / forestfire(01)
0 / L / D / 00:00:00:003:0 / forestfire(2,2,1)(31) / ... / forestfire(01)
0 / L / D / 00:00:00:003:0 / forestfire(2,3,0)(32) / ... / forestfire(01)
0 / L / D / 00:00:00:003:0 / forestfire(2,3,1)(33) / ... / forestfire(01)
0 / L / D / 00:00:00:003:0 / forestfire(2,4,0)(34) / ... / forestfire(01)
0 / L / D / 00:00:00:003:0 / forestfire(3,1,0)(40) / ... / forestfire(01)
0 / L / D / 00:00:00:003:0 / forestfire(3,2,0)(42) / ... / forestfire(01)
0 / L / D / 00:00:00:003:0 / forestfire(3,2,1)(43) / ... / forestfire(01)
0 / L / D / 00:00:00:003:0 / forestfire(3,3,0)(44) / ... / forestfire(01)
0 / L / D / 00:00:00:003:0 / forestfire(3,3,1)(45) / ... / forestfire(01)
0 / L / D / 00:00:00:003:0 / forestfire(3,4,0)(46) / ... / forestfire(01)
0 / L / D / 00:00:00:003:0 / forestfire(4,2,0)(54) / ... / forestfire(01)
0 / L / D / 00:00:00:003:0 / forestfire(4,3,0)(56) / ... / forestfire(01)
