0 / L / I / 00:00:00:000:0 / top(38) / forestfire(01)
0 / L / D / 00:00:00:000:0 / forestfire(0,0)(02) / 00:00:00:000:0 / forestfire(01)
0 / L / D / 00:00:00:000:0 / forestfire(0,1)(03) / 00:00:00:000:0 / forestfire(01)
0 / L / D / 00:00:00:000:0 / forestfire(0,2)(04) / 00:00:00:000:0 / forestfire(01)
0 / L / D / 00:00:00:000:0 / forestfire(0,3)(05) / 00:00:00:000:0 / forestfire(01)
0 / L / D / 00:00:00:000:0 / forestfire(0,4)(06) / 00:00:00:000:0 / forestfire(01)
0 / L / D / 00:00:00:000:0 / forestfire(0,5)(07) / 00:00:00:000:0 / forestfire(01)
0 / L / D / 00:00:00:000:0 / forestfire(1,0)(08) / 00:00:00:000:0 / forestfire(01)
0 / L / D / 00:00:00:000:0 / forestfire(1,1)(09) / 00:00:00:000:0 / forestfire(01)
0 / L / D / 00:00:00:000:0 / forestfire(1,2)(10) / 00:00:00:000:0 / forestfire(01)
0 / L / D / 00:00:00:000:0 / forestfire(1,3)(11) / 00:00:00:000:0 / forestfire(01)
0 / L / D / 00:00:00:000:0 / forestfire(1,4)(12) / 00:00:00:000:0 / forestfire(01)
0 / L / D / 00:00:00:000:0 / forestfire(1,5)(13) / 00:00:00:000:0 / forestfire(01)
0 / L / D / 00:00:00:000:0 / forestfire(2,0)(14) / 00:00:00:000:0 / forestfire(01)
0 / L / D / 00:00:00:000:0 / forestfire(2,1)(15) / 00:00:00:000:0 / forestfire(01)
0 / L / D / 00:00:00:000:0 / forestfire(2,2)(16) / 00:00:00:000:0 / forestfire(01)
0 / L / D / 00:00:00:000:0 / forestfire(2,3)(17) / 00:00:00:000:0 / forestfire(01)
0 / L / D / 00:00:00:000:0 / forestfire(2,4)(18) / 00:00:00:000:0 / forestfire(01)
0 / L / D / 00:00:00:000:0 / forestfire(2,5)(19) / 00:00:00:000:0 / forestfire(01)
0 / L / D / 00:00:00:000:0 / forestfire(3,0)(20) / 00:00:00:000:0 / forestfire(01)
0 / L / D / 00:00:00:000:0 / forestfire(3,1)(21) / 00:00:00:000:0 / forestfire(01)
0 / L / D / 00:00:00:000:0 / forestfire(3,2)(22) / 00:00:00:000:0 / forestfire(01)
0 / L / D / 00:00:00:000:0 / forestfire(3,3)(23) / 00:00:00:000:0 / forestfire(01)
0 / L / D / 00:00:00:000:0 / forestfire(3,4)(24) / 00:00:00:000:0 / forestfire(01)
0 / L / D / 00:00:00:000:0 / forestfire(3,5)(25) / 00:00:00:000:0 / forestfire(01)
0 / L / D / 00:00:00:000:0 / forestfire(4,0)(26) / 00:00:00:000:0 / forestfire(01)
0 / L / D / 00:00:00:000:0 / forestfire(4,1)(27) / 00:00:00:000:0 / forestfire(01)
0 / L / D / 00:00:00:000:0 / forestfire(4,2)(28) / 00:00:00:000:0 / forestfire(01)
0 / L / D / 00:00:00:000:0 / forestfire(4,3)(29) / 00:00:00:000:0 / forestfire(01)
0 / L / D / 00:00:00:000:0 / forestfire(4,4)(30) / 00:00:00:000:0 / forestfire(01)
0 / L / D / 00:00:00:000:0 / forestfire(4,5)(31) / 00:00:00:000:0 / forestfire(01)
0 / L / D / 00:00:00:000:0 / forestfire(5,0)(32) / 00:00:00:000:0 / forestfire(01)
0 / L / D / 00:00:00:000:0 / forestfire(5,1)(33) / 00:00:00:000:0 / forestfire(01)
0 / L / D / 00:00:00:000:0 / forestfire(5,2)(34) / 00:00:00:000:0 / forestfire(01)
0 / L / D / 00:00:00:000:0 / forestfire(5,3)(35) / 00:00:00:000:0 / forestfire(01)
0 / L / D / 00:00:00:000:0 / forestfire(5,4)(36) / 00:00:00:000:0 / forestfire(01)
0 / L / D / 00:00:00:000:0 / forestfire(5,5)(37) / 00:00:00:000:0 / forestfire(01)
0 / L / @ / 00:00:00:000:0 / top(38) / forestfire(01)
0 / L / Y / 00:00:00:000:0 / forestfire(0,0)(02) / out /    300.00000 / forestfire(01)
0 / L / D / 00:00:00:000:0 / forestfire(0,0)(02) / 00:00:00:000:0 / forestfire(01)
0 / L / Y / 00:00:00:000:0 / forestfire(0,1)(03) / out /    300.00000 / forestfire(01)
0 / L / D / 00:00:00:000:0 / forestfire(0,1)(03) / 00:00:00:000:0 / forestfire(01)
0 / L / Y / 00:00:00:000:0 / forestfire(0,2)(04) / out /    300.00000 / forestfire(01)
0 / L / D / 00:00:00:000:0 / forestfire(0,2)(04) / 00:00:00:000:0 / forestfire(01)
0 / L / Y / 00:00:00:000:0 / forestfire(0,3)(05) / out /    300.00000 / forestfire(01)
0 / L / D / 00:00:00:000:0 / forestfire(0,3)(05) / 00:00:00:000:0 / forestfire(01)
0 / L / Y / 00:00:00:000:0 / forestfire(0,4)(06) / out /    300.00000 / forestfire(01)
0 / L / D / 00:00:00:000:0 / forestfire(0,4)(06) / 00:00:00:000:0 / forestfire(01)
0 / L / Y / 00:00:00:000:0 / forestfire(0,5)(07) / out /    300.00000 / forestfire(01)
0 / L / D / 00:00:00:000:0 / forestfire(0,5)(07) / 00:00:00:000:0 / forestfire(01)
0 / L / Y / 00:00:00:000:0 / forestfire(1,0)(08) / out /    300.00000 / forestfire(01)
0 / L / D / 00:00:00:000:0 / forestfire(1,0)(08) / 00:00:00:000:0 / forestfire(01)
0 / L / Y / 00:00:00:000:0 / forestfire(1,1)(09) / out /    209.00000 / forestfire(01)
0 / L / D / 00:00:00:000:0 / forestfire(1,1)(09) / 00:00:00:000:0 / forestfire(01)
0 / L / Y / 00:00:00:000:0 / forestfire(1,2)(10) / out /    570.00000 / forestfire(01)
0 / L / D / 00:00:00:000:0 / forestfire(1,2)(10) / 00:00:00:000:0 / forestfire(01)
0 / L / Y / 00:00:00:000:0 / forestfire(1,3)(11) / out /    570.00000 / forestfire(01)
0 / L / D / 00:00:00:000:0 / forestfire(1,3)(11) / 00:00:00:000:0 / forestfire(01)
0 / L / Y / 00:00:00:000:0 / forestfire(1,4)(12) / out /    570.00000 / forestfire(01)
0 / L / D / 00:00:00:000:0 / forestfire(1,4)(12) / 00:00:00:000:0 / forestfire(01)
0 / L / Y / 00:00:00:000:0 / forestfire(1,5)(13) / out /    300.00000 / forestfire(01)
0 / L / D / 00:00:00:000:0 / forestfire(1,5)(13) / 00:00:00:000:0 / forestfire(01)
0 / L / Y / 00:00:00:000:0 / forestfire(2,0)(14) / out /    300.00000 / forestfire(01)
0 / L / D / 00:00:00:000:0 / forestfire(2,0)(14) / 00:00:00:000:0 / forestfire(01)
0 / L / Y / 00:00:00:000:0 / forestfire(2,1)(15) / out /    570.00000 / forestfire(01)
0 / L / D / 00:00:00:000:0 / forestfire(2,1)(15) / 00:00:00:000:0 / forestfire(01)
0 / L / Y / 00:00:00:000:0 / forestfire(2,2)(16) / out /    570.00000 / forestfire(01)
0 / L / D / 00:00:00:000:0 / forestfire(2,2)(16) / 00:00:00:000:0 / forestfire(01)
0 / L / Y / 00:00:00:000:0 / forestfire(2,3)(17) / out /    570.00000 / forestfire(01)
0 / L / D / 00:00:00:000:0 / forestfire(2,3)(17) / 00:00:00:000:0 / forestfire(01)
0 / L / Y / 00:00:00:000:0 / forestfire(2,4)(18) / out /    570.00000 / forestfire(01)
0 / L / D / 00:00:00:000:0 / forestfire(2,4)(18) / 00:00:00:000:0 / forestfire(01)
0 / L / Y / 00:00:00:000:0 / forestfire(2,5)(19) / out /    300.00000 / forestfire(01)
0 / L / D / 00:00:00:000:0 / forestfire(2,5)(19) / 00:00:00:000:0 / forestfire(01)
0 / L / Y / 00:00:00:000:0 / forestfire(3,0)(20) / out /    300.00000 / forestfire(01)
0 / L / D / 00:00:00:000:0 / forestfire(3,0)(20) / 00:00:00:000:0 / forestfire(01)
0 / L / Y / 00:00:00:000:0 / forestfire(3,1)(21) / out /    570.00000 / forestfire(01)
0 / L / D / 00:00:00:000:0 / forestfire(3,1)(21) / 00:00:00:000:0 / forestfire(01)
0 / L / Y / 00:00:00:000:0 / forestfire(3,2)(22) / out /    570.00000 / forestfire(01)
0 / L / D / 00:00:00:000:0 / forestfire(3,2)(22) / 00:00:00:000:0 / forestfire(01)
0 / L / Y / 00:00:00:000:0 / forestfire(3,3)(23) / out /    570.00000 / forestfire(01)
0 / L / D / 00:00:00:000:0 / forestfire(3,3)(23) / 00:00:00:000:0 / forestfire(01)
0 / L / Y / 00:00:00:000:0 / forestfire(3,4)(24) / out /    570.00000 / forestfire(01)
0 / L / D / 00:00:00:000:0 / forestfire(3,4)(24) / 00:00:00:000:0 / forestfire(01)
0 / L / Y / 00:00:00:000:0 / forestfire(3,5)(25) / out /    300.00000 / forestfire(01)
0 / L / D / 00:00:00:000:0 / forestfire(3,5)(25) / 00:00:00:000:0 / forestfire(01)
0 / L / Y / 00:00:00:000:0 / forestfire(4,0)(26) / out /    300.00000 / forestfire(01)
0 / L / D / 00:00:00:000:0 / forestfire(4,0)(26) / 00:00:00:000:0 / forestfire(01)
0 / L / Y / 00:00:00:000:0 / forestfire(4,1)(27) / out /    570.00000 / forestfire(01)
0 / L / D / 00:00:00:000:0 / forestfire(4,1)(27) / 00:00:00:000:0 / forestfire(01)
0 / L / Y / 00:00:00:000:0 / forestfire(4,2)(28) / out /    570.00000 / forestfire(01)
0 / L / D / 00:00:00:000:0 / forestfire(4,2)(28) / 00:00:00:000:0 / forestfire(01)
0 / L / Y / 00:00:00:000:0 / forestfire(4,3)(29) / out /    570.00000 / forestfire(01)
0 / L / D / 00:00:00:000:0 / forestfire(4,3)(29) / 00:00:00:000:0 / forestfire(01)
0 / L / Y / 00:00:00:000:0 / forestfire(4,4)(30) / out /    570.00000 / forestfire(01)
0 / L / D / 00:00:00:000:0 / forestfire(4,4)(30) / 00:00:00:000:0 / forestfire(01)
0 / L / Y / 00:00:00:000:0 / forestfire(4,5)(31) / out /    300.00000 / forestfire(01)
0 / L / D / 00:00:00:000:0 / forestfire(4,5)(31) / 00:00:00:000:0 / forestfire(01)
0 / L / Y / 00:00:00:000:0 / forestfire(5,0)(32) / out /    300.00000 / forestfire(01)
0 / L / D / 00:00:00:000:0 / forestfire(5,0)(32) / 00:00:00:000:0 / forestfire(01)
0 / L / Y / 00:00:00:000:0 / forestfire(5,1)(33) / out /    300.00000 / forestfire(01)
0 / L / D / 00:00:00:000:0 / forestfire(5,1)(33) / 00:00:00:000:0 / forestfire(01)
0 / L / Y / 00:00:00:000:0 / forestfire(5,2)(34) / out /    300.00000 / forestfire(01)
0 / L / D / 00:00:00:000:0 / forestfire(5,2)(34) / 00:00:00:000:0 / forestfire(01)
0 / L / Y / 00:00:00:000:0 / forestfire(5,3)(35) / out /    300.00000 / forestfire(01)
0 / L / D / 00:00:00:000:0 / forestfire(5,3)(35) / 00:00:00:000:0 / forestfire(01)
0 / L / Y / 00:00:00:000:0 / forestfire(5,4)(36) / out /    300.00000 / forestfire(01)
0 / L / D / 00:00:00:000:0 / forestfire(5,4)(36) / 00:00:00:000:0 / forestfire(01)
0 / L / Y / 00:00:00:000:0 / forestfire(5,5)(37) / out /    300.00000 / forestfire(01)
0 / L / D / 00:00:00:000:0 / forestfire(5,5)(37) / 00:00:00:000:0 / forestfire(01)
0 / L / * / 00:00:00:000:0 / top(38) / forestfire(01)
0 / L / D / 00:00:00:000:0 / forestfire(0,0)(02) / 00:00:00:001:0 / forestfire(01)
0 / L / D / 00:00:00:000:0 / forestfire(0,1)(03) / 00:00:00:001:0 / forestfire(01)
0 / L / D / 00:00:00:000:0 / forestfire(0,2)(04) / 00:00:00:001:0 / forestfire(01)
0 / L / D / 00:00:00:000:0 / forestfire(0,3)(05) / 00:00:00:001:0 / forestfire(01)
0 / L / D / 00:00:00:000:0 / forestfire(0,4)(06) / 00:00:00:001:0 / forestfire(01)
0 / L / D / 00:00:00:000:0 / forestfire(0,5)(07) / 00:00:00:001:0 / forestfire(01)
0 / L / D / 00:00:00:000:0 / forestfire(1,0)(08) / 00:00:00:001:0 / forestfire(01)
0 / L / D / 00:00:00:000:0 / forestfire(1,1)(09) / ... / forestfire(01)
0 / L / D / 00:00:00:000:0 / forestfire(1,2)(10) / 00:00:00:001:0 / forestfire(01)
0 / L / D / 00:00:00:000:0 / forestfire(1,3)(11) / 00:00:00:001:0 / forestfire(01)
0 / L / D / 00:00:00:000:0 / forestfire(1,4)(12) / 00:00:00:001:0 / forestfire(01)
0 / L / D / 00:00:00:000:0 / forestfire(1,5)(13) / ... / forestfire(01)
0 / L / D / 00:00:00:000:0 / forestfire(2,0)(14) / 00:00:00:001:0 / forestfire(01)
0 / L / D / 00:00:00:000:0 / forestfire(2,1)(15) / 00:00:00:001:0 / forestfire(01)
0 / L / D / 00:00:00:000:0 / forestfire(2,2)(16) / 00:00:00:001:0 / forestfire(01)
0 / L / D / 00:00:00:000:0 / forestfire(2,3)(17) / 00:00:00:001:0 / forestfire(01)
0 / L / D / 00:00:00:000:0 / forestfire(2,4)(18) / 00:00:00:001:0 / forestfire(01)
0 / L / D / 00:00:00:000:0 / forestfire(2,5)(19) / ... / forestfire(01)
0 / L / D / 00:00:00:000:0 / forestfire(3,0)(20) / 00:00:00:001:0 / forestfire(01)
0 / L / D / 00:00:00:000:0 / forestfire(3,1)(21) / 00:00:00:001:0 / forestfire(01)
0 / L / D / 00:00:00:000:0 / forestfire(3,2)(22) / 00:00:00:001:0 / forestfire(01)
0 / L / D / 00:00:00:000:0 / forestfire(3,3)(23) / 00:00:00:001:0 / forestfire(01)
0 / L / D / 00:00:00:000:0 / forestfire(3,4)(24) / 00:00:00:001:0 / forestfire(01)
0 / L / D / 00:00:00:000:0 / forestfire(3,5)(25) / ... / forestfire(01)
0 / L / D / 00:00:00:000:0 / forestfire(4,0)(26) / 00:00:00:001:0 / forestfire(01)
0 / L / D / 00:00:00:000:0 / forestfire(4,1)(27) / 00:00:00:001:0 / forestfire(01)
0 / L / D / 00:00:00:000:0 / forestfire(4,2)(28) / 00:00:00:001:0 / forestfire(01)
0 / L / D / 00:00:00:000:0 / forestfire(4,3)(29) / 00:00:00:001:0 / forestfire(01)
0 / L / D / 00:00:00:000:0 / forestfire(4,4)(30) / 00:00:00:001:0 / forestfire(01)
0 / L / D / 00:00:00:000:0 / forestfire(4,5)(31) / ... / forestfire(01)
0 / L / D / 00:00:00:000:0 / forestfire(5,0)(32) / 00:00:00:001:0 / forestfire(01)
0 / L / D / 00:00:00:000:0 / forestfire(5,1)(33) / ... / forestfire(01)
0 / L / D / 00:00:00:000:0 / forestfire(5,2)(34) / ... / forestfire(01)
0 / L / D / 00:00:00:000:0 / forestfire(5,3)(35) / ... / forestfire(01)
0 / L / D / 00:00:00:000:0 / forestfire(5,4)(36) / ... / forestfire(01)
0 / L / D / 00:00:00:000:0 / forestfire(5,5)(37) / ... / forestfire(01)
0 / L / @ / 00:00:00:001:0 / top(38) / forestfire(01)
0 / L / Y / 00:00:00:001:0 / forestfire(0,0)(02) / out /            ? / forestfire(01)
0 / L / D / 00:00:00:001:0 / forestfire(0,0)(02) / 00:00:00:000:0 / forestfire(01)
0 / L / Y / 00:00:00:001:0 / forestfire(0,1)(03) / out /            ? / forestfire(01)
0 / L / D / 00:00:00:001:0 / forestfire(0,1)(03) / 00:00:00:000:0 / forestfire(01)
0 / L / Y / 00:00:00:001:0 / forestfire(0,2)(04) / out /            ? / forestfire(01)
0 / L / D / 00:00:00:001:0 / forestfire(0,2)(04) / 00:00:00:000:0 / forestfire(01)
0 / L / Y / 00:00:00:001:0 / forestfire(0,3)(05) / out /            ? / forestfire(01)
0 / L / D / 00:00:00:001:0 / forestfire(0,3)(05) / 00:00:00:000:0 / forestfire(01)
0 / L / Y / 00:00:00:001:0 / forestfire(0,4)(06) / out /            ? / forestfire(01)
0 / L / D / 00:00:00:001:0 / forestfire(0,4)(06) / 00:00:00:000:0 / forestfire(01)
0 / L / Y / 00:00:00:001:0 / forestfire(0,5)(07) / out /            ? / forestfire(01)
0 / L / D / 00:00:00:001:0 / forestfire(0,5)(07) / 00:00:00:000:0 / forestfire(01)
0 / L / Y / 00:00:00:001:0 / forestfire(1,0)(08) / out /            ? / forestfire(01)
0 / L / D / 00:00:00:001:0 / forestfire(1,0)(08) / 00:00:00:000:0 / forestfire(01)
0 / L / Y / 00:00:00:001:0 / forestfire(1,2)(10) / out /    567.85221 / forestfire(01)
0 / L / D / 00:00:00:001:0 / forestfire(1,2)(10) / 00:00:00:000:0 / forestfire(01)
0 / L / Y / 00:00:00:001:0 / forestfire(1,3)(11) / out /    568.97131 / forestfire(01)
0 / L / D / 00:00:00:001:0 / forestfire(1,3)(11) / 00:00:00:000:0 / forestfire(01)
0 / L / Y / 00:00:00:001:0 / forestfire(1,4)(12) / out /    568.13431 / forestfire(01)
0 / L / D / 00:00:00:001:0 / forestfire(1,4)(12) / 00:00:00:000:0 / forestfire(01)
0 / L / Y / 00:00:00:001:0 / forestfire(2,0)(14) / out /            ? / forestfire(01)
0 / L / D / 00:00:00:001:0 / forestfire(2,0)(14) / 00:00:00:000:0 / forestfire(01)
0 / L / Y / 00:00:00:001:0 / forestfire(2,1)(15) / out /    567.85221 / forestfire(01)
0 / L / D / 00:00:00:001:0 / forestfire(2,1)(15) / 00:00:00:000:0 / forestfire(01)
0 / L / Y / 00:00:00:001:0 / forestfire(2,2)(16) / out /    569.80831 / forestfire(01)
0 / L / D / 00:00:00:001:0 / forestfire(2,2)(16) / 00:00:00:000:0 / forestfire(01)
0 / L / Y / 00:00:00:001:0 / forestfire(2,3)(17) / out /    569.80831 / forestfire(01)
0 / L / D / 00:00:00:001:0 / forestfire(2,3)(17) / 00:00:00:000:0 / forestfire(01)
0 / L / Y / 00:00:00:001:0 / forestfire(2,4)(18) / out /    568.97131 / forestfire(01)
0 / L / D / 00:00:00:001:0 / forestfire(2,4)(18) / 00:00:00:000:0 / forestfire(01)
0 / L / Y / 00:00:00:001:0 / forestfire(3,0)(20) / out /            ? / forestfire(01)
0 / L / D / 00:00:00:001:0 / forestfire(3,0)(20) / 00:00:00:000:0 / forestfire(01)
0 / L / Y / 00:00:00:001:0 / forestfire(3,1)(21) / out /    568.97131 / forestfire(01)
0 / L / D / 00:00:00:001:0 / forestfire(3,1)(21) / 00:00:00:000:0 / forestfire(01)
0 / L / Y / 00:00:00:001:0 / forestfire(3,2)(22) / out /    569.80831 / forestfire(01)
0 / L / D / 00:00:00:001:0 / forestfire(3,2)(22) / 00:00:00:000:0 / forestfire(01)
0 / L / Y / 00:00:00:001:0 / forestfire(3,3)(23) / out /    569.80831 / forestfire(01)
0 / L / D / 00:00:00:001:0 / forestfire(3,3)(23) / 00:00:00:000:0 / forestfire(01)
0 / L / Y / 00:00:00:001:0 / forestfire(3,4)(24) / out /    568.97131 / forestfire(01)
0 / L / D / 00:00:00:001:0 / forestfire(3,4)(24) / 00:00:00:000:0 / forestfire(01)
0 / L / Y / 00:00:00:001:0 / forestfire(4,0)(26) / out /            ? / forestfire(01)
0 / L / D / 00:00:00:001:0 / forestfire(4,0)(26) / 00:00:00:000:0 / forestfire(01)
0 / L / Y / 00:00:00:001:0 / forestfire(4,1)(27) / out /    568.13431 / forestfire(01)
0 / L / D / 00:00:00:001:0 / forestfire(4,1)(27) / 00:00:00:000:0 / forestfire(01)
0 / L / Y / 00:00:00:001:0 / forestfire(4,2)(28) / out /    568.97131 / forestfire(01)
0 / L / D / 00:00:00:001:0 / forestfire(4,2)(28) / 00:00:00:000:0 / forestfire(01)
0 / L / Y / 00:00:00:001:0 / forestfire(4,3)(29) / out /    568.97131 / forestfire(01)
0 / L / D / 00:00:00:001:0 / forestfire(4,3)(29) / 00:00:00:000:0 / forestfire(01)
0 / L / Y / 00:00:00:001:0 / forestfire(4,4)(30) / out /    568.13431 / forestfire(01)
0 / L / D / 00:00:00:001:0 / forestfire(4,4)(30) / 00:00:00:000:0 / forestfire(01)
0 / L / Y / 00:00:00:001:0 / forestfire(5,0)(32) / out /            ? / forestfire(01)
0 / L / D / 00:00:00:001:0 / forestfire(5,0)(32) / 00:00:00:000:0 / forestfire(01)
0 / L / * / 00:00:00:001:0 / top(38) / forestfire(01)
0 / L / D / 00:00:00:001:0 / forestfire(0,0)(02) / ... / forestfire(01)
0 / L / D / 00:00:00:001:0 / forestfire(0,1)(03) / ... / forestfire(01)
0 / L / D / 00:00:00:001:0 / forestfire(0,2)(04) / ... / forestfire(01)
0 / L / D / 00:00:00:001:0 / forestfire(0,3)(05) / ... / forestfire(01)
0 / L / D / 00:00:00:001:0 / forestfire(0,4)(06) / ... / forestfire(01)
0 / L / D / 00:00:00:001:0 / forestfire(0,5)(07) / ... / forestfire(01)
0 / L / D / 00:00:00:001:0 / forestfire(1,0)(08) / ... / forestfire(01)
0 / L / D / 00:00:00:001:0 / forestfire(1,1)(09) / ... / forestfire(01)
0 / L / D / 00:00:00:001:0 / forestfire(1,2)(10) / 00:00:00:001:0 / forestfire(01)
0 / L / D / 00:00:00:001:0 / forestfire(1,3)(11) / 00:00:00:001:0 / forestfire(01)
0 / L / D / 00:00:00:001:0 / forestfire(1,4)(12) / 00:00:00:001:0 / forestfire(01)
0 / L / D / 00:00:00:001:0 / forestfire(1,5)(13) / ... / forestfire(01)
0 / L / D / 00:00:00:001:0 / forestfire(2,0)(14) / ... / forestfire(01)
0 / L / D / 00:00:00:001:0 / forestfire(2,1)(15) / 00:00:00:001:0 / forestfire(01)
0 / L / D / 00:00:00:001:0 / forestfire(2,2)(16) / 00:00:00:001:0 / forestfire(01)
0 / L / D / 00:00:00:001:0 / forestfire(2,3)(17) / 00:00:00:001:0 / forestfire(01)
0 / L / D / 00:00:00:001:0 / forestfire(2,4)(18) / 00:00:00:001:0 / forestfire(01)
0 / L / D / 00:00:00:001:0 / forestfire(2,5)(19) / ... / forestfire(01)
0 / L / D / 00:00:00:001:0 / forestfire(3,0)(20) / ... / forestfire(01)
0 / L / D / 00:00:00:001:0 / forestfire(3,1)(21) / 00:00:00:001:0 / forestfire(01)
0 / L / D / 00:00:00:001:0 / forestfire(3,2)(22) / 00:00:00:001:0 / forestfire(01)
0 / L / D / 00:00:00:001:0 / forestfire(3,3)(23) / 00:00:00:001:0 / forestfire(01)
0 / L / D / 00:00:00:001:0 / forestfire(3,4)(24) / 00:00:00:001:0 / forestfire(01)
0 / L / D / 00:00:00:001:0 / forestfire(3,5)(25) / ... / forestfire(01)
0 / L / D / 00:00:00:001:0 / forestfire(4,0)(26) / ... / forestfire(01)
0 / L / D / 00:00:00:001:0 / forestfire(4,1)(27) / 00:00:00:001:0 / forestfire(01)
0 / L / D / 00:00:00:001:0 / forestfire(4,2)(28) / 00:00:00:001:0 / forestfire(01)
0 / L / D / 00:00:00:001:0 / forestfire(4,3)(29) / 00:00:00:001:0 / forestfire(01)
0 / L / D / 00:00:00:001:0 / forestfire(4,4)(30) / 00:00:00:001:0 / forestfire(01)
0 / L / D / 00:00:00:001:0 / forestfire(4,5)(31) / ... / forestfire(01)
0 / L / D / 00:00:00:001:0 / forestfire(5,0)(32) / ... / forestfire(01)
0 / L / D / 00:00:00:001:0 / forestfire(5,1)(33) / ... / forestfire(01)
0 / L / D / 00:00:00:001:0 / forestfire(5,2)(34) / ... / forestfire(01)
0 / L / D / 00:00:00:001:0 / forestfire(5,3)(35) / ... / forestfire(01)
0 / L / D / 00:00:00:001:0 / forestfire(5,4)(36) / ... / forestfire(01)
0 / L / @ / 00:00:00:002:0 / top(38) / forestfire(01)
0 / L / Y / 00:00:00:002:0 / forestfire(1,2)(10) / out /            ? / forestfire(01)
0 / L / D / 00:00:00:002:0 / forestfire(1,2)(10) / 00:00:00:000:0 / forestfire(01)
0 / L / Y / 00:00:00:002:0 / forestfire(1,3)(11) / out /            ? / forestfire(01)
0 / L / D / 00:00:00:002:0 / forestfire(1,3)(11) / 00:00:00:000:0 / forestfire(01)
0 / L / Y / 00:00:00:002:0 / forestfire(1,4)(12) / out /            ? / forestfire(01)
0 / L / D / 00:00:00:002:0 / forestfire(1,4)(12) / 00:00:00:000:0 / forestfire(01)
0 / L / Y / 00:00:00:002:0 / forestfire(2,1)(15) / out /            ? / forestfire(01)
0 / L / D / 00:00:00:002:0 / forestfire(2,1)(15) / 00:00:00:000:0 / forestfire(01)
0 / L / Y / 00:00:00:002:0 / forestfire(2,2)(16) / out /    569.60463 / forestfire(01)
0 / L / D / 00:00:00:002:0 / forestfire(2,2)(16) / 00:00:00:000:0 / forestfire(01)
0 / L / Y / 00:00:00:002:0 / forestfire(2,3)(17) / out /    569.61157 / forestfire(01)
0 / L / D / 00:00:00:002:0 / forestfire(2,3)(17) / 00:00:00:000:0 / forestfire(01)
0 / L / Y / 00:00:00:002:0 / forestfire(2,4)(18) / out /    567.94654 / forestfire(01)
0 / L / D / 00:00:00:002:0 / forestfire(2,4)(18) / 00:00:00:000:0 / forestfire(01)
0 / L / Y / 00:00:00:002:0 / forestfire(3,1)(21) / out /            ? / forestfire(01)
0 / L / D / 00:00:00:002:0 / forestfire(3,1)(21) / 00:00:00:000:0 / forestfire(01)
0 / L / Y / 00:00:00:002:0 / forestfire(3,2)(22) / out /    569.61157 / forestfire(01)
0 / L / D / 00:00:00:002:0 / forestfire(3,2)(22) / 00:00:00:000:0 / forestfire(01)
0 / L / Y / 00:00:00:002:0 / forestfire(3,3)(23) / out /    569.61157 / forestfire(01)
0 / L / D / 00:00:00:002:0 / forestfire(3,3)(23) / 00:00:00:000:0 / forestfire(01)
0 / L / Y / 00:00:00:002:0 / forestfire(3,4)(24) / out /    567.94654 / forestfire(01)
0 / L / D / 00:00:00:002:0 / forestfire(3,4)(24) / 00:00:00:000:0 / forestfire(01)
0 / L / Y / 00:00:00:002:0 / forestfire(4,1)(27) / out /            ? / forestfire(01)
0 / L / D / 00:00:00:002:0 / forestfire(4,1)(27) / 00:00:00:000:0 / forestfire(01)
0 / L / Y / 00:00:00:002:0 / forestfire(4,2)(28) / out /    567.94654 / forestfire(01)
0 / L / D / 00:00:00:002:0 / forestfire(4,2)(28) / 00:00:00:000:0 / forestfire(01)
0 / L / Y / 00:00:00:002:0 / forestfire(4,3)(29) / out /    567.94654 / forestfire(01)
0 / L / D / 00:00:00:002:0 / forestfire(4,3)(29) / 00:00:00:000:0 / forestfire(01)
0 / L / Y / 00:00:00:002:0 / forestfire(4,4)(30) / out /    566.28670 / forestfire(01)
0 / L / D / 00:00:00:002:0 / forestfire(4,4)(30) / 00:00:00:000:0 / forestfire(01)
0 / L / * / 00:00:00:002:0 / top(38) / forestfire(01)
0 / L / D / 00:00:00:002:0 / forestfire(0,2)(04) / ... / forestfire(01)
0 / L / D / 00:00:00:002:0 / forestfire(0,3)(05) / ... / forestfire(01)
0 / L / D / 00:00:00:002:0 / forestfire(0,4)(06) / ... / forestfire(01)
0 / L / D / 00:00:00:002:0 / forestfire(1,1)(09) / ... / forestfire(01)
0 / L / D / 00:00:00:002:0 / forestfire(1,2)(10) / ... / forestfire(01)
0 / L / D / 00:00:00:002:0 / forestfire(1,3)(11) / ... / forestfire(01)
0 / L / D / 00:00:00:002:0 / forestfire(1,4)(12) / ... / forestfire(01)
0 / L / D / 00:00:00:002:0 / forestfire(1,5)(13) / ... / forestfire(01)
0 / L / D / 00:00:00:002:0 / forestfire(2,0)(14) / ... / forestfire(01)
0 / L / D / 00:00:00:002:0 / forestfire(2,1)(15) / ... / forestfire(01)
0 / L / D / 00:00:00:002:0 / forestfire(2,2)(16) / 00:00:00:001:0 / forestfire(01)
0 / L / D / 00:00:00:002:0 / forestfire(2,3)(17) / 00:00:00:001:0 / forestfire(01)
0 / L / D / 00:00:00:002:0 / forestfire(2,4)(18) / 00:00:00:001:0 / forestfire(01)
0 / L / D / 00:00:00:002:0 / forestfire(2,5)(19) / ... / forestfire(01)
0 / L / D / 00:00:00:002:0 / forestfire(3,0)(20) / ... / forestfire(01)
0 / L / D / 00:00:00:002:0 / forestfire(3,1)(21) / ... / forestfire(01)
0 / L / D / 00:00:00:002:0 / forestfire(3,2)(22) / 00:00:00:001:0 / forestfire(01)
0 / L / D / 00:00:00:002:0 / forestfire(3,3)(23) / 00:00:00:001:0 / forestfire(01)
0 / L / D / 00:00:00:002:0 / forestfire(3,4)(24) / 00:00:00:001:0 / forestfire(01)
0 / L / D / 00:00:00:002:0 / forestfire(3,5)(25) / ... / forestfire(01)
0 / L / D / 00:00:00:002:0 / forestfire(4,0)(26) / ... / forestfire(01)
0 / L / D / 00:00:00:002:0 / forestfire(4,1)(27) / ... / forestfire(01)
0 / L / D / 00:00:00:002:0 / forestfire(4,2)(28) / 00:00:00:001:0 / forestfire(01)
0 / L / D / 00:00:00:002:0 / forestfire(4,3)(29) / 00:00:00:001:0 / forestfire(01)
0 / L / D / 00:00:00:002:0 / forestfire(4,4)(30) / 00:00:00:001:0 / forestfire(01)
0 / L / D / 00:00:00:002:0 / forestfire(4,5)(31) / ... / forestfire(01)
0 / L / D / 00:00:00:002:0 / forestfire(5,1)(33) / ... / forestfire(01)
0 / L / D / 00:00:00:002:0 / forestfire(5,2)(34) / ... / forestfire(01)
0 / L / D / 00:00:00:002:0 / forestfire(5,3)(35) / ... / forestfire(01)
0 / L / D / 00:00:00:002:0 / forestfire(5,4)(36) / ... / forestfire(01)
0 / L / @ / 00:00:00:003:0 / top(38) / forestfire(01)
0 / L / Y / 00:00:00:003:0 / forestfire(2,2)(16) / out /            ? / forestfire(01)
0 / L / D / 00:00:00:003:0 / forestfire(2,2)(16) / 00:00:00:000:0 / forestfire(01)
0 / L / Y / 00:00:00:003:0 / forestfire(2,3)(17) / out /            ? / forestfire(01)
0 / L / D / 00:00:00:003:0 / forestfire(2,3)(17) / 00:00:00:000:0 / forestfire(01)
0 / L / Y / 00:00:00:003:0 / forestfire(2,4)(18) / out /            ? / forestfire(01)
0 / L / D / 00:00:00:003:0 / forestfire(2,4)(18) / 00:00:00:000:0 / forestfire(01)
0 / L / Y / 00:00:00:003:0 / forestfire(3,2)(22) / out /            ? / forestfire(01)
0 / L / D / 00:00:00:003:0 / forestfire(3,2)(22) / 00:00:00:000:0 / forestfire(01)
0 / L / Y / 00:00:00:003:0 / forestfire(3,3)(23) / out /    569.40983 / forestfire(01)
0 / L / D / 00:00:00:003:0 / forestfire(3,3)(23) / 00:00:00:000:0 / forestfire(01)
0 / L / Y / 00:00:00:003:0 / forestfire(3,4)(24) / out /    566.92569 / forestfire(01)
0 / L / D / 00:00:00:003:0 / forestfire(3,4)(24) / 00:00:00:000:0 / forestfire(01)
0 / L / Y / 00:00:00:003:0 / forestfire(4,2)(28) / out /            ? / forestfire(01)
0 / L / D / 00:00:00:003:0 / forestfire(4,2)(28) / 00:00:00:000:0 / forestfire(01)
0 / L / Y / 00:00:00:003:0 / forestfire(4,3)(29) / out /    566.92569 / forestfire(01)
0 / L / D / 00:00:00:003:0 / forestfire(4,3)(29) / 00:00:00:000:0 / forestfire(01)
0 / L / Y / 00:00:00:003:0 / forestfire(4,4)(30) / out /    564.45696 / forestfire(01)
0 / L / D / 00:00:00:003:0 / forestfire(4,4)(30) / 00:00:00:000:0 / forestfire(01)
0 / L / * / 00:00:00:003:0 / top(38) / forestfire(01)
0 / L / D / 00:00:00:003:0 / forestfire(1,2)(10) / ... / forestfire(01)
0 / L / D / 00:00:00:003:0 / forestfire(1,3)(11) / ... / forestfire(01)
0 / L / D / 00:00:00:003:0 / forestfire(1,4)(12) / ... / forestfire(01)
0 / L / D / 00:00:00:003:0 / forestfire(2,1)(15) / ... / forestfire(01)
0 / L / D / 00:00:00:003:0 / forestfire(2,2)(16) / ... / forestfire(01)
0 / L / D / 00:00:00:003:0 / forestfire(2,3)(17) / ... / forestfire(01)
0 / L / D / 00:00:00:003:0 / forestfire(2,4)(18) / ... / forestfire(01)
0 / L / D / 00:00:00:003:0 / forestfire(2,5)(19) / ... / forestfire(01)
0 / L / D / 00:00:00:003:0 / forestfire(3,1)(21) / ... / forestfire(01)
0 / L / D / 00:00:00:003:0 / forestfire(3,2)(22) / ... / forestfire(01)
0 / L / D / 00:00:00:003:0 / forestfire(3,3)(23) / 00:00:00:001:0 / forestfire(01)
0 / L / D / 00:00:00:003:0 / forestfire(3,4)(24) / 00:00:00:001:0 / forestfire(01)
0 / L / D / 00:00:00:003:0 / forestfire(3,5)(25) / ... / forestfire(01)
0 / L / D / 00:00:00:003:0 / forestfire(4,1)(27) / ... / forestfire(01)
0 / L / D / 00:00:00:003:0 / forestfire(4,2)(28) / ... / forestfire(01)
0 / L / D / 00:00:00:003:0 / forestfire(4,3)(29) / 00:00:00:001:0 / forestfire(01)
0 / L / D / 00:00:00:003:0 / forestfire(4,4)(30) / 00:00:00:001:0 / forestfire(01)
0 / L / D / 00:00:00:003:0 / forestfire(4,5)(31) / ... / forestfire(01)
0 / L / D / 00:00:00:003:0 / forestfire(5,2)(34) / ... / forestfire(01)
0 / L / D / 00:00:00:003:0 / forestfire(5,3)(35) / ... / forestfire(01)
0 / L / D / 00:00:00:003:0 / forestfire(5,4)(36) / ... / forestfire(01)
0 / L / @ / 00:00:00:004:0 / top(38) / forestfire(01)
0 / L / Y / 00:00:00:004:0 / forestfire(3,3)(23) / out /            ? / forestfire(01)
0 / L / D / 00:00:00:004:0 / forestfire(3,3)(23) / 00:00:00:000:0 / forestfire(01)
0 / L / Y / 00:00:00:004:0 / forestfire(3,4)(24) / out /            ? / forestfire(01)
0 / L / D / 00:00:00:004:0 / forestfire(3,4)(24) / 00:00:00:000:0 / forestfire(01)
0 / L / Y / 00:00:00:004:0 / forestfire(4,3)(29) / out /            ? / forestfire(01)
0 / L / D / 00:00:00:004:0 / forestfire(4,3)(29) / 00:00:00:000:0 / forestfire(01)
0 / L / Y / 00:00:00:004:0 / forestfire(4,4)(30) / out /    562.64488 / forestfire(01)
0 / L / D / 00:00:00:004:0 / forestfire(4,4)(30) / 00:00:00:000:0 / forestfire(01)
0 / L / * / 00:00:00:004:0 / top(38) / forestfire(01)
0 / L / D / 00:00:00:004:0 / forestfire(2,3)(17) / ... / forestfire(01)
0 / L / D / 00:00:00:004:0 / forestfire(2,4)(18) / ... / forestfire(01)
0 / L / D / 00:00:00:004:0 / forestfire(3,2)(22) / ... / forestfire(01)
0 / L / D / 00:00:00:004:0 / forestfire(3,3)(23) / ... / forestfire(01)
0 / L / D / 00:00:00:004:0 / forestfire(3,4)(24) / ... / forestfire(01)
0 / L / D / 00:00:00:004:0 / forestfire(3,5)(25) / ... / forestfire(01)
0 / L / D / 00:00:00:004:0 / forestfire(4,2)(28) / ... / forestfire(01)
0 / L / D / 00:00:00:004:0 / forestfire(4,3)(29) / ... / forestfire(01)
0 / L / D / 00:00:00:004:0 / forestfire(4,4)(30) / 00:00:00:001:0 / forestfire(01)
0 / L / D / 00:00:00:004:0 / forestfire(4,5)(31) / ... / forestfire(01)
0 / L / D / 00:00:00:004:0 / forestfire(5,3)(35) / ... / forestfire(01)
0 / L / D / 00:00:00:004:0 / forestfire(5,4)(36) / ... / forestfire(01)
0 / L / @ / 00:00:00:005:0 / top(38) / forestfire(01)
0 / L / Y / 00:00:00:005:0 / forestfire(4,4)(30) / out /            ? / forestfire(01)
0 / L / D / 00:00:00:005:0 / forestfire(4,4)(30) / 00:00:00:000:0 / forestfire(01)
0 / L / * / 00:00:00:005:0 / top(38) / forestfire(01)
0 / L / D / 00:00:00:005:0 / forestfire(3,4)(24) / ... / forestfire(01)
0 / L / D / 00:00:00:005:0 / forestfire(4,3)(29) / ... / forestfire(01)
0 / L / D / 00:00:00:005:0 / forestfire(4,4)(30) / ... / forestfire(01)
0 / L / D / 00:00:00:005:0 / forestfire(4,5)(31) / ... / forestfire(01)
0 / L / D / 00:00:00:005:0 / forestfire(5,4)(36) / ... / forestfire(01)
