0 / L / I / 00:00:00:000:0 / top(102) / decryption(01)
0 / L / D / 00:00:00:000:0 / decryption(0,0)(02) / 00:00:00:000:0 / decryption(01)
0 / L / D / 00:00:00:000:0 / decryption(0,1)(03) / 00:00:00:000:0 / decryption(01)
0 / L / D / 00:00:00:000:0 / decryption(0,2)(04) / 00:00:00:000:0 / decryption(01)
0 / L / D / 00:00:00:000:0 / decryption(0,3)(05) / 00:00:00:000:0 / decryption(01)
0 / L / D / 00:00:00:000:0 / decryption(0,4)(06) / 00:00:00:000:0 / decryption(01)
0 / L / D / 00:00:00:000:0 / decryption(0,5)(07) / 00:00:00:000:0 / decryption(01)
0 / L / D / 00:00:00:000:0 / decryption(0,6)(08) / 00:00:00:000:0 / decryption(01)
0 / L / D / 00:00:00:000:0 / decryption(0,7)(09) / 00:00:00:000:0 / decryption(01)
0 / L / D / 00:00:00:000:0 / decryption(0,8)(10) / 00:00:00:000:0 / decryption(01)
0 / L / D / 00:00:00:000:0 / decryption(0,9)(11) / 00:00:00:000:0 / decryption(01)
0 / L / D / 00:00:00:000:0 / decryption(1,0)(12) / 00:00:00:000:0 / decryption(01)
0 / L / D / 00:00:00:000:0 / decryption(1,1)(13) / 00:00:00:000:0 / decryption(01)
0 / L / D / 00:00:00:000:0 / decryption(1,2)(14) / 00:00:00:000:0 / decryption(01)
0 / L / D / 00:00:00:000:0 / decryption(1,3)(15) / 00:00:00:000:0 / decryption(01)
0 / L / D / 00:00:00:000:0 / decryption(1,4)(16) / 00:00:00:000:0 / decryption(01)
0 / L / D / 00:00:00:000:0 / decryption(1,5)(17) / 00:00:00:000:0 / decryption(01)
0 / L / D / 00:00:00:000:0 / decryption(1,6)(18) / 00:00:00:000:0 / decryption(01)
0 / L / D / 00:00:00:000:0 / decryption(1,7)(19) / 00:00:00:000:0 / decryption(01)
0 / L / D / 00:00:00:000:0 / decryption(1,8)(20) / 00:00:00:000:0 / decryption(01)
0 / L / D / 00:00:00:000:0 / decryption(1,9)(21) / 00:00:00:000:0 / decryption(01)
0 / L / D / 00:00:00:000:0 / decryption(2,0)(22) / 00:00:00:000:0 / decryption(01)
0 / L / D / 00:00:00:000:0 / decryption(2,1)(23) / 00:00:00:000:0 / decryption(01)
0 / L / D / 00:00:00:000:0 / decryption(2,2)(24) / 00:00:00:000:0 / decryption(01)
0 / L / D / 00:00:00:000:0 / decryption(2,3)(25) / 00:00:00:000:0 / decryption(01)
0 / L / D / 00:00:00:000:0 / decryption(2,4)(26) / 00:00:00:000:0 / decryption(01)
0 / L / D / 00:00:00:000:0 / decryption(2,5)(27) / 00:00:00:000:0 / decryption(01)
0 / L / D / 00:00:00:000:0 / decryption(2,6)(28) / 00:00:00:000:0 / decryption(01)
0 / L / D / 00:00:00:000:0 / decryption(2,7)(29) / 00:00:00:000:0 / decryption(01)
0 / L / D / 00:00:00:000:0 / decryption(2,8)(30) / 00:00:00:000:0 / decryption(01)
0 / L / D / 00:00:00:000:0 / decryption(2,9)(31) / 00:00:00:000:0 / decryption(01)
0 / L / D / 00:00:00:000:0 / decryption(3,0)(32) / 00:00:00:000:0 / decryption(01)
0 / L / D / 00:00:00:000:0 / decryption(3,1)(33) / 00:00:00:000:0 / decryption(01)
0 / L / D / 00:00:00:000:0 / decryption(3,2)(34) / 00:00:00:000:0 / decryption(01)
0 / L / D / 00:00:00:000:0 / decryption(3,3)(35) / 00:00:00:000:0 / decryption(01)
0 / L / D / 00:00:00:000:0 / decryption(3,4)(36) / 00:00:00:000:0 / decryption(01)
0 / L / D / 00:00:00:000:0 / decryption(3,5)(37) / 00:00:00:000:0 / decryption(01)
0 / L / D / 00:00:00:000:0 / decryption(3,6)(38) / 00:00:00:000:0 / decryption(01)
0 / L / D / 00:00:00:000:0 / decryption(3,7)(39) / 00:00:00:000:0 / decryption(01)
0 / L / D / 00:00:00:000:0 / decryption(3,8)(40) / 00:00:00:000:0 / decryption(01)
0 / L / D / 00:00:00:000:0 / decryption(3,9)(41) / 00:00:00:000:0 / decryption(01)
0 / L / D / 00:00:00:000:0 / decryption(4,0)(42) / 00:00:00:000:0 / decryption(01)
0 / L / D / 00:00:00:000:0 / decryption(4,1)(43) / 00:00:00:000:0 / decryption(01)
0 / L / D / 00:00:00:000:0 / decryption(4,2)(44) / 00:00:00:000:0 / decryption(01)
0 / L / D / 00:00:00:000:0 / decryption(4,3)(45) / 00:00:00:000:0 / decryption(01)
0 / L / D / 00:00:00:000:0 / decryption(4,4)(46) / 00:00:00:000:0 / decryption(01)
0 / L / D / 00:00:00:000:0 / decryption(4,5)(47) / 00:00:00:000:0 / decryption(01)
0 / L / D / 00:00:00:000:0 / decryption(4,6)(48) / 00:00:00:000:0 / decryption(01)
0 / L / D / 00:00:00:000:0 / decryption(4,7)(49) / 00:00:00:000:0 / decryption(01)
0 / L / D / 00:00:00:000:0 / decryption(4,8)(50) / 00:00:00:000:0 / decryption(01)
0 / L / D / 00:00:00:000:0 / decryption(4,9)(51) / 00:00:00:000:0 / decryption(01)
0 / L / D / 00:00:00:000:0 / decryption(5,0)(52) / 00:00:00:000:0 / decryption(01)
0 / L / D / 00:00:00:000:0 / decryption(5,1)(53) / 00:00:00:000:0 / decryption(01)
0 / L / D / 00:00:00:000:0 / decryption(5,2)(54) / 00:00:00:000:0 / decryption(01)
0 / L / D / 00:00:00:000:0 / decryption(5,3)(55) / 00:00:00:000:0 / decryption(01)
0 / L / D / 00:00:00:000:0 / decryption(5,4)(56) / 00:00:00:000:0 / decryption(01)
0 / L / D / 00:00:00:000:0 / decryption(5,5)(57) / 00:00:00:000:0 / decryption(01)
0 / L / D / 00:00:00:000:0 / decryption(5,6)(58) / 00:00:00:000:0 / decryption(01)
0 / L / D / 00:00:00:000:0 / decryption(5,7)(59) / 00:00:00:000:0 / decryption(01)
0 / L / D / 00:00:00:000:0 / decryption(5,8)(60) / 00:00:00:000:0 / decryption(01)
0 / L / D / 00:00:00:000:0 / decryption(5,9)(61) / 00:00:00:000:0 / decryption(01)
0 / L / D / 00:00:00:000:0 / decryption(6,0)(62) / 00:00:00:000:0 / decryption(01)
0 / L / D / 00:00:00:000:0 / decryption(6,1)(63) / 00:00:00:000:0 / decryption(01)
0 / L / D / 00:00:00:000:0 / decryption(6,2)(64) / 00:00:00:000:0 / decryption(01)
0 / L / D / 00:00:00:000:0 / decryption(6,3)(65) / 00:00:00:000:0 / decryption(01)
0 / L / D / 00:00:00:000:0 / decryption(6,4)(66) / 00:00:00:000:0 / decryption(01)
0 / L / D / 00:00:00:000:0 / decryption(6,5)(67) / 00:00:00:000:0 / decryption(01)
0 / L / D / 00:00:00:000:0 / decryption(6,6)(68) / 00:00:00:000:0 / decryption(01)
0 / L / D / 00:00:00:000:0 / decryption(6,7)(69) / 00:00:00:000:0 / decryption(01)
0 / L / D / 00:00:00:000:0 / decryption(6,8)(70) / 00:00:00:000:0 / decryption(01)
0 / L / D / 00:00:00:000:0 / decryption(6,9)(71) / 00:00:00:000:0 / decryption(01)
0 / L / D / 00:00:00:000:0 / decryption(7,0)(72) / 00:00:00:000:0 / decryption(01)
0 / L / D / 00:00:00:000:0 / decryption(7,1)(73) / 00:00:00:000:0 / decryption(01)
0 / L / D / 00:00:00:000:0 / decryption(7,2)(74) / 00:00:00:000:0 / decryption(01)
0 / L / D / 00:00:00:000:0 / decryption(7,3)(75) / 00:00:00:000:0 / decryption(01)
0 / L / D / 00:00:00:000:0 / decryption(7,4)(76) / 00:00:00:000:0 / decryption(01)
0 / L / D / 00:00:00:000:0 / decryption(7,5)(77) / 00:00:00:000:0 / decryption(01)
0 / L / D / 00:00:00:000:0 / decryption(7,6)(78) / 00:00:00:000:0 / decryption(01)
0 / L / D / 00:00:00:000:0 / decryption(7,7)(79) / 00:00:00:000:0 / decryption(01)
0 / L / D / 00:00:00:000:0 / decryption(7,8)(80) / 00:00:00:000:0 / decryption(01)
0 / L / D / 00:00:00:000:0 / decryption(7,9)(81) / 00:00:00:000:0 / decryption(01)
0 / L / D / 00:00:00:000:0 / decryption(8,0)(82) / 00:00:00:000:0 / decryption(01)
0 / L / D / 00:00:00:000:0 / decryption(8,1)(83) / 00:00:00:000:0 / decryption(01)
0 / L / D / 00:00:00:000:0 / decryption(8,2)(84) / 00:00:00:000:0 / decryption(01)
0 / L / D / 00:00:00:000:0 / decryption(8,3)(85) / 00:00:00:000:0 / decryption(01)
0 / L / D / 00:00:00:000:0 / decryption(8,4)(86) / 00:00:00:000:0 / decryption(01)
0 / L / D / 00:00:00:000:0 / decryption(8,5)(87) / 00:00:00:000:0 / decryption(01)
0 / L / D / 00:00:00:000:0 / decryption(8,6)(88) / 00:00:00:000:0 / decryption(01)
0 / L / D / 00:00:00:000:0 / decryption(8,7)(89) / 00:00:00:000:0 / decryption(01)
0 / L / D / 00:00:00:000:0 / decryption(8,8)(90) / 00:00:00:000:0 / decryption(01)
0 / L / D / 00:00:00:000:0 / decryption(8,9)(91) / 00:00:00:000:0 / decryption(01)
0 / L / D / 00:00:00:000:0 / decryption(9,0)(92) / 00:00:00:000:0 / decryption(01)
0 / L / D / 00:00:00:000:0 / decryption(9,1)(93) / 00:00:00:000:0 / decryption(01)
0 / L / D / 00:00:00:000:0 / decryption(9,2)(94) / 00:00:00:000:0 / decryption(01)
0 / L / D / 00:00:00:000:0 / decryption(9,3)(95) / 00:00:00:000:0 / decryption(01)
0 / L / D / 00:00:00:000:0 / decryption(9,4)(96) / 00:00:00:000:0 / decryption(01)
0 / L / D / 00:00:00:000:0 / decryption(9,5)(97) / 00:00:00:000:0 / decryption(01)
0 / L / D / 00:00:00:000:0 / decryption(9,6)(98) / 00:00:00:000:0 / decryption(01)
0 / L / D / 00:00:00:000:0 / decryption(9,7)(99) / 00:00:00:000:0 / decryption(01)
0 / L / D / 00:00:00:000:0 / decryption(9,8)(100) / 00:00:00:000:0 / decryption(01)
0 / L / D / 00:00:00:000:0 / decryption(9,9)(101) / 00:00:00:000:0 / decryption(01)
0 / L / @ / 00:00:00:000:0 / top(102) / decryption(01)
0 / L / Y / 00:00:00:000:0 / decryption(0,0)(02) / out /      1.00000 / decryption(01)
0 / L / D / 00:00:00:000:0 / decryption(0,0)(02) / 00:00:00:000:0 / decryption(01)
0 / L / Y / 00:00:00:000:0 / decryption(0,1)(03) / out /      0.00000 / decryption(01)
0 / L / D / 00:00:00:000:0 / decryption(0,1)(03) / 00:00:00:000:0 / decryption(01)
0 / L / Y / 00:00:00:000:0 / decryption(0,2)(04) / out /      1.00000 / decryption(01)
0 / L / D / 00:00:00:000:0 / decryption(0,2)(04) / 00:00:00:000:0 / decryption(01)
0 / L / Y / 00:00:00:000:0 / decryption(0,3)(05) / out /      1.00000 / decryption(01)
0 / L / D / 00:00:00:000:0 / decryption(0,3)(05) / 00:00:00:000:0 / decryption(01)
0 / L / Y / 00:00:00:000:0 / decryption(0,4)(06) / out /      1.00000 / decryption(01)
0 / L / D / 00:00:00:000:0 / decryption(0,4)(06) / 00:00:00:000:0 / decryption(01)
0 / L / Y / 00:00:00:000:0 / decryption(0,5)(07) / out /      1.00000 / decryption(01)
0 / L / D / 00:00:00:000:0 / decryption(0,5)(07) / 00:00:00:000:0 / decryption(01)
0 / L / Y / 00:00:00:000:0 / decryption(0,6)(08) / out /      0.00000 / decryption(01)
0 / L / D / 00:00:00:000:0 / decryption(0,6)(08) / 00:00:00:000:0 / decryption(01)
0 / L / Y / 00:00:00:000:0 / decryption(0,7)(09) / out /      0.00000 / decryption(01)
0 / L / D / 00:00:00:000:0 / decryption(0,7)(09) / 00:00:00:000:0 / decryption(01)
0 / L / Y / 00:00:00:000:0 / decryption(0,8)(10) / out /      1.00000 / decryption(01)
0 / L / D / 00:00:00:000:0 / decryption(0,8)(10) / 00:00:00:000:0 / decryption(01)
0 / L / Y / 00:00:00:000:0 / decryption(0,9)(11) / out /      1.00000 / decryption(01)
0 / L / D / 00:00:00:000:0 / decryption(0,9)(11) / 00:00:00:000:0 / decryption(01)
0 / L / Y / 00:00:00:000:0 / decryption(1,0)(12) / out /      1.00000 / decryption(01)
0 / L / D / 00:00:00:000:0 / decryption(1,0)(12) / 00:00:00:000:0 / decryption(01)
0 / L / Y / 00:00:00:000:0 / decryption(1,1)(13) / out /      1.00000 / decryption(01)
0 / L / D / 00:00:00:000:0 / decryption(1,1)(13) / 00:00:00:000:0 / decryption(01)
0 / L / Y / 00:00:00:000:0 / decryption(1,2)(14) / out /      0.00000 / decryption(01)
0 / L / D / 00:00:00:000:0 / decryption(1,2)(14) / 00:00:00:000:0 / decryption(01)
0 / L / Y / 00:00:00:000:0 / decryption(1,3)(15) / out /      1.00000 / decryption(01)
0 / L / D / 00:00:00:000:0 / decryption(1,3)(15) / 00:00:00:000:0 / decryption(01)
0 / L / Y / 00:00:00:000:0 / decryption(1,4)(16) / out /      1.00000 / decryption(01)
0 / L / D / 00:00:00:000:0 / decryption(1,4)(16) / 00:00:00:000:0 / decryption(01)
0 / L / Y / 00:00:00:000:0 / decryption(1,5)(17) / out /      0.00000 / decryption(01)
0 / L / D / 00:00:00:000:0 / decryption(1,5)(17) / 00:00:00:000:0 / decryption(01)
0 / L / Y / 00:00:00:000:0 / decryption(1,6)(18) / out /      0.00000 / decryption(01)
0 / L / D / 00:00:00:000:0 / decryption(1,6)(18) / 00:00:00:000:0 / decryption(01)
0 / L / Y / 00:00:00:000:0 / decryption(1,7)(19) / out /      1.00000 / decryption(01)
0 / L / D / 00:00:00:000:0 / decryption(1,7)(19) / 00:00:00:000:0 / decryption(01)
0 / L / Y / 00:00:00:000:0 / decryption(1,8)(20) / out /      0.00000 / decryption(01)
0 / L / D / 00:00:00:000:0 / decryption(1,8)(20) / 00:00:00:000:0 / decryption(01)
0 / L / Y / 00:00:00:000:0 / decryption(1,9)(21) / out /      0.00000 / decryption(01)
0 / L / D / 00:00:00:000:0 / decryption(1,9)(21) / 00:00:00:000:0 / decryption(01)
0 / L / Y / 00:00:00:000:0 / decryption(2,0)(22) / out /      2.00000 / decryption(01)
0 / L / D / 00:00:00:000:0 / decryption(2,0)(22) / 00:00:00:000:0 / decryption(01)
0 / L / Y / 00:00:00:000:0 / decryption(2,1)(23) / out /      2.00000 / decryption(01)
0 / L / D / 00:00:00:000:0 / decryption(2,1)(23) / 00:00:00:000:0 / decryption(01)
0 / L / Y / 00:00:00:000:0 / decryption(2,2)(24) / out /      2.00000 / decryption(01)
0 / L / D / 00:00:00:000:0 / decryption(2,2)(24) / 00:00:00:000:0 / decryption(01)
0 / L / Y / 00:00:00:000:0 / decryption(2,3)(25) / out /      2.00000 / decryption(01)
0 / L / D / 00:00:00:000:0 / decryption(2,3)(25) / 00:00:00:000:0 / decryption(01)
0 / L / Y / 00:00:00:000:0 / decryption(2,4)(26) / out /      2.00000 / decryption(01)
0 / L / D / 00:00:00:000:0 / decryption(2,4)(26) / 00:00:00:000:0 / decryption(01)
0 / L / Y / 00:00:00:000:0 / decryption(2,5)(27) / out /      2.00000 / decryption(01)
0 / L / D / 00:00:00:000:0 / decryption(2,5)(27) / 00:00:00:000:0 / decryption(01)
0 / L / Y / 00:00:00:000:0 / decryption(2,6)(28) / out /      2.00000 / decryption(01)
0 / L / D / 00:00:00:000:0 / decryption(2,6)(28) / 00:00:00:000:0 / decryption(01)
0 / L / Y / 00:00:00:000:0 / decryption(2,7)(29) / out /      2.00000 / decryption(01)
0 / L / D / 00:00:00:000:0 / decryption(2,7)(29) / 00:00:00:000:0 / decryption(01)
0 / L / Y / 00:00:00:000:0 / decryption(2,8)(30) / out /      2.00000 / decryption(01)
0 / L / D / 00:00:00:000:0 / decryption(2,8)(30) / 00:00:00:000:0 / decryption(01)
0 / L / Y / 00:00:00:000:0 / decryption(2,9)(31) / out /      2.00000 / decryption(01)
0 / L / D / 00:00:00:000:0 / decryption(2,9)(31) / 00:00:00:000:0 / decryption(01)
0 / L / Y / 00:00:00:000:0 / decryption(3,0)(32) / out /      2.00000 / decryption(01)
0 / L / D / 00:00:00:000:0 / decryption(3,0)(32) / 00:00:00:000:0 / decryption(01)
0 / L / Y / 00:00:00:000:0 / decryption(3,1)(33) / out /      2.00000 / decryption(01)
0 / L / D / 00:00:00:000:0 / decryption(3,1)(33) / 00:00:00:000:0 / decryption(01)
0 / L / Y / 00:00:00:000:0 / decryption(3,2)(34) / out /      2.00000 / decryption(01)
0 / L / D / 00:00:00:000:0 / decryption(3,2)(34) / 00:00:00:000:0 / decryption(01)
0 / L / Y / 00:00:00:000:0 / decryption(3,3)(35) / out /      2.00000 / decryption(01)
0 / L / D / 00:00:00:000:0 / decryption(3,3)(35) / 00:00:00:000:0 / decryption(01)
0 / L / Y / 00:00:00:000:0 / decryption(3,4)(36) / out /      2.00000 / decryption(01)
0 / L / D / 00:00:00:000:0 / decryption(3,4)(36) / 00:00:00:000:0 / decryption(01)
0 / L / Y / 00:00:00:000:0 / decryption(3,5)(37) / out /      2.00000 / decryption(01)
0 / L / D / 00:00:00:000:0 / decryption(3,5)(37) / 00:00:00:000:0 / decryption(01)
0 / L / Y / 00:00:00:000:0 / decryption(3,6)(38) / out /      2.00000 / decryption(01)
0 / L / D / 00:00:00:000:0 / decryption(3,6)(38) / 00:00:00:000:0 / decryption(01)
0 / L / Y / 00:00:00:000:0 / decryption(3,7)(39) / out /      2.00000 / decryption(01)
0 / L / D / 00:00:00:000:0 / decryption(3,7)(39) / 00:00:00:000:0 / decryption(01)
0 / L / Y / 00:00:00:000:0 / decryption(3,8)(40) / out /      2.00000 / decryption(01)
0 / L / D / 00:00:00:000:0 / decryption(3,8)(40) / 00:00:00:000:0 / decryption(01)
0 / L / Y / 00:00:00:000:0 / decryption(3,9)(41) / out /      2.00000 / decryption(01)
0 / L / D / 00:00:00:000:0 / decryption(3,9)(41) / 00:00:00:000:0 / decryption(01)
0 / L / Y / 00:00:00:000:0 / decryption(4,0)(42) / out /      2.00000 / decryption(01)
0 / L / D / 00:00:00:000:0 / decryption(4,0)(42) / 00:00:00:000:0 / decryption(01)
0 / L / Y / 00:00:00:000:0 / decryption(4,1)(43) / out /      2.00000 / decryption(01)
0 / L / D / 00:00:00:000:0 / decryption(4,1)(43) / 00:00:00:000:0 / decryption(01)
0 / L / Y / 00:00:00:000:0 / decryption(4,2)(44) / out /      2.00000 / decryption(01)
0 / L / D / 00:00:00:000:0 / decryption(4,2)(44) / 00:00:00:000:0 / decryption(01)
0 / L / Y / 00:00:00:000:0 / decryption(4,3)(45) / out /      2.00000 / decryption(01)
0 / L / D / 00:00:00:000:0 / decryption(4,3)(45) / 00:00:00:000:0 / decryption(01)
0 / L / Y / 00:00:00:000:0 / decryption(4,4)(46) / out /      2.00000 / decryption(01)
0 / L / D / 00:00:00:000:0 / decryption(4,4)(46) / 00:00:00:000:0 / decryption(01)
0 / L / Y / 00:00:00:000:0 / decryption(4,5)(47) / out /      2.00000 / decryption(01)
0 / L / D / 00:00:00:000:0 / decryption(4,5)(47) / 00:00:00:000:0 / decryption(01)
0 / L / Y / 00:00:00:000:0 / decryption(4,6)(48) / out /      2.00000 / decryption(01)
0 / L / D / 00:00:00:000:0 / decryption(4,6)(48) / 00:00:00:000:0 / decryption(01)
0 / L / Y / 00:00:00:000:0 / decryption(4,7)(49) / out /      2.00000 / decryption(01)
0 / L / D / 00:00:00:000:0 / decryption(4,7)(49) / 00:00:00:000:0 / decryption(01)
0 / L / Y / 00:00:00:000:0 / decryption(4,8)(50) / out /      2.00000 / decryption(01)
0 / L / D / 00:00:00:000:0 / decryption(4,8)(50) / 00:00:00:000:0 / decryption(01)
0 / L / Y / 00:00:00:000:0 / decryption(4,9)(51) / out /      2.00000 / decryption(01)
0 / L / D / 00:00:00:000:0 / decryption(4,9)(51) / 00:00:00:000:0 / decryption(01)
0 / L / Y / 00:00:00:000:0 / decryption(5,0)(52) / out /      2.00000 / decryption(01)
0 / L / D / 00:00:00:000:0 / decryption(5,0)(52) / 00:00:00:000:0 / decryption(01)
0 / L / Y / 00:00:00:000:0 / decryption(5,1)(53) / out /      2.00000 / decryption(01)
0 / L / D / 00:00:00:000:0 / decryption(5,1)(53) / 00:00:00:000:0 / decryption(01)
0 / L / Y / 00:00:00:000:0 / decryption(5,2)(54) / out /      2.00000 / decryption(01)
0 / L / D / 00:00:00:000:0 / decryption(5,2)(54) / 00:00:00:000:0 / decryption(01)
0 / L / Y / 00:00:00:000:0 / decryption(5,3)(55) / out /      2.00000 / decryption(01)
0 / L / D / 00:00:00:000:0 / decryption(5,3)(55) / 00:00:00:000:0 / decryption(01)
0 / L / Y / 00:00:00:000:0 / decryption(5,4)(56) / out /      2.00000 / decryption(01)
0 / L / D / 00:00:00:000:0 / decryption(5,4)(56) / 00:00:00:000:0 / decryption(01)
0 / L / Y / 00:00:00:000:0 / decryption(5,5)(57) / out /      2.00000 / decryption(01)
0 / L / D / 00:00:00:000:0 / decryption(5,5)(57) / 00:00:00:000:0 / decryption(01)
0 / L / Y / 00:00:00:000:0 / decryption(5,6)(58) / out /      2.00000 / decryption(01)
0 / L / D / 00:00:00:000:0 / decryption(5,6)(58) / 00:00:00:000:0 / decryption(01)
0 / L / Y / 00:00:00:000:0 / decryption(5,7)(59) / out /      2.00000 / decryption(01)
0 / L / D / 00:00:00:000:0 / decryption(5,7)(59) / 00:00:00:000:0 / decryption(01)
0 / L / Y / 00:00:00:000:0 / decryption(5,8)(60) / out /      2.00000 / decryption(01)
0 / L / D / 00:00:00:000:0 / decryption(5,8)(60) / 00:00:00:000:0 / decryption(01)
0 / L / Y / 00:00:00:000:0 / decryption(5,9)(61) / out /      2.00000 / decryption(01)
0 / L / D / 00:00:00:000:0 / decryption(5,9)(61) / 00:00:00:000:0 / decryption(01)
0 / L / Y / 00:00:00:000:0 / decryption(6,0)(62) / out /      2.00000 / decryption(01)
0 / L / D / 00:00:00:000:0 / decryption(6,0)(62) / 00:00:00:000:0 / decryption(01)
0 / L / Y / 00:00:00:000:0 / decryption(6,1)(63) / out /      2.00000 / decryption(01)
0 / L / D / 00:00:00:000:0 / decryption(6,1)(63) / 00:00:00:000:0 / decryption(01)
0 / L / Y / 00:00:00:000:0 / decryption(6,2)(64) / out /      2.00000 / decryption(01)
0 / L / D / 00:00:00:000:0 / decryption(6,2)(64) / 00:00:00:000:0 / decryption(01)
0 / L / Y / 00:00:00:000:0 / decryption(6,3)(65) / out /      2.00000 / decryption(01)
0 / L / D / 00:00:00:000:0 / decryption(6,3)(65) / 00:00:00:000:0 / decryption(01)
0 / L / Y / 00:00:00:000:0 / decryption(6,4)(66) / out /      2.00000 / decryption(01)
0 / L / D / 00:00:00:000:0 / decryption(6,4)(66) / 00:00:00:000:0 / decryption(01)
0 / L / Y / 00:00:00:000:0 / decryption(6,5)(67) / out /      2.00000 / decryption(01)
0 / L / D / 00:00:00:000:0 / decryption(6,5)(67) / 00:00:00:000:0 / decryption(01)
0 / L / Y / 00:00:00:000:0 / decryption(6,6)(68) / out /      2.00000 / decryption(01)
0 / L / D / 00:00:00:000:0 / decryption(6,6)(68) / 00:00:00:000:0 / decryption(01)
0 / L / Y / 00:00:00:000:0 / decryption(6,7)(69) / out /      2.00000 / decryption(01)
0 / L / D / 00:00:00:000:0 / decryption(6,7)(69) / 00:00:00:000:0 / decryption(01)
0 / L / Y / 00:00:00:000:0 / decryption(6,8)(70) / out /      2.00000 / decryption(01)
0 / L / D / 00:00:00:000:0 / decryption(6,8)(70) / 00:00:00:000:0 / decryption(01)
0 / L / Y / 00:00:00:000:0 / decryption(6,9)(71) / out /      2.00000 / decryption(01)
0 / L / D / 00:00:00:000:0 / decryption(6,9)(71) / 00:00:00:000:0 / decryption(01)
0 / L / Y / 00:00:00:000:0 / decryption(7,0)(72) / out /      2.00000 / decryption(01)
0 / L / D / 00:00:00:000:0 / decryption(7,0)(72) / 00:00:00:000:0 / decryption(01)
0 / L / Y / 00:00:00:000:0 / decryption(7,1)(73) / out /      2.00000 / decryption(01)
0 / L / D / 00:00:00:000:0 / decryption(7,1)(73) / 00:00:00:000:0 / decryption(01)
0 / L / Y / 00:00:00:000:0 / decryption(7,2)(74) / out /      2.00000 / decryption(01)
0 / L / D / 00:00:00:000:0 / decryption(7,2)(74) / 00:00:00:000:0 / decryption(01)
0 / L / Y / 00:00:00:000:0 / decryption(7,3)(75) / out /      2.00000 / decryption(01)
0 / L / D / 00:00:00:000:0 / decryption(7,3)(75) / 00:00:00:000:0 / decryption(01)
0 / L / Y / 00:00:00:000:0 / decryption(7,4)(76) / out /      2.00000 / decryption(01)
0 / L / D / 00:00:00:000:0 / decryption(7,4)(76) / 00:00:00:000:0 / decryption(01)
0 / L / Y / 00:00:00:000:0 / decryption(7,5)(77) / out /      2.00000 / decryption(01)
0 / L / D / 00:00:00:000:0 / decryption(7,5)(77) / 00:00:00:000:0 / decryption(01)
0 / L / Y / 00:00:00:000:0 / decryption(7,6)(78) / out /      2.00000 / decryption(01)
0 / L / D / 00:00:00:000:0 / decryption(7,6)(78) / 00:00:00:000:0 / decryption(01)
0 / L / Y / 00:00:00:000:0 / decryption(7,7)(79) / out /      2.00000 / decryption(01)
0 / L / D / 00:00:00:000:0 / decryption(7,7)(79) / 00:00:00:000:0 / decryption(01)
0 / L / Y / 00:00:00:000:0 / decryption(7,8)(80) / out /      2.00000 / decryption(01)
0 / L / D / 00:00:00:000:0 / decryption(7,8)(80) / 00:00:00:000:0 / decryption(01)
0 / L / Y / 00:00:00:000:0 / decryption(7,9)(81) / out /      2.00000 / decryption(01)
0 / L / D / 00:00:00:000:0 / decryption(7,9)(81) / 00:00:00:000:0 / decryption(01)
0 / L / Y / 00:00:00:000:0 / decryption(8,0)(82) / out /      2.00000 / decryption(01)
0 / L / D / 00:00:00:000:0 / decryption(8,0)(82) / 00:00:00:000:0 / decryption(01)
0 / L / Y / 00:00:00:000:0 / decryption(8,1)(83) / out /      2.00000 / decryption(01)
0 / L / D / 00:00:00:000:0 / decryption(8,1)(83) / 00:00:00:000:0 / decryption(01)
0 / L / Y / 00:00:00:000:0 / decryption(8,2)(84) / out /      2.00000 / decryption(01)
0 / L / D / 00:00:00:000:0 / decryption(8,2)(84) / 00:00:00:000:0 / decryption(01)
0 / L / Y / 00:00:00:000:0 / decryption(8,3)(85) / out /      2.00000 / decryption(01)
0 / L / D / 00:00:00:000:0 / decryption(8,3)(85) / 00:00:00:000:0 / decryption(01)
0 / L / Y / 00:00:00:000:0 / decryption(8,4)(86) / out /      2.00000 / decryption(01)
0 / L / D / 00:00:00:000:0 / decryption(8,4)(86) / 00:00:00:000:0 / decryption(01)
0 / L / Y / 00:00:00:000:0 / decryption(8,5)(87) / out /      2.00000 / decryption(01)
0 / L / D / 00:00:00:000:0 / decryption(8,5)(87) / 00:00:00:000:0 / decryption(01)
0 / L / Y / 00:00:00:000:0 / decryption(8,6)(88) / out /      2.00000 / decryption(01)
0 / L / D / 00:00:00:000:0 / decryption(8,6)(88) / 00:00:00:000:0 / decryption(01)
0 / L / Y / 00:00:00:000:0 / decryption(8,7)(89) / out /      2.00000 / decryption(01)
0 / L / D / 00:00:00:000:0 / decryption(8,7)(89) / 00:00:00:000:0 / decryption(01)
0 / L / Y / 00:00:00:000:0 / decryption(8,8)(90) / out /      2.00000 / decryption(01)
0 / L / D / 00:00:00:000:0 / decryption(8,8)(90) / 00:00:00:000:0 / decryption(01)
0 / L / Y / 00:00:00:000:0 / decryption(8,9)(91) / out /      2.00000 / decryption(01)
0 / L / D / 00:00:00:000:0 / decryption(8,9)(91) / 00:00:00:000:0 / decryption(01)
0 / L / Y / 00:00:00:000:0 / decryption(9,0)(92) / out /      2.00000 / decryption(01)
0 / L / D / 00:00:00:000:0 / decryption(9,0)(92) / 00:00:00:000:0 / decryption(01)
0 / L / Y / 00:00:00:000:0 / decryption(9,1)(93) / out /      2.00000 / decryption(01)
0 / L / D / 00:00:00:000:0 / decryption(9,1)(93) / 00:00:00:000:0 / decryption(01)
0 / L / Y / 00:00:00:000:0 / decryption(9,2)(94) / out /      2.00000 / decryption(01)
0 / L / D / 00:00:00:000:0 / decryption(9,2)(94) / 00:00:00:000:0 / decryption(01)
0 / L / Y / 00:00:00:000:0 / decryption(9,3)(95) / out /      2.00000 / decryption(01)
0 / L / D / 00:00:00:000:0 / decryption(9,3)(95) / 00:00:00:000:0 / decryption(01)
0 / L / Y / 00:00:00:000:0 / decryption(9,4)(96) / out /      2.00000 / decryption(01)
0 / L / D / 00:00:00:000:0 / decryption(9,4)(96) / 00:00:00:000:0 / decryption(01)
0 / L / Y / 00:00:00:000:0 / decryption(9,5)(97) / out /      2.00000 / decryption(01)
0 / L / D / 00:00:00:000:0 / decryption(9,5)(97) / 00:00:00:000:0 / decryption(01)
0 / L / Y / 00:00:00:000:0 / decryption(9,6)(98) / out /      2.00000 / decryption(01)
0 / L / D / 00:00:00:000:0 / decryption(9,6)(98) / 00:00:00:000:0 / decryption(01)
0 / L / Y / 00:00:00:000:0 / decryption(9,7)(99) / out /      2.00000 / decryption(01)
0 / L / D / 00:00:00:000:0 / decryption(9,7)(99) / 00:00:00:000:0 / decryption(01)
0 / L / Y / 00:00:00:000:0 / decryption(9,8)(100) / out /      2.00000 / decryption(01)
0 / L / D / 00:00:00:000:0 / decryption(9,8)(100) / 00:00:00:000:0 / decryption(01)
0 / L / Y / 00:00:00:000:0 / decryption(9,9)(101) / out /      2.00000 / decryption(01)
0 / L / D / 00:00:00:000:0 / decryption(9,9)(101) / 00:00:00:000:0 / decryption(01)
0 / L / * / 00:00:00:000:0 / top(102) / decryption(01)
0 / L / D / 00:00:00:000:0 / decryption(0,0)(02) / ... / decryption(01)
0 / L / D / 00:00:00:000:0 / decryption(0,1)(03) / ... / decryption(01)
0 / L / D / 00:00:00:000:0 / decryption(0,2)(04) / ... / decryption(01)
0 / L / D / 00:00:00:000:0 / decryption(0,3)(05) / ... / decryption(01)
0 / L / D / 00:00:00:000:0 / decryption(0,4)(06) / ... / decryption(01)
0 / L / D / 00:00:00:000:0 / decryption(0,5)(07) / ... / decryption(01)
0 / L / D / 00:00:00:000:0 / decryption(0,6)(08) / ... / decryption(01)
0 / L / D / 00:00:00:000:0 / decryption(0,7)(09) / ... / decryption(01)
0 / L / D / 00:00:00:000:0 / decryption(0,8)(10) / ... / decryption(01)
0 / L / D / 00:00:00:000:0 / decryption(0,9)(11) / ... / decryption(01)
0 / L / D / 00:00:00:000:0 / decryption(1,0)(12) / ... / decryption(01)
0 / L / D / 00:00:00:000:0 / decryption(1,1)(13) / ... / decryption(01)
0 / L / D / 00:00:00:000:0 / decryption(1,2)(14) / ... / decryption(01)
0 / L / D / 00:00:00:000:0 / decryption(1,3)(15) / ... / decryption(01)
0 / L / D / 00:00:00:000:0 / decryption(1,4)(16) / ... / decryption(01)
0 / L / D / 00:00:00:000:0 / decryption(1,5)(17) / ... / decryption(01)
0 / L / D / 00:00:00:000:0 / decryption(1,6)(18) / ... / decryption(01)
0 / L / D / 00:00:00:000:0 / decryption(1,7)(19) / ... / decryption(01)
0 / L / D / 00:00:00:000:0 / decryption(1,8)(20) / ... / decryption(01)
0 / L / D / 00:00:00:000:0 / decryption(1,9)(21) / ... / decryption(01)
0 / L / D / 00:00:00:000:0 / decryption(2,0)(22) / 00:00:01:000:0 / decryption(01)
0 / L / D / 00:00:00:000:0 / decryption(2,1)(23) / 00:00:01:000:0 / decryption(01)
0 / L / D / 00:00:00:000:0 / decryption(2,2)(24) / 00:00:01:000:0 / decryption(01)
0 / L / D / 00:00:00:000:0 / decryption(2,3)(25) / 00:00:01:000:0 / decryption(01)
0 / L / D / 00:00:00:000:0 / decryption(2,4)(26) / 00:00:01:000:0 / decryption(01)
0 / L / D / 00:00:00:000:0 / decryption(2,5)(27) / 00:00:01:000:0 / decryption(01)
0 / L / D / 00:00:00:000:0 / decryption(2,6)(28) / 00:00:01:000:0 / decryption(01)
0 / L / D / 00:00:00:000:0 / decryption(2,7)(29) / 00:00:01:000:0 / decryption(01)
0 / L / D / 00:00:00:000:0 / decryption(2,8)(30) / 00:00:01:000:0 / decryption(01)
0 / L / D / 00:00:00:000:0 / decryption(2,9)(31) / 00:00:01:000:0 / decryption(01)
0 / L / D / 00:00:00:000:0 / decryption(3,0)(32) / ... / decryption(01)
0 / L / D / 00:00:00:000:0 / decryption(3,1)(33) / ... / decryption(01)
0 / L / D / 00:00:00:000:0 / decryption(3,2)(34) / ... / decryption(01)
0 / L / D / 00:00:00:000:0 / decryption(3,3)(35) / ... / decryption(01)
0 / L / D / 00:00:00:000:0 / decryption(3,4)(36) / ... / decryption(01)
0 / L / D / 00:00:00:000:0 / decryption(3,5)(37) / ... / decryption(01)
0 / L / D / 00:00:00:000:0 / decryption(3,6)(38) / ... / decryption(01)
0 / L / D / 00:00:00:000:0 / decryption(3,7)(39) / ... / decryption(01)
0 / L / D / 00:00:00:000:0 / decryption(3,8)(40) / ... / decryption(01)
0 / L / D / 00:00:00:000:0 / decryption(3,9)(41) / ... / decryption(01)
0 / L / D / 00:00:00:000:0 / decryption(4,0)(42) / ... / decryption(01)
0 / L / D / 00:00:00:000:0 / decryption(4,1)(43) / ... / decryption(01)
0 / L / D / 00:00:00:000:0 / decryption(4,2)(44) / ... / decryption(01)
0 / L / D / 00:00:00:000:0 / decryption(4,3)(45) / ... / decryption(01)
0 / L / D / 00:00:00:000:0 / decryption(4,4)(46) / ... / decryption(01)
0 / L / D / 00:00:00:000:0 / decryption(4,5)(47) / ... / decryption(01)
0 / L / D / 00:00:00:000:0 / decryption(4,6)(48) / ... / decryption(01)
0 / L / D / 00:00:00:000:0 / decryption(4,7)(49) / ... / decryption(01)
0 / L / D / 00:00:00:000:0 / decryption(4,8)(50) / ... / decryption(01)
0 / L / D / 00:00:00:000:0 / decryption(4,9)(51) / ... / decryption(01)
0 / L / D / 00:00:00:000:0 / decryption(5,0)(52) / ... / decryption(01)
0 / L / D / 00:00:00:000:0 / decryption(5,1)(53) / ... / decryption(01)
0 / L / D / 00:00:00:000:0 / decryption(5,2)(54) / ... / decryption(01)
0 / L / D / 00:00:00:000:0 / decryption(5,3)(55) / ... / decryption(01)
0 / L / D / 00:00:00:000:0 / decryption(5,4)(56) / ... / decryption(01)
0 / L / D / 00:00:00:000:0 / decryption(5,5)(57) / ... / decryption(01)
0 / L / D / 00:00:00:000:0 / decryption(5,6)(58) / ... / decryption(01)
0 / L / D / 00:00:00:000:0 / decryption(5,7)(59) / ... / decryption(01)
0 / L / D / 00:00:00:000:0 / decryption(5,8)(60) / ... / decryption(01)
0 / L / D / 00:00:00:000:0 / decryption(5,9)(61) / ... / decryption(01)
0 / L / D / 00:00:00:000:0 / decryption(6,0)(62) / ... / decryption(01)
0 / L / D / 00:00:00:000:0 / decryption(6,1)(63) / ... / decryption(01)
0 / L / D / 00:00:00:000:0 / decryption(6,2)(64) / ... / decryption(01)
0 / L / D / 00:00:00:000:0 / decryption(6,3)(65) / ... / decryption(01)
0 / L / D / 00:00:00:000:0 / decryption(6,4)(66) / ... / decryption(01)
0 / L / D / 00:00:00:000:0 / decryption(6,5)(67) / ... / decryption(01)
0 / L / D / 00:00:00:000:0 / decryption(6,6)(68) / ... / decryption(01)
0 / L / D / 00:00:00:000:0 / decryption(6,7)(69) / ... / decryption(01)
0 / L / D / 00:00:00:000:0 / decryption(6,8)(70) / ... / decryption(01)
0 / L / D / 00:00:00:000:0 / decryption(6,9)(71) / ... / decryption(01)
0 / L / D / 00:00:00:000:0 / decryption(7,0)(72) / ... / decryption(01)
0 / L / D / 00:00:00:000:0 / decryption(7,1)(73) / ... / decryption(01)
0 / L / D / 00:00:00:000:0 / decryption(7,2)(74) / ... / decryption(01)
0 / L / D / 00:00:00:000:0 / decryption(7,3)(75) / ... / decryption(01)
0 / L / D / 00:00:00:000:0 / decryption(7,4)(76) / ... / decryption(01)
0 / L / D / 00:00:00:000:0 / decryption(7,5)(77) / ... / decryption(01)
0 / L / D / 00:00:00:000:0 / decryption(7,6)(78) / ... / decryption(01)
0 / L / D / 00:00:00:000:0 / decryption(7,7)(79) / ... / decryption(01)
0 / L / D / 00:00:00:000:0 / decryption(7,8)(80) / ... / decryption(01)
0 / L / D / 00:00:00:000:0 / decryption(7,9)(81) / ... / decryption(01)
0 / L / D / 00:00:00:000:0 / decryption(8,0)(82) / ... / decryption(01)
0 / L / D / 00:00:00:000:0 / decryption(8,1)(83) / ... / decryption(01)
0 / L / D / 00:00:00:000:0 / decryption(8,2)(84) / ... / decryption(01)
0 / L / D / 00:00:00:000:0 / decryption(8,3)(85) / ... / decryption(01)
0 / L / D / 00:00:00:000:0 / decryption(8,4)(86) / ... / decryption(01)
0 / L / D / 00:00:00:000:0 / decryption(8,5)(87) / ... / decryption(01)
0 / L / D / 00:00:00:000:0 / decryption(8,6)(88) / ... / decryption(01)
0 / L / D / 00:00:00:000:0 / decryption(8,7)(89) / ... / decryption(01)
0 / L / D / 00:00:00:000:0 / decryption(8,8)(90) / ... / decryption(01)
0 / L / D / 00:00:00:000:0 / decryption(8,9)(91) / ... / decryption(01)
0 / L / D / 00:00:00:000:0 / decryption(9,0)(92) / ... / decryption(01)
0 / L / D / 00:00:00:000:0 / decryption(9,1)(93) / ... / decryption(01)
0 / L / D / 00:00:00:000:0 / decryption(9,2)(94) / ... / decryption(01)
0 / L / D / 00:00:00:000:0 / decryption(9,3)(95) / ... / decryption(01)
0 / L / D / 00:00:00:000:0 / decryption(9,4)(96) / ... / decryption(01)
0 / L / D / 00:00:00:000:0 / decryption(9,5)(97) / ... / decryption(01)
0 / L / D / 00:00:00:000:0 / decryption(9,6)(98) / ... / decryption(01)
0 / L / D / 00:00:00:000:0 / decryption(9,7)(99) / ... / decryption(01)
0 / L / D / 00:00:00:000:0 / decryption(9,8)(100) / ... / decryption(01)
0 / L / D / 00:00:00:000:0 / decryption(9,9)(101) / ... / decryption(01)
0 / L / @ / 00:00:01:000:0 / top(102) / decryption(01)
0 / L / Y / 00:00:01:000:0 / decryption(2,0)(22) / out /      1.00000 / decryption(01)
0 / L / D / 00:00:01:000:0 / decryption(2,0)(22) / 00:00:00:000:0 / decryption(01)
0 / L / Y / 00:00:01:000:0 / decryption(2,1)(23) / out /      1.00000 / decryption(01)
0 / L / D / 00:00:01:000:0 / decryption(2,1)(23) / 00:00:00:000:0 / decryption(01)
0 / L / Y / 00:00:01:000:0 / decryption(2,2)(24) / out /      0.00000 / decryption(01)
0 / L / D / 00:00:01:000:0 / decryption(2,2)(24) / 00:00:00:000:0 / decryption(01)
0 / L / Y / 00:00:01:000:0 / decryption(2,3)(25) / out /      1.00000 / decryption(01)
0 / L / D / 00:00:01:000:0 / decryption(2,3)(25) / 00:00:00:000:0 / decryption(01)
0 / L / Y / 00:00:01:000:0 / decryption(2,4)(26) / out /      0.00000 / decryption(01)
0 / L / D / 00:00:01:000:0 / decryption(2,4)(26) / 00:00:00:000:0 / decryption(01)
0 / L / Y / 00:00:01:000:0 / decryption(2,5)(27) / out /      1.00000 / decryption(01)
0 / L / D / 00:00:01:000:0 / decryption(2,5)(27) / 00:00:00:000:0 / decryption(01)
0 / L / Y / 00:00:01:000:0 / decryption(2,6)(28) / out /      0.00000 / decryption(01)
0 / L / D / 00:00:01:000:0 / decryption(2,6)(28) / 00:00:00:000:0 / decryption(01)
0 / L / Y / 00:00:01:000:0 / decryption(2,7)(29) / out /      0.00000 / decryption(01)
0 / L / D / 00:00:01:000:0 / decryption(2,7)(29) / 00:00:00:000:0 / decryption(01)
0 / L / Y / 00:00:01:000:0 / decryption(2,8)(30) / out /      1.00000 / decryption(01)
0 / L / D / 00:00:01:000:0 / decryption(2,8)(30) / 00:00:00:000:0 / decryption(01)
0 / L / Y / 00:00:01:000:0 / decryption(2,9)(31) / out /      1.00000 / decryption(01)
0 / L / D / 00:00:01:000:0 / decryption(2,9)(31) / 00:00:00:000:0 / decryption(01)
0 / L / * / 00:00:01:000:0 / top(102) / decryption(01)
0 / L / D / 00:00:01:000:0 / decryption(2,0)(22) / ... / decryption(01)
0 / L / D / 00:00:01:000:0 / decryption(2,1)(23) / ... / decryption(01)
0 / L / D / 00:00:01:000:0 / decryption(2,2)(24) / ... / decryption(01)
0 / L / D / 00:00:01:000:0 / decryption(2,3)(25) / ... / decryption(01)
0 / L / D / 00:00:01:000:0 / decryption(2,4)(26) / ... / decryption(01)
0 / L / D / 00:00:01:000:0 / decryption(2,5)(27) / ... / decryption(01)
0 / L / D / 00:00:01:000:0 / decryption(2,6)(28) / ... / decryption(01)
0 / L / D / 00:00:01:000:0 / decryption(2,7)(29) / ... / decryption(01)
0 / L / D / 00:00:01:000:0 / decryption(2,8)(30) / ... / decryption(01)
0 / L / D / 00:00:01:000:0 / decryption(2,9)(31) / ... / decryption(01)
0 / L / D / 00:00:01:000:0 / decryption(3,0)(32) / 00:00:01:000:0 / decryption(01)
0 / L / D / 00:00:01:000:0 / decryption(3,1)(33) / 00:00:01:000:0 / decryption(01)
0 / L / D / 00:00:01:000:0 / decryption(3,2)(34) / 00:00:01:000:0 / decryption(01)
0 / L / D / 00:00:01:000:0 / decryption(3,3)(35) / 00:00:01:000:0 / decryption(01)
0 / L / D / 00:00:01:000:0 / decryption(3,4)(36) / 00:00:01:000:0 / decryption(01)
0 / L / D / 00:00:01:000:0 / decryption(3,5)(37) / 00:00:01:000:0 / decryption(01)
0 / L / D / 00:00:01:000:0 / decryption(3,6)(38) / 00:00:01:000:0 / decryption(01)
0 / L / D / 00:00:01:000:0 / decryption(3,7)(39) / 00:00:01:000:0 / decryption(01)
0 / L / D / 00:00:01:000:0 / decryption(3,8)(40) / 00:00:01:000:0 / decryption(01)
0 / L / D / 00:00:01:000:0 / decryption(3,9)(41) / 00:00:01:000:0 / decryption(01)
0 / L / D / 00:00:01:000:0 / decryption(4,0)(42) / ... / decryption(01)
0 / L / D / 00:00:01:000:0 / decryption(4,1)(43) / ... / decryption(01)
0 / L / D / 00:00:01:000:0 / decryption(4,2)(44) / ... / decryption(01)
0 / L / D / 00:00:01:000:0 / decryption(4,3)(45) / ... / decryption(01)
0 / L / D / 00:00:01:000:0 / decryption(4,4)(46) / ... / decryption(01)
0 / L / D / 00:00:01:000:0 / decryption(4,5)(47) / ... / decryption(01)
0 / L / D / 00:00:01:000:0 / decryption(4,6)(48) / ... / decryption(01)
0 / L / D / 00:00:01:000:0 / decryption(4,7)(49) / ... / decryption(01)
0 / L / D / 00:00:01:000:0 / decryption(4,8)(50) / ... / decryption(01)
0 / L / D / 00:00:01:000:0 / decryption(4,9)(51) / ... / decryption(01)
0 / L / @ / 00:00:02:000:0 / top(102) / decryption(01)
0 / L / Y / 00:00:02:000:0 / decryption(3,0)(32) / out /      0.00000 / decryption(01)
0 / L / D / 00:00:02:000:0 / decryption(3,0)(32) / 00:00:00:000:0 / decryption(01)
0 / L / Y / 00:00:02:000:0 / decryption(3,1)(33) / out /      0.00000 / decryption(01)
0 / L / D / 00:00:02:000:0 / decryption(3,1)(33) / 00:00:00:000:0 / decryption(01)
0 / L / Y / 00:00:02:000:0 / decryption(3,2)(34) / out /      1.00000 / decryption(01)
0 / L / D / 00:00:02:000:0 / decryption(3,2)(34) / 00:00:00:000:0 / decryption(01)
0 / L / Y / 00:00:02:000:0 / decryption(3,3)(35) / out /      1.00000 / decryption(01)
0 / L / D / 00:00:02:000:0 / decryption(3,3)(35) / 00:00:00:000:0 / decryption(01)
0 / L / Y / 00:00:02:000:0 / decryption(3,4)(36) / out /      0.00000 / decryption(01)
0 / L / D / 00:00:02:000:0 / decryption(3,4)(36) / 00:00:00:000:0 / decryption(01)
0 / L / Y / 00:00:02:000:0 / decryption(3,5)(37) / out /      0.00000 / decryption(01)
0 / L / D / 00:00:02:000:0 / decryption(3,5)(37) / 00:00:00:000:0 / decryption(01)
0 / L / Y / 00:00:02:000:0 / decryption(3,6)(38) / out /      0.00000 / decryption(01)
0 / L / D / 00:00:02:000:0 / decryption(3,6)(38) / 00:00:00:000:0 / decryption(01)
0 / L / Y / 00:00:02:000:0 / decryption(3,7)(39) / out /      1.00000 / decryption(01)
0 / L / D / 00:00:02:000:0 / decryption(3,7)(39) / 00:00:00:000:0 / decryption(01)
0 / L / Y / 00:00:02:000:0 / decryption(3,8)(40) / out /      0.00000 / decryption(01)
0 / L / D / 00:00:02:000:0 / decryption(3,8)(40) / 00:00:00:000:0 / decryption(01)
0 / L / Y / 00:00:02:000:0 / decryption(3,9)(41) / out /      1.00000 / decryption(01)
0 / L / D / 00:00:02:000:0 / decryption(3,9)(41) / 00:00:00:000:0 / decryption(01)
0 / L / * / 00:00:02:000:0 / top(102) / decryption(01)
0 / L / D / 00:00:02:000:0 / decryption(3,0)(32) / ... / decryption(01)
0 / L / D / 00:00:02:000:0 / decryption(3,1)(33) / ... / decryption(01)
0 / L / D / 00:00:02:000:0 / decryption(3,2)(34) / ... / decryption(01)
0 / L / D / 00:00:02:000:0 / decryption(3,3)(35) / ... / decryption(01)
0 / L / D / 00:00:02:000:0 / decryption(3,4)(36) / ... / decryption(01)
0 / L / D / 00:00:02:000:0 / decryption(3,5)(37) / ... / decryption(01)
0 / L / D / 00:00:02:000:0 / decryption(3,6)(38) / ... / decryption(01)
0 / L / D / 00:00:02:000:0 / decryption(3,7)(39) / ... / decryption(01)
0 / L / D / 00:00:02:000:0 / decryption(3,8)(40) / ... / decryption(01)
0 / L / D / 00:00:02:000:0 / decryption(3,9)(41) / ... / decryption(01)
0 / L / D / 00:00:02:000:0 / decryption(4,0)(42) / 00:00:01:000:0 / decryption(01)
0 / L / D / 00:00:02:000:0 / decryption(4,1)(43) / 00:00:01:000:0 / decryption(01)
0 / L / D / 00:00:02:000:0 / decryption(4,2)(44) / 00:00:01:000:0 / decryption(01)
0 / L / D / 00:00:02:000:0 / decryption(4,3)(45) / 00:00:01:000:0 / decryption(01)
0 / L / D / 00:00:02:000:0 / decryption(4,4)(46) / 00:00:01:000:0 / decryption(01)
0 / L / D / 00:00:02:000:0 / decryption(4,5)(47) / 00:00:01:000:0 / decryption(01)
0 / L / D / 00:00:02:000:0 / decryption(4,6)(48) / 00:00:01:000:0 / decryption(01)
0 / L / D / 00:00:02:000:0 / decryption(4,7)(49) / 00:00:01:000:0 / decryption(01)
0 / L / D / 00:00:02:000:0 / decryption(4,8)(50) / 00:00:01:000:0 / decryption(01)
0 / L / D / 00:00:02:000:0 / decryption(4,9)(51) / 00:00:01:000:0 / decryption(01)
0 / L / D / 00:00:02:000:0 / decryption(5,0)(52) / ... / decryption(01)
0 / L / D / 00:00:02:000:0 / decryption(5,1)(53) / ... / decryption(01)
0 / L / D / 00:00:02:000:0 / decryption(5,2)(54) / ... / decryption(01)
0 / L / D / 00:00:02:000:0 / decryption(5,3)(55) / ... / decryption(01)
0 / L / D / 00:00:02:000:0 / decryption(5,4)(56) / ... / decryption(01)
0 / L / D / 00:00:02:000:0 / decryption(5,5)(57) / ... / decryption(01)
0 / L / D / 00:00:02:000:0 / decryption(5,6)(58) / ... / decryption(01)
0 / L / D / 00:00:02:000:0 / decryption(5,7)(59) / ... / decryption(01)
0 / L / D / 00:00:02:000:0 / decryption(5,8)(60) / ... / decryption(01)
0 / L / D / 00:00:02:000:0 / decryption(5,9)(61) / ... / decryption(01)
0 / L / @ / 00:00:03:000:0 / top(102) / decryption(01)
0 / L / Y / 00:00:03:000:0 / decryption(4,0)(42) / out /      1.00000 / decryption(01)
0 / L / D / 00:00:03:000:0 / decryption(4,0)(42) / 00:00:00:000:0 / decryption(01)
0 / L / Y / 00:00:03:000:0 / decryption(4,1)(43) / out /      1.00000 / decryption(01)
0 / L / D / 00:00:03:000:0 / decryption(4,1)(43) / 00:00:00:000:0 / decryption(01)
0 / L / Y / 00:00:03:000:0 / decryption(4,2)(44) / out /      0.00000 / decryption(01)
0 / L / D / 00:00:03:000:0 / decryption(4,2)(44) / 00:00:00:000:0 / decryption(01)
0 / L / Y / 00:00:03:000:0 / decryption(4,3)(45) / out /      0.00000 / decryption(01)
0 / L / D / 00:00:03:000:0 / decryption(4,3)(45) / 00:00:00:000:0 / decryption(01)
0 / L / Y / 00:00:03:000:0 / decryption(4,4)(46) / out /      0.00000 / decryption(01)
0 / L / D / 00:00:03:000:0 / decryption(4,4)(46) / 00:00:00:000:0 / decryption(01)
0 / L / Y / 00:00:03:000:0 / decryption(4,5)(47) / out /      0.00000 / decryption(01)
0 / L / D / 00:00:03:000:0 / decryption(4,5)(47) / 00:00:00:000:0 / decryption(01)
0 / L / Y / 00:00:03:000:0 / decryption(4,6)(48) / out /      0.00000 / decryption(01)
0 / L / D / 00:00:03:000:0 / decryption(4,6)(48) / 00:00:00:000:0 / decryption(01)
0 / L / Y / 00:00:03:000:0 / decryption(4,7)(49) / out /      0.00000 / decryption(01)
0 / L / D / 00:00:03:000:0 / decryption(4,7)(49) / 00:00:00:000:0 / decryption(01)
0 / L / Y / 00:00:03:000:0 / decryption(4,8)(50) / out /      0.00000 / decryption(01)
0 / L / D / 00:00:03:000:0 / decryption(4,8)(50) / 00:00:00:000:0 / decryption(01)
0 / L / Y / 00:00:03:000:0 / decryption(4,9)(51) / out /      1.00000 / decryption(01)
0 / L / D / 00:00:03:000:0 / decryption(4,9)(51) / 00:00:00:000:0 / decryption(01)
0 / L / * / 00:00:03:000:0 / top(102) / decryption(01)
0 / L / D / 00:00:03:000:0 / decryption(4,0)(42) / ... / decryption(01)
0 / L / D / 00:00:03:000:0 / decryption(4,1)(43) / ... / decryption(01)
0 / L / D / 00:00:03:000:0 / decryption(4,2)(44) / ... / decryption(01)
0 / L / D / 00:00:03:000:0 / decryption(4,3)(45) / ... / decryption(01)
0 / L / D / 00:00:03:000:0 / decryption(4,4)(46) / ... / decryption(01)
0 / L / D / 00:00:03:000:0 / decryption(4,5)(47) / ... / decryption(01)
0 / L / D / 00:00:03:000:0 / decryption(4,6)(48) / ... / decryption(01)
0 / L / D / 00:00:03:000:0 / decryption(4,7)(49) / ... / decryption(01)
0 / L / D / 00:00:03:000:0 / decryption(4,8)(50) / ... / decryption(01)
0 / L / D / 00:00:03:000:0 / decryption(4,9)(51) / ... / decryption(01)
0 / L / D / 00:00:03:000:0 / decryption(5,0)(52) / 00:00:01:000:0 / decryption(01)
0 / L / D / 00:00:03:000:0 / decryption(5,1)(53) / 00:00:01:000:0 / decryption(01)
0 / L / D / 00:00:03:000:0 / decryption(5,2)(54) / 00:00:01:000:0 / decryption(01)
0 / L / D / 00:00:03:000:0 / decryption(5,3)(55) / 00:00:01:000:0 / decryption(01)
0 / L / D / 00:00:03:000:0 / decryption(5,4)(56) / 00:00:01:000:0 / decryption(01)
0 / L / D / 00:00:03:000:0 / decryption(5,5)(57) / 00:00:01:000:0 / decryption(01)
0 / L / D / 00:00:03:000:0 / decryption(5,6)(58) / 00:00:01:000:0 / decryption(01)
0 / L / D / 00:00:03:000:0 / decryption(5,7)(59) / 00:00:01:000:0 / decryption(01)
0 / L / D / 00:00:03:000:0 / decryption(5,8)(60) / 00:00:01:000:0 / decryption(01)
0 / L / D / 00:00:03:000:0 / decryption(5,9)(61) / 00:00:01:000:0 / decryption(01)
0 / L / D / 00:00:03:000:0 / decryption(6,0)(62) / ... / decryption(01)
0 / L / D / 00:00:03:000:0 / decryption(6,1)(63) / ... / decryption(01)
0 / L / D / 00:00:03:000:0 / decryption(6,2)(64) / ... / decryption(01)
0 / L / D / 00:00:03:000:0 / decryption(6,3)(65) / ... / decryption(01)
0 / L / D / 00:00:03:000:0 / decryption(6,4)(66) / ... / decryption(01)
0 / L / D / 00:00:03:000:0 / decryption(6,5)(67) / ... / decryption(01)
0 / L / D / 00:00:03:000:0 / decryption(6,6)(68) / ... / decryption(01)
0 / L / D / 00:00:03:000:0 / decryption(6,7)(69) / ... / decryption(01)
0 / L / D / 00:00:03:000:0 / decryption(6,8)(70) / ... / decryption(01)
0 / L / D / 00:00:03:000:0 / decryption(6,9)(71) / ... / decryption(01)
0 / L / @ / 00:00:04:000:0 / top(102) / decryption(01)
0 / L / Y / 00:00:04:000:0 / decryption(5,0)(52) / out /      1.00000 / decryption(01)
0 / L / D / 00:00:04:000:0 / decryption(5,0)(52) / 00:00:00:000:0 / decryption(01)
0 / L / Y / 00:00:04:000:0 / decryption(5,1)(53) / out /      1.00000 / decryption(01)
0 / L / D / 00:00:04:000:0 / decryption(5,1)(53) / 00:00:00:000:0 / decryption(01)
0 / L / Y / 00:00:04:000:0 / decryption(5,2)(54) / out /      1.00000 / decryption(01)
0 / L / D / 00:00:04:000:0 / decryption(5,2)(54) / 00:00:00:000:0 / decryption(01)
0 / L / Y / 00:00:04:000:0 / decryption(5,3)(55) / out /      0.00000 / decryption(01)
0 / L / D / 00:00:04:000:0 / decryption(5,3)(55) / 00:00:00:000:0 / decryption(01)
0 / L / Y / 00:00:04:000:0 / decryption(5,4)(56) / out /      1.00000 / decryption(01)
0 / L / D / 00:00:04:000:0 / decryption(5,4)(56) / 00:00:00:000:0 / decryption(01)
0 / L / Y / 00:00:04:000:0 / decryption(5,5)(57) / out /      1.00000 / decryption(01)
0 / L / D / 00:00:04:000:0 / decryption(5,5)(57) / 00:00:00:000:0 / decryption(01)
0 / L / Y / 00:00:04:000:0 / decryption(5,6)(58) / out /      1.00000 / decryption(01)
0 / L / D / 00:00:04:000:0 / decryption(5,6)(58) / 00:00:00:000:0 / decryption(01)
0 / L / Y / 00:00:04:000:0 / decryption(5,7)(59) / out /      0.00000 / decryption(01)
0 / L / D / 00:00:04:000:0 / decryption(5,7)(59) / 00:00:00:000:0 / decryption(01)
0 / L / Y / 00:00:04:000:0 / decryption(5,8)(60) / out /      0.00000 / decryption(01)
0 / L / D / 00:00:04:000:0 / decryption(5,8)(60) / 00:00:00:000:0 / decryption(01)
0 / L / Y / 00:00:04:000:0 / decryption(5,9)(61) / out /      1.00000 / decryption(01)
0 / L / D / 00:00:04:000:0 / decryption(5,9)(61) / 00:00:00:000:0 / decryption(01)
0 / L / * / 00:00:04:000:0 / top(102) / decryption(01)
0 / L / D / 00:00:04:000:0 / decryption(5,0)(52) / ... / decryption(01)
0 / L / D / 00:00:04:000:0 / decryption(5,1)(53) / ... / decryption(01)
0 / L / D / 00:00:04:000:0 / decryption(5,2)(54) / ... / decryption(01)
0 / L / D / 00:00:04:000:0 / decryption(5,3)(55) / ... / decryption(01)
0 / L / D / 00:00:04:000:0 / decryption(5,4)(56) / ... / decryption(01)
0 / L / D / 00:00:04:000:0 / decryption(5,5)(57) / ... / decryption(01)
0 / L / D / 00:00:04:000:0 / decryption(5,6)(58) / ... / decryption(01)
0 / L / D / 00:00:04:000:0 / decryption(5,7)(59) / ... / decryption(01)
0 / L / D / 00:00:04:000:0 / decryption(5,8)(60) / ... / decryption(01)
0 / L / D / 00:00:04:000:0 / decryption(5,9)(61) / ... / decryption(01)
0 / L / D / 00:00:04:000:0 / decryption(6,0)(62) / 00:00:01:000:0 / decryption(01)
0 / L / D / 00:00:04:000:0 / decryption(6,1)(63) / 00:00:01:000:0 / decryption(01)
0 / L / D / 00:00:04:000:0 / decryption(6,2)(64) / 00:00:01:000:0 / decryption(01)
0 / L / D / 00:00:04:000:0 / decryption(6,3)(65) / 00:00:01:000:0 / decryption(01)
0 / L / D / 00:00:04:000:0 / decryption(6,4)(66) / 00:00:01:000:0 / decryption(01)
0 / L / D / 00:00:04:000:0 / decryption(6,5)(67) / 00:00:01:000:0 / decryption(01)
0 / L / D / 00:00:04:000:0 / decryption(6,6)(68) / 00:00:01:000:0 / decryption(01)
0 / L / D / 00:00:04:000:0 / decryption(6,7)(69) / 00:00:01:000:0 / decryption(01)
0 / L / D / 00:00:04:000:0 / decryption(6,8)(70) / 00:00:01:000:0 / decryption(01)
0 / L / D / 00:00:04:000:0 / decryption(6,9)(71) / 00:00:01:000:0 / decryption(01)
0 / L / D / 00:00:04:000:0 / decryption(7,0)(72) / ... / decryption(01)
0 / L / D / 00:00:04:000:0 / decryption(7,1)(73) / ... / decryption(01)
0 / L / D / 00:00:04:000:0 / decryption(7,2)(74) / ... / decryption(01)
0 / L / D / 00:00:04:000:0 / decryption(7,3)(75) / ... / decryption(01)
0 / L / D / 00:00:04:000:0 / decryption(7,4)(76) / ... / decryption(01)
0 / L / D / 00:00:04:000:0 / decryption(7,5)(77) / ... / decryption(01)
0 / L / D / 00:00:04:000:0 / decryption(7,6)(78) / ... / decryption(01)
0 / L / D / 00:00:04:000:0 / decryption(7,7)(79) / ... / decryption(01)
0 / L / D / 00:00:04:000:0 / decryption(7,8)(80) / ... / decryption(01)
0 / L / D / 00:00:04:000:0 / decryption(7,9)(81) / ... / decryption(01)
0 / L / @ / 00:00:05:000:0 / top(102) / decryption(01)
0 / L / Y / 00:00:05:000:0 / decryption(6,0)(62) / out /      0.00000 / decryption(01)
0 / L / D / 00:00:05:000:0 / decryption(6,0)(62) / 00:00:00:000:0 / decryption(01)
0 / L / Y / 00:00:05:000:0 / decryption(6,1)(63) / out /      0.00000 / decryption(01)
0 / L / D / 00:00:05:000:0 / decryption(6,1)(63) / 00:00:00:000:0 / decryption(01)
0 / L / Y / 00:00:05:000:0 / decryption(6,2)(64) / out /      1.00000 / decryption(01)
0 / L / D / 00:00:05:000:0 / decryption(6,2)(64) / 00:00:00:000:0 / decryption(01)
0 / L / Y / 00:00:05:000:0 / decryption(6,3)(65) / out /      1.00000 / decryption(01)
0 / L / D / 00:00:05:000:0 / decryption(6,3)(65) / 00:00:00:000:0 / decryption(01)
0 / L / Y / 00:00:05:000:0 / decryption(6,4)(66) / out /      0.00000 / decryption(01)
0 / L / D / 00:00:05:000:0 / decryption(6,4)(66) / 00:00:00:000:0 / decryption(01)
0 / L / Y / 00:00:05:000:0 / decryption(6,5)(67) / out /      1.00000 / decryption(01)
0 / L / D / 00:00:05:000:0 / decryption(6,5)(67) / 00:00:00:000:0 / decryption(01)
0 / L / Y / 00:00:05:000:0 / decryption(6,6)(68) / out /      1.00000 / decryption(01)
0 / L / D / 00:00:05:000:0 / decryption(6,6)(68) / 00:00:00:000:0 / decryption(01)
0 / L / Y / 00:00:05:000:0 / decryption(6,7)(69) / out /      0.00000 / decryption(01)
0 / L / D / 00:00:05:000:0 / decryption(6,7)(69) / 00:00:00:000:0 / decryption(01)
0 / L / Y / 00:00:05:000:0 / decryption(6,8)(70) / out /      0.00000 / decryption(01)
0 / L / D / 00:00:05:000:0 / decryption(6,8)(70) / 00:00:00:000:0 / decryption(01)
0 / L / Y / 00:00:05:000:0 / decryption(6,9)(71) / out /      1.00000 / decryption(01)
0 / L / D / 00:00:05:000:0 / decryption(6,9)(71) / 00:00:00:000:0 / decryption(01)
0 / L / * / 00:00:05:000:0 / top(102) / decryption(01)
0 / L / D / 00:00:05:000:0 / decryption(6,0)(62) / ... / decryption(01)
0 / L / D / 00:00:05:000:0 / decryption(6,1)(63) / ... / decryption(01)
0 / L / D / 00:00:05:000:0 / decryption(6,2)(64) / ... / decryption(01)
0 / L / D / 00:00:05:000:0 / decryption(6,3)(65) / ... / decryption(01)
0 / L / D / 00:00:05:000:0 / decryption(6,4)(66) / ... / decryption(01)
0 / L / D / 00:00:05:000:0 / decryption(6,5)(67) / ... / decryption(01)
0 / L / D / 00:00:05:000:0 / decryption(6,6)(68) / ... / decryption(01)
0 / L / D / 00:00:05:000:0 / decryption(6,7)(69) / ... / decryption(01)
0 / L / D / 00:00:05:000:0 / decryption(6,8)(70) / ... / decryption(01)
0 / L / D / 00:00:05:000:0 / decryption(6,9)(71) / ... / decryption(01)
0 / L / D / 00:00:05:000:0 / decryption(7,0)(72) / 00:00:01:000:0 / decryption(01)
0 / L / D / 00:00:05:000:0 / decryption(7,1)(73) / 00:00:01:000:0 / decryption(01)
0 / L / D / 00:00:05:000:0 / decryption(7,2)(74) / 00:00:01:000:0 / decryption(01)
0 / L / D / 00:00:05:000:0 / decryption(7,3)(75) / 00:00:01:000:0 / decryption(01)
0 / L / D / 00:00:05:000:0 / decryption(7,4)(76) / 00:00:01:000:0 / decryption(01)
0 / L / D / 00:00:05:000:0 / decryption(7,5)(77) / 00:00:01:000:0 / decryption(01)
0 / L / D / 00:00:05:000:0 / decryption(7,6)(78) / 00:00:01:000:0 / decryption(01)
0 / L / D / 00:00:05:000:0 / decryption(7,7)(79) / 00:00:01:000:0 / decryption(01)
0 / L / D / 00:00:05:000:0 / decryption(7,8)(80) / 00:00:01:000:0 / decryption(01)
0 / L / D / 00:00:05:000:0 / decryption(7,9)(81) / 00:00:01:000:0 / decryption(01)
0 / L / D / 00:00:05:000:0 / decryption(8,0)(82) / ... / decryption(01)
0 / L / D / 00:00:05:000:0 / decryption(8,1)(83) / ... / decryption(01)
0 / L / D / 00:00:05:000:0 / decryption(8,2)(84) / ... / decryption(01)
0 / L / D / 00:00:05:000:0 / decryption(8,3)(85) / ... / decryption(01)
0 / L / D / 00:00:05:000:0 / decryption(8,4)(86) / ... / decryption(01)
0 / L / D / 00:00:05:000:0 / decryption(8,5)(87) / ... / decryption(01)
0 / L / D / 00:00:05:000:0 / decryption(8,6)(88) / ... / decryption(01)
0 / L / D / 00:00:05:000:0 / decryption(8,7)(89) / ... / decryption(01)
0 / L / D / 00:00:05:000:0 / decryption(8,8)(90) / ... / decryption(01)
0 / L / D / 00:00:05:000:0 / decryption(8,9)(91) / ... / decryption(01)
0 / L / @ / 00:00:06:000:0 / top(102) / decryption(01)
0 / L / Y / 00:00:06:000:0 / decryption(7,0)(72) / out /      1.00000 / decryption(01)
0 / L / D / 00:00:06:000:0 / decryption(7,0)(72) / 00:00:00:000:0 / decryption(01)
0 / L / Y / 00:00:06:000:0 / decryption(7,1)(73) / out /      1.00000 / decryption(01)
0 / L / D / 00:00:06:000:0 / decryption(7,1)(73) / 00:00:00:000:0 / decryption(01)
0 / L / Y / 00:00:06:000:0 / decryption(7,2)(74) / out /      1.00000 / decryption(01)
0 / L / D / 00:00:06:000:0 / decryption(7,2)(74) / 00:00:00:000:0 / decryption(01)
0 / L / Y / 00:00:06:000:0 / decryption(7,3)(75) / out /      1.00000 / decryption(01)
0 / L / D / 00:00:06:000:0 / decryption(7,3)(75) / 00:00:00:000:0 / decryption(01)
0 / L / Y / 00:00:06:000:0 / decryption(7,4)(76) / out /      0.00000 / decryption(01)
0 / L / D / 00:00:06:000:0 / decryption(7,4)(76) / 00:00:00:000:0 / decryption(01)
0 / L / Y / 00:00:06:000:0 / decryption(7,5)(77) / out /      1.00000 / decryption(01)
0 / L / D / 00:00:06:000:0 / decryption(7,5)(77) / 00:00:00:000:0 / decryption(01)
0 / L / Y / 00:00:06:000:0 / decryption(7,6)(78) / out /      0.00000 / decryption(01)
0 / L / D / 00:00:06:000:0 / decryption(7,6)(78) / 00:00:00:000:0 / decryption(01)
0 / L / Y / 00:00:06:000:0 / decryption(7,7)(79) / out /      0.00000 / decryption(01)
0 / L / D / 00:00:06:000:0 / decryption(7,7)(79) / 00:00:00:000:0 / decryption(01)
0 / L / Y / 00:00:06:000:0 / decryption(7,8)(80) / out /      0.00000 / decryption(01)
0 / L / D / 00:00:06:000:0 / decryption(7,8)(80) / 00:00:00:000:0 / decryption(01)
0 / L / Y / 00:00:06:000:0 / decryption(7,9)(81) / out /      1.00000 / decryption(01)
0 / L / D / 00:00:06:000:0 / decryption(7,9)(81) / 00:00:00:000:0 / decryption(01)
0 / L / * / 00:00:06:000:0 / top(102) / decryption(01)
0 / L / D / 00:00:06:000:0 / decryption(7,0)(72) / ... / decryption(01)
0 / L / D / 00:00:06:000:0 / decryption(7,1)(73) / ... / decryption(01)
0 / L / D / 00:00:06:000:0 / decryption(7,2)(74) / ... / decryption(01)
0 / L / D / 00:00:06:000:0 / decryption(7,3)(75) / ... / decryption(01)
0 / L / D / 00:00:06:000:0 / decryption(7,4)(76) / ... / decryption(01)
0 / L / D / 00:00:06:000:0 / decryption(7,5)(77) / ... / decryption(01)
0 / L / D / 00:00:06:000:0 / decryption(7,6)(78) / ... / decryption(01)
0 / L / D / 00:00:06:000:0 / decryption(7,7)(79) / ... / decryption(01)
0 / L / D / 00:00:06:000:0 / decryption(7,8)(80) / ... / decryption(01)
0 / L / D / 00:00:06:000:0 / decryption(7,9)(81) / ... / decryption(01)
0 / L / D / 00:00:06:000:0 / decryption(8,0)(82) / 00:00:01:000:0 / decryption(01)
0 / L / D / 00:00:06:000:0 / decryption(8,1)(83) / 00:00:01:000:0 / decryption(01)
0 / L / D / 00:00:06:000:0 / decryption(8,2)(84) / 00:00:01:000:0 / decryption(01)
0 / L / D / 00:00:06:000:0 / decryption(8,3)(85) / 00:00:01:000:0 / decryption(01)
0 / L / D / 00:00:06:000:0 / decryption(8,4)(86) / 00:00:01:000:0 / decryption(01)
0 / L / D / 00:00:06:000:0 / decryption(8,5)(87) / 00:00:01:000:0 / decryption(01)
0 / L / D / 00:00:06:000:0 / decryption(8,6)(88) / 00:00:01:000:0 / decryption(01)
0 / L / D / 00:00:06:000:0 / decryption(8,7)(89) / 00:00:01:000:0 / decryption(01)
0 / L / D / 00:00:06:000:0 / decryption(8,8)(90) / 00:00:01:000:0 / decryption(01)
0 / L / D / 00:00:06:000:0 / decryption(8,9)(91) / 00:00:01:000:0 / decryption(01)
0 / L / D / 00:00:06:000:0 / decryption(9,0)(92) / ... / decryption(01)
0 / L / D / 00:00:06:000:0 / decryption(9,1)(93) / ... / decryption(01)
0 / L / D / 00:00:06:000:0 / decryption(9,2)(94) / ... / decryption(01)
0 / L / D / 00:00:06:000:0 / decryption(9,3)(95) / ... / decryption(01)
0 / L / D / 00:00:06:000:0 / decryption(9,4)(96) / ... / decryption(01)
0 / L / D / 00:00:06:000:0 / decryption(9,5)(97) / ... / decryption(01)
0 / L / D / 00:00:06:000:0 / decryption(9,6)(98) / ... / decryption(01)
0 / L / D / 00:00:06:000:0 / decryption(9,7)(99) / ... / decryption(01)
0 / L / D / 00:00:06:000:0 / decryption(9,8)(100) / ... / decryption(01)
0 / L / D / 00:00:06:000:0 / decryption(9,9)(101) / ... / decryption(01)
0 / L / @ / 00:00:07:000:0 / top(102) / decryption(01)
0 / L / Y / 00:00:07:000:0 / decryption(8,0)(82) / out /      1.00000 / decryption(01)
0 / L / D / 00:00:07:000:0 / decryption(8,0)(82) / 00:00:00:000:0 / decryption(01)
0 / L / Y / 00:00:07:000:0 / decryption(8,1)(83) / out /      1.00000 / decryption(01)
0 / L / D / 00:00:07:000:0 / decryption(8,1)(83) / 00:00:00:000:0 / decryption(01)
0 / L / Y / 00:00:07:000:0 / decryption(8,2)(84) / out /      0.00000 / decryption(01)
0 / L / D / 00:00:07:000:0 / decryption(8,2)(84) / 00:00:00:000:0 / decryption(01)
0 / L / Y / 00:00:07:000:0 / decryption(8,3)(85) / out /      0.00000 / decryption(01)
0 / L / D / 00:00:07:000:0 / decryption(8,3)(85) / 00:00:00:000:0 / decryption(01)
0 / L / Y / 00:00:07:000:0 / decryption(8,4)(86) / out /      1.00000 / decryption(01)
0 / L / D / 00:00:07:000:0 / decryption(8,4)(86) / 00:00:00:000:0 / decryption(01)
0 / L / Y / 00:00:07:000:0 / decryption(8,5)(87) / out /      1.00000 / decryption(01)
0 / L / D / 00:00:07:000:0 / decryption(8,5)(87) / 00:00:00:000:0 / decryption(01)
0 / L / Y / 00:00:07:000:0 / decryption(8,6)(88) / out /      1.00000 / decryption(01)
0 / L / D / 00:00:07:000:0 / decryption(8,6)(88) / 00:00:00:000:0 / decryption(01)
0 / L / Y / 00:00:07:000:0 / decryption(8,7)(89) / out /      1.00000 / decryption(01)
0 / L / D / 00:00:07:000:0 / decryption(8,7)(89) / 00:00:00:000:0 / decryption(01)
0 / L / Y / 00:00:07:000:0 / decryption(8,8)(90) / out /      0.00000 / decryption(01)
0 / L / D / 00:00:07:000:0 / decryption(8,8)(90) / 00:00:00:000:0 / decryption(01)
0 / L / Y / 00:00:07:000:0 / decryption(8,9)(91) / out /      1.00000 / decryption(01)
0 / L / D / 00:00:07:000:0 / decryption(8,9)(91) / 00:00:00:000:0 / decryption(01)
0 / L / * / 00:00:07:000:0 / top(102) / decryption(01)
0 / L / D / 00:00:07:000:0 / decryption(0,0)(02) / ... / decryption(01)
0 / L / D / 00:00:07:000:0 / decryption(0,1)(03) / ... / decryption(01)
0 / L / D / 00:00:07:000:0 / decryption(0,2)(04) / ... / decryption(01)
0 / L / D / 00:00:07:000:0 / decryption(0,3)(05) / ... / decryption(01)
0 / L / D / 00:00:07:000:0 / decryption(0,4)(06) / ... / decryption(01)
0 / L / D / 00:00:07:000:0 / decryption(0,5)(07) / ... / decryption(01)
0 / L / D / 00:00:07:000:0 / decryption(0,6)(08) / ... / decryption(01)
0 / L / D / 00:00:07:000:0 / decryption(0,7)(09) / ... / decryption(01)
0 / L / D / 00:00:07:000:0 / decryption(0,8)(10) / ... / decryption(01)
0 / L / D / 00:00:07:000:0 / decryption(0,9)(11) / ... / decryption(01)
0 / L / D / 00:00:07:000:0 / decryption(8,0)(82) / ... / decryption(01)
0 / L / D / 00:00:07:000:0 / decryption(8,1)(83) / ... / decryption(01)
0 / L / D / 00:00:07:000:0 / decryption(8,2)(84) / ... / decryption(01)
0 / L / D / 00:00:07:000:0 / decryption(8,3)(85) / ... / decryption(01)
0 / L / D / 00:00:07:000:0 / decryption(8,4)(86) / ... / decryption(01)
0 / L / D / 00:00:07:000:0 / decryption(8,5)(87) / ... / decryption(01)
0 / L / D / 00:00:07:000:0 / decryption(8,6)(88) / ... / decryption(01)
0 / L / D / 00:00:07:000:0 / decryption(8,7)(89) / ... / decryption(01)
0 / L / D / 00:00:07:000:0 / decryption(8,8)(90) / ... / decryption(01)
0 / L / D / 00:00:07:000:0 / decryption(8,9)(91) / ... / decryption(01)
0 / L / D / 00:00:07:000:0 / decryption(9,0)(92) / 00:00:01:000:0 / decryption(01)
0 / L / D / 00:00:07:000:0 / decryption(9,1)(93) / 00:00:01:000:0 / decryption(01)
0 / L / D / 00:00:07:000:0 / decryption(9,2)(94) / 00:00:01:000:0 / decryption(01)
0 / L / D / 00:00:07:000:0 / decryption(9,3)(95) / 00:00:01:000:0 / decryption(01)
0 / L / D / 00:00:07:000:0 / decryption(9,4)(96) / 00:00:01:000:0 / decryption(01)
0 / L / D / 00:00:07:000:0 / decryption(9,5)(97) / 00:00:01:000:0 / decryption(01)
0 / L / D / 00:00:07:000:0 / decryption(9,6)(98) / 00:00:01:000:0 / decryption(01)
0 / L / D / 00:00:07:000:0 / decryption(9,7)(99) / 00:00:01:000:0 / decryption(01)
0 / L / D / 00:00:07:000:0 / decryption(9,8)(100) / 00:00:01:000:0 / decryption(01)
0 / L / D / 00:00:07:000:0 / decryption(9,9)(101) / 00:00:01:000:0 / decryption(01)
0 / L / @ / 00:00:08:000:0 / top(102) / decryption(01)
0 / L / Y / 00:00:08:000:0 / decryption(9,0)(92) / out /      0.00000 / decryption(01)
0 / L / D / 00:00:08:000:0 / decryption(9,0)(92) / 00:00:00:000:0 / decryption(01)
0 / L / Y / 00:00:08:000:0 / decryption(9,1)(93) / out /      0.00000 / decryption(01)
0 / L / D / 00:00:08:000:0 / decryption(9,1)(93) / 00:00:00:000:0 / decryption(01)
0 / L / Y / 00:00:08:000:0 / decryption(9,2)(94) / out /      1.00000 / decryption(01)
0 / L / D / 00:00:08:000:0 / decryption(9,2)(94) / 00:00:00:000:0 / decryption(01)
0 / L / Y / 00:00:08:000:0 / decryption(9,3)(95) / out /      1.00000 / decryption(01)
0 / L / D / 00:00:08:000:0 / decryption(9,3)(95) / 00:00:00:000:0 / decryption(01)
0 / L / Y / 00:00:08:000:0 / decryption(9,4)(96) / out /      0.00000 / decryption(01)
0 / L / D / 00:00:08:000:0 / decryption(9,4)(96) / 00:00:00:000:0 / decryption(01)
0 / L / Y / 00:00:08:000:0 / decryption(9,5)(97) / out /      0.00000 / decryption(01)
0 / L / D / 00:00:08:000:0 / decryption(9,5)(97) / 00:00:00:000:0 / decryption(01)
0 / L / Y / 00:00:08:000:0 / decryption(9,6)(98) / out /      1.00000 / decryption(01)
0 / L / D / 00:00:08:000:0 / decryption(9,6)(98) / 00:00:00:000:0 / decryption(01)
0 / L / Y / 00:00:08:000:0 / decryption(9,7)(99) / out /      1.00000 / decryption(01)
0 / L / D / 00:00:08:000:0 / decryption(9,7)(99) / 00:00:00:000:0 / decryption(01)
0 / L / Y / 00:00:08:000:0 / decryption(9,8)(100) / out /      1.00000 / decryption(01)
0 / L / D / 00:00:08:000:0 / decryption(9,8)(100) / 00:00:00:000:0 / decryption(01)
0 / L / Y / 00:00:08:000:0 / decryption(9,9)(101) / out /      1.00000 / decryption(01)
0 / L / D / 00:00:08:000:0 / decryption(9,9)(101) / 00:00:00:000:0 / decryption(01)
0 / L / * / 00:00:08:000:0 / top(102) / decryption(01)
0 / L / D / 00:00:08:000:0 / decryption(0,0)(02) / ... / decryption(01)
0 / L / D / 00:00:08:000:0 / decryption(0,1)(03) / ... / decryption(01)
0 / L / D / 00:00:08:000:0 / decryption(0,2)(04) / ... / decryption(01)
0 / L / D / 00:00:08:000:0 / decryption(0,3)(05) / ... / decryption(01)
0 / L / D / 00:00:08:000:0 / decryption(0,4)(06) / ... / decryption(01)
0 / L / D / 00:00:08:000:0 / decryption(0,5)(07) / ... / decryption(01)
0 / L / D / 00:00:08:000:0 / decryption(0,6)(08) / ... / decryption(01)
0 / L / D / 00:00:08:000:0 / decryption(0,7)(09) / ... / decryption(01)
0 / L / D / 00:00:08:000:0 / decryption(0,8)(10) / ... / decryption(01)
0 / L / D / 00:00:08:000:0 / decryption(0,9)(11) / ... / decryption(01)
0 / L / D / 00:00:08:000:0 / decryption(1,0)(12) / ... / decryption(01)
0 / L / D / 00:00:08:000:0 / decryption(1,1)(13) / ... / decryption(01)
0 / L / D / 00:00:08:000:0 / decryption(1,2)(14) / ... / decryption(01)
0 / L / D / 00:00:08:000:0 / decryption(1,3)(15) / ... / decryption(01)
0 / L / D / 00:00:08:000:0 / decryption(1,4)(16) / ... / decryption(01)
0 / L / D / 00:00:08:000:0 / decryption(1,5)(17) / ... / decryption(01)
0 / L / D / 00:00:08:000:0 / decryption(1,6)(18) / ... / decryption(01)
0 / L / D / 00:00:08:000:0 / decryption(1,7)(19) / ... / decryption(01)
0 / L / D / 00:00:08:000:0 / decryption(1,8)(20) / ... / decryption(01)
0 / L / D / 00:00:08:000:0 / decryption(1,9)(21) / ... / decryption(01)
0 / L / D / 00:00:08:000:0 / decryption(9,0)(92) / ... / decryption(01)
0 / L / D / 00:00:08:000:0 / decryption(9,1)(93) / ... / decryption(01)
0 / L / D / 00:00:08:000:0 / decryption(9,2)(94) / ... / decryption(01)
0 / L / D / 00:00:08:000:0 / decryption(9,3)(95) / ... / decryption(01)
0 / L / D / 00:00:08:000:0 / decryption(9,4)(96) / ... / decryption(01)
0 / L / D / 00:00:08:000:0 / decryption(9,5)(97) / ... / decryption(01)
0 / L / D / 00:00:08:000:0 / decryption(9,6)(98) / ... / decryption(01)
0 / L / D / 00:00:08:000:0 / decryption(9,7)(99) / ... / decryption(01)
0 / L / D / 00:00:08:000:0 / decryption(9,8)(100) / ... / decryption(01)
0 / L / D / 00:00:08:000:0 / decryption(9,9)(101) / ... / decryption(01)
