PCD++: A Tool to Implement n-Dimensional Cell-DEVS models
Version 3.0 - March 2003
Troccoli A., Rodriguez D., Wainer G., Barylko A., Beyoglonian J., Lopez A.
-----------------------------------------------------------------------------
PCD++ Extended States: An extended and improved version of CD++ for Cell-DEVS
Version 4.1.2 - December 2018
Santi L., Castro, R., Pimás, J.
-----------------------------------------------------------------------------
Discrete Event Simulation Lab
Departamento de Computación
Facultad de Ciencias Exactas y Naturales
Universidad de Buenos Aires, Argentina
-----------------------------------------------------------------------------
Compiled for standalone simulation


Loading models from model.ma
Loading events from 
Running parallel simulation. Reading models partition from 
Model partition details output to: /dev/null*
Message log: messages.log
Output to: /dev/null
Tolerance set to: 1e-08
Configuration to show real numbers: Width = 12 - Precision = 5
Quantum: Not used
Evaluate Debug Mode = OFF
Flat Cell Debug Mode = OFF
Debug Cell Rules Mode = OFF
Temporary File created by Preprocessor = /tmp/fileEYGYPA
Printing parser information = OFF

Stop at time: 00:10:00:000:0
LP 0: initializing simulation objects
LP 0: starting simulation (NoTime).
Warning! - None of the rules evaluate to True in the Stochastic Model.
Warning! - None of the rules evaluate to True in the Stochastic Model.
Warning! - None of the rules evaluate to True in the Stochastic Model.
Warning! - None of the rules evaluate to True in the Stochastic Model.
Warning! - None of the rules evaluate to True in the Stochastic Model.
Warning! - None of the rules evaluate to True in the Stochastic Model.
Warning! - None of the rules evaluate to True in the Stochastic Model.
Warning! - None of the rules evaluate to True in the Stochastic Model.
Warning! - None of the rules evaluate to True in the Stochastic Model.
Warning! - None of the rules evaluate to True in the Stochastic Model.
Warning! - None of the rules evaluate to True in the Stochastic Model.
Warning! - None of the rules evaluate to True in the Stochastic Model.
Warning! - None of the rules evaluate to True in the Stochastic Model.
Warning! - None of the rules evaluate to True in the Stochastic Model.
Warning! - None of the rules evaluate to True in the Stochastic Model.
Warning! - None of the rules evaluate to True in the Stochastic Model.
Warning! - None of the rules evaluate to True in the Stochastic Model.
Warning! - None of the rules evaluate to True in the Stochastic Model.
Warning! - None of the rules evaluate to True in the Stochastic Model.
Warning! - None of the rules evaluate to True in the Stochastic Model.
Warning! - None of the rules evaluate to True in the Stochastic Model.
Warning! - None of the rules evaluate to True in the Stochastic Model.
Warning! - None of the rules evaluate to True in the Stochastic Model.
Warning! - None of the rules evaluate to True in the Stochastic Model.
Warning! - None of the rules evaluate to True in the Stochastic Model.
Warning! - None of the rules evaluate to True in the Stochastic Model.
At 00:01:40:000:0Warning! - None of the rules evaluate to True in the Stochastic Model.
Warning! - None of the rules evaluate to True in the Stochastic Model.
Warning! - None of the rules evaluate to True in the Stochastic Model.
Warning! - None of the rules evaluate to True in the Stochastic Model.
At 00:03:20:000:0At 00:06:40:000:0At 00:08:20:000:0Warning! - None of the rules evaluate to True in the Stochastic Model.
Warning! - None of the rules evaluate to True in the Stochastic Model.
Warning! - None of the rules evaluate to True in the Stochastic Model.
Warning! - None of the rules evaluate to True in the Stochastic Model.
Warning! - None of the rules evaluate to True in the Stochastic Model.
Warning! - None of the rules evaluate to True in the Stochastic Model.
Warning! - None of the rules evaluate to True in the Stochastic Model.
Warning! - None of the rules evaluate to True in the Stochastic Model.
Warning! - None of the rules evaluate to True in the Stochastic Model.
Warning! - None of the rules evaluate to True in the Stochastic Model.
Warning! - None of the rules evaluate to True in the Stochastic Model.
Warning! - None of the rules evaluate to True in the Stochastic Model.
Warning! - None of the rules evaluate to True in the Stochastic Model.
Warning! - None of the rules evaluate to True in the Stochastic Model.
Warning! - None of the rules evaluate to True in the Stochastic Model.
Warning! - None of the rules evaluate to True in the Stochastic Model.
Warning! - None of the rules evaluate to True in the Stochastic Model.
Warning! - None of the rules evaluate to True in the Stochastic Model.
Warning! - None of the rules evaluate to True in the Stochastic Model.
Warning! - None of the rules evaluate to True in the Stochastic Model.
Warning! - None of the rules evaluate to True in the Stochastic Model.
Warning! - None of the rules evaluate to True in the Stochastic Model.
Warning! - None of the rules evaluate to True in the Stochastic Model.
Warning! - None of the rules evaluate to True in the Stochastic Model.
Warning! - None of the rules evaluate to True in the Stochastic Model.
Warning! - None of the rules evaluate to True in the Stochastic Model.
Warning! - None of the rules evaluate to True in the Stochastic Model.
Warning! - None of the rules evaluate to True in the Stochastic Model.
Warning! - None of the rules evaluate to True in the Stochastic Model.
Warning! - None of the rules evaluate to True in the Stochastic Model.
Warning! - None of the rules evaluate to True in the Stochastic Model.
Warning! - None of the rules evaluate to True in the Stochastic Model.
Warning! - None of the rules evaluate to True in the Stochastic Model.
Warning! - None of the rules evaluate to True in the Stochastic Model.
Warning! - None of the rules evaluate to True in the Stochastic Model.
Warning! - None of the rules evaluate to True in the Stochastic Model.
Warning! - None of the rules evaluate to True in the Stochastic Model.
Warning! - None of the rules evaluate to True in the Stochastic Model.
Warning! - None of the rules evaluate to True in the Stochastic Model.
Warning! - None of the rules evaluate to True in the Stochastic Model.
Warning! - None of the rules evaluate to True in the Stochastic Model.
Warning! - None of the rules evaluate to True in the Stochastic Model.
Warning! - None of the rules evaluate to True in the Stochastic Model.
Warning! - None of the rules evaluate to True in the Stochastic Model.
Warning! - None of the rules evaluate to True in the Stochastic Model.
Warning! - None of the rules evaluate to True in the Stochastic Model.
Warning! - None of the rules evaluate to True in the Stochastic Model.
Warning! - None of the rules evaluate to True in the Stochastic Model.
Warning! - None of the rules evaluate to True in the Stochastic Model.
Warning! - None of the rules evaluate to True in the Stochastic Model.
Warning! - None of the rules evaluate to True in the Stochastic Model.
Warning! - None of the rules evaluate to True in the Stochastic Model.
Warning! - None of the rules evaluate to True in the Stochastic Model.
Warning! - None of the rules evaluate to True in the Stochastic Model.
Warning! - None of the rules evaluate to True in the Stochastic Model.
Warning! - None of the rules evaluate to True in the Stochastic Model.
Warning! - None of the rules evaluate to True in the Stochastic Model.
Warning! - None of the rules evaluate to True in the Stochastic Model.
Warning! - None of the rules evaluate to True in the Stochastic Model.
Simulation complete!
Simulation ended!
LP 0 has finished simulation 
